#
# A fatal error has been detected by the Java Runtime Environment:
#
#  EXCEPTION_ACCESS_VIOLATION (0xc0000005) at pc=0x00007ffcd8af0c2c, pid=16200, tid=0x0000000000001004
#
# JRE version: OpenJDK Runtime Environment (8.0_382-b05) (build 1.8.0_382-b05)
# Java VM: OpenJDK 64-Bit Server VM (25.382-b05 mixed mode windows-amd64 compressed oops)
# Problematic frame:
# C  [ig12icd64.dll+0x280c2c]
#
# Failed to write core dump. Minidumps are not enabled by default on client versions of Windows
#
# If you would like to submit a bug report, please visit:
#   https://github.com/adoptium/adoptium-support/issues
# The crash happened outside the Java Virtual Machine in native code.
# See problematic frame for where to report the bug.
#

---------------  T H R E A D  ---------------

Current thread (0x000002aa14188800):  JavaThread "LWJGL Application" [_thread_in_native, id=4100, stack(0x000000c159900000,0x000000c159a00000)]

siginfo: ExceptionCode=0xc0000005, reading address 0x0000000000000000

Registers:
RAX=0x0000000000000000, RBX=0x000002aa14276fe0, RCX=0x0000000000000000, RDX=0x000002aa15ee0660
RSP=0x000000c1599b2bf0, RBP=0x000002aa208e4610, RSI=0x000002aa15ee0660, RDI=0x000002aa17347870
R8 =0x000002aa17347870, R9 =0x000000c1599b2bb0, R10=0x0000000000000000, R11=0x0000000000000246
R12=0x000002aa15a971d0, R13=0x000002aa17347870, R14=0x0000000000000000, R15=0x0000000000000001
RIP=0x00007ffcd8af0c2c, EFLAGS=0x0000000000010202

Top of Stack: (sp=0x000000c1599b2bf0)
0x000000c1599b2bf0:   000002aa14064401 0000000000000000
0x000000c1599b2c00:   000002aa17347870 000002aa15a971d0
0x000000c1599b2c10:   000002aa208e46e0 00007ffcd8af0675
0x000000c1599b2c20:   000002aa14276fe0 000002aa140644b0
0x000000c1599b2c30:   000002aa15ee0660 000002aa15ee0660
0x000000c1599b2c40:   0000000000000001 0000000000000000
0x000000c1599b2c50:   0000000000000101 000002aa14276fe0
0x000000c1599b2c60:   0000000000000000 0000000000000000
0x000000c1599b2c70:   000002aa14276fe0 0000000000000000
0x000000c1599b2c80:   0000000000000000 0000000000000000
0x000000c1599b2c90:   0000000000000000 0000000000000000
0x000000c1599b2ca0:   000002aa15a971d0 000002aa15a971c8
0x000000c1599b2cb0:   000002aa15a97b50 000000c1599b2d70
0x000000c1599b2cc0:   0000000000000000 0000000000000000
0x000000c1599b2cd0:   0000000000000008 00007ffcd88ce94e
0x000000c1599b2ce0:   000002aa140644b0 000002aa15a971d0 

Instructions: (pc=0x00007ffcd8af0c2c)
0x00007ffcd8af0c0c:   90 48 8b 86 80 02 00 00 48 89 87 18 05 00 00 48
0x00007ffcd8af0c1c:   89 be 80 02 00 00 ff 86 88 02 00 00 48 8b 4f 08
0x00007ffcd8af0c2c:   48 8b 01 ba 01 00 00 00 48 8b 80 d8 02 00 00 ff
0x00007ffcd8af0c3c:   15 b7 69 88 00 48 01 86 a0 02 00 00 48 8b 4f 08 


Register to memory mapping:

RAX=0x0000000000000000 is an unknown value
RBX=0x000002aa14276fe0 is an unknown value
RCX=0x0000000000000000 is an unknown value
RDX=0x000002aa15ee0660 is an unknown value
RSP=0x000000c1599b2bf0 is pointing into the stack for thread: 0x000002aa14188800
RBP=0x000002aa208e4610 is an unknown value
RSI=0x000002aa15ee0660 is an unknown value
RDI=0x000002aa17347870 is an unknown value
R8 =0x000002aa17347870 is an unknown value
R9 =0x000000c1599b2bb0 is pointing into the stack for thread: 0x000002aa14188800
R10=0x0000000000000000 is an unknown value
R11=0x0000000000000246 is an unknown value
R12=0x000002aa15a971d0 is an unknown value
R13=0x000002aa17347870 is an unknown value
R14=0x0000000000000000 is an unknown value
R15=0x0000000000000001 is an unknown value


Stack: [0x000000c159900000,0x000000c159a00000],  sp=0x000000c1599b2bf0,  free space=714k
Native frames: (J=compiled Java code, j=interpreted, Vv=VM code, C=native code)
C  [ig12icd64.dll+0x280c2c]
C  [ig12icd64.dll+0x280675]
C  [ig12icd64.dll+0x5e94e]
C  [ig12icd64.dll+0x5e8a7]
C  [ig12icd64.dll+0x285169]
C  [ig12icd64.dll+0xccc27]
C  [ig12icd64.dll+0xc80f6]
C  [ig12icd64.dll+0x220f6]
C  [ig12icd64.dll+0x21b61]
C  [ig12icd64.dll+0xc63a2]
C  [ig12icd64.dll+0x2a2e2f]
C  [ig12icd64.dll+0x2aa784]
C  [ig12icd64.dll+0x29c90f]
C  [ig12icd64.dll+0x29e8ee]
C  [OPENGL32.dll+0x293aa]
C  0x000002aa00d90d33

Java frames: (J=compiled Java code, j=interpreted, Vv=VM code)
J 4221  org.lwjgl.opengl.GL11.nglDrawElements(IIIJJ)V (0 bytes) @ 0x000002aa00d90c96 [0x000002aa00d90c40+0x56]
J 4547 C2 com.badlogic.gdx.graphics.g2d.SpriteBatch.flush()V (193 bytes) @ 0x000002aa00edd1d4 [0x000002aa00edcc80+0x554]
J 4602 C2 com.badlogic.gdx.graphics.g2d.SpriteBatch.switchTexture(Lcom/badlogic/gdx/graphics/Texture;)V (32 bytes) @ 0x000002aa0015c8b8 [0x000002aa0015c880+0x38]
J 3996 C2 org.uqbar.project.wollok.game.gameboard.Window.draw(Lorg/uqbar/project/wollok/game/Image;Lorg/uqbar/project/wollok/game/Position;)V (30 bytes) @ 0x000002aa00cea3d0 [0x000002aa00ce9bc0+0x810]
J 4986 C2 org.uqbar.project.wollok.game.gameboard.GameboardRendering.render()V (26 bytes) @ 0x000002aa00401b5c [0x000002aa00400fa0+0xbbc]
j  com.badlogic.gdx.backends.lwjgl.LwjglApplication.mainLoop()V+698
j  com.badlogic.gdx.backends.lwjgl.LwjglApplication$1.run()V+27
v  ~StubRoutines::call_stub

---------------  P R O C E S S  ---------------

Java Threads: ( => current thread )
  0x000002aa15df9000 JavaThread "LWJGL Timer" daemon [_thread_blocked, id=12312, stack(0x000000c159f00000,0x000000c15a000000)]
=>0x000002aa14188800 JavaThread "LWJGL Application" [_thread_in_native, id=4100, stack(0x000000c159900000,0x000000c159a00000)]
  0x000002aa13f11800 JavaThread "com.google.inject.internal.util.$Finalizer" daemon [_thread_blocked, id=17920, stack(0x000000c159600000,0x000000c159700000)]
  0x000002aa13cf7000 JavaThread "EMF Reference Cleaner" daemon [_thread_blocked, id=18448, stack(0x000000c159500000,0x000000c159600000)]
  0x000002aa13108800 JavaThread "Service Thread" daemon [_thread_blocked, id=16560, stack(0x000000c159300000,0x000000c159400000)]
  0x000002aa7e510000 JavaThread "C1 CompilerThread3" daemon [_thread_blocked, id=10088, stack(0x000000c159200000,0x000000c159300000)]
  0x000002aa7e506000 JavaThread "C2 CompilerThread2" daemon [_thread_blocked, id=13268, stack(0x000000c159100000,0x000000c159200000)]
  0x000002aa7e504800 JavaThread "C2 CompilerThread1" daemon [_thread_blocked, id=23356, stack(0x000000c159000000,0x000000c159100000)]
  0x000002aa7e502800 JavaThread "C2 CompilerThread0" daemon [_thread_blocked, id=13704, stack(0x000000c158f00000,0x000000c159000000)]
  0x000002aa7e4f1000 JavaThread "Attach Listener" daemon [_thread_blocked, id=18292, stack(0x000000c158e00000,0x000000c158f00000)]
  0x000002aa7e4f0000 JavaThread "Signal Dispatcher" daemon [_thread_blocked, id=20476, stack(0x000000c158d00000,0x000000c158e00000)]
  0x000002aa7e4cc000 JavaThread "Finalizer" daemon [_thread_blocked, id=18208, stack(0x000000c158c00000,0x000000c158d00000)]
  0x000002aa7e4c3800 JavaThread "Reference Handler" daemon [_thread_blocked, id=22468, stack(0x000000c158b00000,0x000000c158c00000)]
  0x000002aa7b392000 JavaThread "main" [_thread_blocked, id=20816, stack(0x000000c158100000,0x000000c158200000)]

Other Threads:
  0x000002aa7e49a000 VMThread [stack: 0x000000c158a00000,0x000000c158b00000] [id=7368]
  0x000002aa1310d000 WatcherThread [stack: 0x000000c159400000,0x000000c159500000] [id=9544]

VM state:not at safepoint (normal execution)

VM Mutex/Monitor currently owned by a thread: None

heap address: 0x0000000084c00000, size: 1972 MB, Compressed Oops mode: 32-bit
Narrow klass base: 0x0000000000000000, Narrow klass shift: 3
Compressed class space size: 1073741824 Address: 0x0000000100000000

Heap:
 PSYoungGen      total 28160K, used 8358K [0x00000000d6f00000, 0x00000000eca80000, 0x0000000100000000)
  eden space 27648K, 30% used [0x00000000d6f00000,0x00000000d7719b10,0x00000000d8a00000)
  from space 512K, 12% used [0x00000000eca00000,0x00000000eca10000,0x00000000eca80000)
  to   space 512K, 0% used [0x00000000ec980000,0x00000000ec980000,0x00000000eca00000)
 ParOldGen       total 81408K, used 28878K [0x0000000084c00000, 0x0000000089b80000, 0x00000000d6f00000)
  object space 81408K, 35% used [0x0000000084c00000,0x0000000086833b40,0x0000000089b80000)
 Metaspace       used 24947K, capacity 25329K, committed 25600K, reserved 1071104K
  class space    used 2935K, capacity 3041K, committed 3072K, reserved 1048576K

Card table byte_map: [0x000002aa7d110000,0x000002aa7d4f0000] byte_map_base: 0x000002aa7ccea000

Marking Bits: (ParMarkBitMap*) 0x0000000050d2f810
 Begin Bits: [0x000002aa0f000000, 0x000002aa10ed0000)
 End Bits:   [0x000002aa10ed0000, 0x000002aa12da0000)

Polling page: 0x000002aa7b310000

CodeCache: size=245760Kb used=13296Kb max_used=15476Kb free=232463Kb
 bounds [0x000002aa00000000, 0x000002aa01020000, 0x000002aa0f000000]
 total_blobs=4470 nmethods=3871 adapters=510
 compilation: enabled

Compilation events (10 events):
Event: 439.498 Thread 0x000002aa7e510000 5013       3       org.eclipse.emf.common.util.CommonUtil$StringPool$StringAccessUnit::matches (23 bytes)
Event: 439.499 Thread 0x000002aa7e510000 nmethod 5013 0x000002aa00866b10 code [0x000002aa00866c80, 0x000002aa00866f10]
Event: 576.315 Thread 0x000002aa7e510000 5014 %     3       java.lang.ref.Reference$ReferenceHandler::run @ 0 (8 bytes)
Event: 576.321 Thread 0x000002aa7e510000 nmethod 5014% 0x000002aa009364d0 code [0x000002aa00936640, 0x000002aa00936850]
Event: 584.383 Thread 0x000002aa7e510000 5015       3       java.lang.ref.Reference$ReferenceHandler::run (8 bytes)
Event: 584.384 Thread 0x000002aa7e510000 nmethod 5015 0x000002aa00996150 code [0x000002aa009962c0, 0x000002aa009964b0]
Event: 652.910 Thread 0x000002aa7e510000 5016 % !   3       org.eclipse.emf.common.util.CommonUtil$1ReferenceClearingQueuePollingThread::run @ 0 (24 bytes)
Event: 652.940 Thread 0x000002aa7e510000 nmethod 5016% 0x000002aa001f2410 code [0x000002aa001f25c0, 0x000002aa001f2b10]
Event: 660.843 Thread 0x000002aa7e510000 5017   !   3       org.eclipse.emf.common.util.CommonUtil$1ReferenceClearingQueuePollingThread::run (24 bytes)
Event: 660.854 Thread 0x000002aa7e510000 nmethod 5017 0x000002aa0096db50 code [0x000002aa0096dce0, 0x000002aa0096e1f0]

GC Heap History (10 events):
Event: 717.751 GC heap before
{Heap before GC invocations=3717 (full 1):
 PSYoungGen      total 28160K, used 27712K [0x00000000d6f00000, 0x00000000eca80000, 0x0000000100000000)
  eden space 27648K, 100% used [0x00000000d6f00000,0x00000000d8a00000,0x00000000d8a00000)
  from space 512K, 12% used [0x00000000ec980000,0x00000000ec990000,0x00000000eca00000)
  to   space 512K, 0% used [0x00000000eca00000,0x00000000eca00000,0x00000000eca80000)
 ParOldGen       total 81408K, used 28878K [0x0000000084c00000, 0x0000000089b80000, 0x00000000d6f00000)
  object space 81408K, 35% used [0x0000000084c00000,0x0000000086833b40,0x0000000089b80000)
 Metaspace       used 24947K, capacity 25329K, committed 25600K, reserved 1071104K
  class space    used 2935K, capacity 3041K, committed 3072K, reserved 1048576K
Event: 717.752 GC heap after
Heap after GC invocations=3717 (full 1):
 PSYoungGen      total 28160K, used 64K [0x00000000d6f00000, 0x00000000eca80000, 0x0000000100000000)
  eden space 27648K, 0% used [0x00000000d6f00000,0x00000000d6f00000,0x00000000d8a00000)
  from space 512K, 12% used [0x00000000eca00000,0x00000000eca10000,0x00000000eca80000)
  to   space 512K, 0% used [0x00000000ec980000,0x00000000ec980000,0x00000000eca00000)
 ParOldGen       total 81408K, used 28878K [0x0000000084c00000, 0x0000000089b80000, 0x00000000d6f00000)
  object space 81408K, 35% used [0x0000000084c00000,0x0000000086833b40,0x0000000089b80000)
 Metaspace       used 24947K, capacity 25329K, committed 25600K, reserved 1071104K
  class space    used 2935K, capacity 3041K, committed 3072K, reserved 1048576K
}
Event: 717.896 GC heap before
{Heap before GC invocations=3718 (full 1):
 PSYoungGen      total 28160K, used 27712K [0x00000000d6f00000, 0x00000000eca80000, 0x0000000100000000)
  eden space 27648K, 100% used [0x00000000d6f00000,0x00000000d8a00000,0x00000000d8a00000)
  from space 512K, 12% used [0x00000000eca00000,0x00000000eca10000,0x00000000eca80000)
  to   space 512K, 0% used [0x00000000ec980000,0x00000000ec980000,0x00000000eca00000)
 ParOldGen       total 81408K, used 28878K [0x0000000084c00000, 0x0000000089b80000, 0x00000000d6f00000)
  object space 81408K, 35% used [0x0000000084c00000,0x0000000086833b40,0x0000000089b80000)
 Metaspace       used 24947K, capacity 25329K, committed 25600K, reserved 1071104K
  class space    used 2935K, capacity 3041K, committed 3072K, reserved 1048576K
Event: 717.898 GC heap after
Heap after GC invocations=3718 (full 1):
 PSYoungGen      total 28160K, used 32K [0x00000000d6f00000, 0x00000000eca80000, 0x0000000100000000)
  eden space 27648K, 0% used [0x00000000d6f00000,0x00000000d6f00000,0x00000000d8a00000)
  from space 512K, 6% used [0x00000000ec980000,0x00000000ec988000,0x00000000eca00000)
  to   space 512K, 0% used [0x00000000eca00000,0x00000000eca00000,0x00000000eca80000)
 ParOldGen       total 81408K, used 28878K [0x0000000084c00000, 0x0000000089b80000, 0x00000000d6f00000)
  object space 81408K, 35% used [0x0000000084c00000,0x0000000086833b40,0x0000000089b80000)
 Metaspace       used 24947K, capacity 25329K, committed 25600K, reserved 1071104K
  class space    used 2935K, capacity 3041K, committed 3072K, reserved 1048576K
}
Event: 718.069 GC heap before
{Heap before GC invocations=3719 (full 1):
 PSYoungGen      total 28160K, used 27680K [0x00000000d6f00000, 0x00000000eca80000, 0x0000000100000000)
  eden space 27648K, 100% used [0x00000000d6f00000,0x00000000d8a00000,0x00000000d8a00000)
  from space 512K, 6% used [0x00000000ec980000,0x00000000ec988000,0x00000000eca00000)
  to   space 512K, 0% used [0x00000000eca00000,0x00000000eca00000,0x00000000eca80000)
 ParOldGen       total 81408K, used 28878K [0x0000000084c00000, 0x0000000089b80000, 0x00000000d6f00000)
  object space 81408K, 35% used [0x0000000084c00000,0x0000000086833b40,0x0000000089b80000)
 Metaspace       used 24947K, capacity 25329K, committed 25600K, reserved 1071104K
  class space    used 2935K, capacity 3041K, committed 3072K, reserved 1048576K
Event: 718.070 GC heap after
Heap after GC invocations=3719 (full 1):
 PSYoungGen      total 28160K, used 64K [0x00000000d6f00000, 0x00000000eca80000, 0x0000000100000000)
  eden space 27648K, 0% used [0x00000000d6f00000,0x00000000d6f00000,0x00000000d8a00000)
  from space 512K, 12% used [0x00000000eca00000,0x00000000eca10000,0x00000000eca80000)
  to   space 512K, 0% used [0x00000000ec980000,0x00000000ec980000,0x00000000eca00000)
 ParOldGen       total 81408K, used 28878K [0x0000000084c00000, 0x0000000089b80000, 0x00000000d6f00000)
  object space 81408K, 35% used [0x0000000084c00000,0x0000000086833b40,0x0000000089b80000)
 Metaspace       used 24947K, capacity 25329K, committed 25600K, reserved 1071104K
  class space    used 2935K, capacity 3041K, committed 3072K, reserved 1048576K
}
Event: 718.235 GC heap before
{Heap before GC invocations=3720 (full 1):
 PSYoungGen      total 28160K, used 27712K [0x00000000d6f00000, 0x00000000eca80000, 0x0000000100000000)
  eden space 27648K, 100% used [0x00000000d6f00000,0x00000000d8a00000,0x00000000d8a00000)
  from space 512K, 12% used [0x00000000eca00000,0x00000000eca10000,0x00000000eca80000)
  to   space 512K, 0% used [0x00000000ec980000,0x00000000ec980000,0x00000000eca00000)
 ParOldGen       total 81408K, used 28878K [0x0000000084c00000, 0x0000000089b80000, 0x00000000d6f00000)
  object space 81408K, 35% used [0x0000000084c00000,0x0000000086833b40,0x0000000089b80000)
 Metaspace       used 24947K, capacity 25329K, committed 25600K, reserved 1071104K
  class space    used 2935K, capacity 3041K, committed 3072K, reserved 1048576K
Event: 718.237 GC heap after
Heap after GC invocations=3720 (full 1):
 PSYoungGen      total 28160K, used 32K [0x00000000d6f00000, 0x00000000eca80000, 0x0000000100000000)
  eden space 27648K, 0% used [0x00000000d6f00000,0x00000000d6f00000,0x00000000d8a00000)
  from space 512K, 6% used [0x00000000ec980000,0x00000000ec988000,0x00000000eca00000)
  to   space 512K, 0% used [0x00000000eca00000,0x00000000eca00000,0x00000000eca80000)
 ParOldGen       total 81408K, used 28878K [0x0000000084c00000, 0x0000000089b80000, 0x00000000d6f00000)
  object space 81408K, 35% used [0x0000000084c00000,0x0000000086833b40,0x0000000089b80000)
 Metaspace       used 24947K, capacity 25329K, committed 25600K, reserved 1071104K
  class space    used 2935K, capacity 3041K, committed 3072K, reserved 1048576K
}
Event: 718.386 GC heap before
{Heap before GC invocations=3721 (full 1):
 PSYoungGen      total 28160K, used 27680K [0x00000000d6f00000, 0x00000000eca80000, 0x0000000100000000)
  eden space 27648K, 100% used [0x00000000d6f00000,0x00000000d8a00000,0x00000000d8a00000)
  from space 512K, 6% used [0x00000000ec980000,0x00000000ec988000,0x00000000eca00000)
  to   space 512K, 0% used [0x00000000eca00000,0x00000000eca00000,0x00000000eca80000)
 ParOldGen       total 81408K, used 28878K [0x0000000084c00000, 0x0000000089b80000, 0x00000000d6f00000)
  object space 81408K, 35% used [0x0000000084c00000,0x0000000086833b40,0x0000000089b80000)
 Metaspace       used 24947K, capacity 25329K, committed 25600K, reserved 1071104K
  class space    used 2935K, capacity 3041K, committed 3072K, reserved 1048576K
Event: 718.387 GC heap after
Heap after GC invocations=3721 (full 1):
 PSYoungGen      total 28160K, used 64K [0x00000000d6f00000, 0x00000000eca80000, 0x0000000100000000)
  eden space 27648K, 0% used [0x00000000d6f00000,0x00000000d6f00000,0x00000000d8a00000)
  from space 512K, 12% used [0x00000000eca00000,0x00000000eca10000,0x00000000eca80000)
  to   space 512K, 0% used [0x00000000ec980000,0x00000000ec980000,0x00000000eca00000)
 ParOldGen       total 81408K, used 28878K [0x0000000084c00000, 0x0000000089b80000, 0x00000000d6f00000)
  object space 81408K, 35% used [0x0000000084c00000,0x0000000086833b40,0x0000000089b80000)
 Metaspace       used 24947K, capacity 25329K, committed 25600K, reserved 1071104K
  class space    used 2935K, capacity 3041K, committed 3072K, reserved 1048576K
}

Deoptimization events (10 events):
Event: 20.317 Thread 0x000002aa14188800 Uncommon trap: reason=class_check action=maybe_recompile pc=0x000002aa0062e2b4 method=org.uqbar.project.wollok.interpreter.threads.WThread.performOnStack(Lorg/eclipse/emf/ecore/EObject;Lorg/uqbar/project/wollok/interpreter/context/EvaluationContext;Lorg/e
Event: 20.317 Thread 0x000002aa14188800 Uncommon trap: reason=class_check action=maybe_recompile pc=0x000002aa0062e2b4 method=org.uqbar.project.wollok.interpreter.threads.WThread.performOnStack(Lorg/eclipse/emf/ecore/EObject;Lorg/uqbar/project/wollok/interpreter/context/EvaluationContext;Lorg/e
Event: 20.317 Thread 0x000002aa14188800 Uncommon trap: reason=class_check action=maybe_recompile pc=0x000002aa0062e2b4 method=org.uqbar.project.wollok.interpreter.threads.WThread.performOnStack(Lorg/eclipse/emf/ecore/EObject;Lorg/uqbar/project/wollok/interpreter/context/EvaluationContext;Lorg/e
Event: 20.317 Thread 0x000002aa14188800 Uncommon trap: reason=class_check action=maybe_recompile pc=0x000002aa0062e2b4 method=org.uqbar.project.wollok.interpreter.threads.WThread.performOnStack(Lorg/eclipse/emf/ecore/EObject;Lorg/uqbar/project/wollok/interpreter/context/EvaluationContext;Lorg/e
Event: 20.317 Thread 0x000002aa14188800 Uncommon trap: reason=class_check action=maybe_recompile pc=0x000002aa0062e2b4 method=org.uqbar.project.wollok.interpreter.threads.WThread.performOnStack(Lorg/eclipse/emf/ecore/EObject;Lorg/uqbar/project/wollok/interpreter/context/EvaluationContext;Lorg/e
Event: 20.317 Thread 0x000002aa14188800 Uncommon trap: reason=class_check action=maybe_recompile pc=0x000002aa0062e2b4 method=org.uqbar.project.wollok.interpreter.threads.WThread.performOnStack(Lorg/eclipse/emf/ecore/EObject;Lorg/uqbar/project/wollok/interpreter/context/EvaluationContext;Lorg/e
Event: 20.317 Thread 0x000002aa14188800 Uncommon trap: reason=class_check action=maybe_recompile pc=0x000002aa005bfde8 method=org.uqbar.project.wollok.interpreter.nativeobj.WollokJavaConversions.convertJavaToWollok(Ljava/lang/Object;)Lorg/uqbar/project/wollok/interpreter/core/WollokObject; @ 98
Event: 21.198 Thread 0x000002aa14188800 Uncommon trap: reason=unstable_if action=reinterpret pc=0x000002aa008ef978 method=java.util.ArrayList.batchRemove(Ljava/util/Collection;Z)Z @ 34
Event: 106.221 Thread 0x000002aa14188800 Uncommon trap: reason=unstable_if action=reinterpret pc=0x000002aa00c022c8 method=java.util.concurrent.locks.ReentrantReadWriteLock$Sync.tryAcquire(I)Z @ 80
Event: 156.799 Thread 0x000002aa14188800 Uncommon trap: reason=unstable_if action=reinterpret pc=0x000002aa0012f3cc method=java.util.concurrent.locks.AbstractQueuedSynchronizer.release(I)Z @ 21

Classes redefined (0 events):
No events

Internal exceptions (10 events):
Event: 4.952 Thread 0x000002aa14188800 Implicit null exception at 0x000002aa00397a76 to 0x000002aa003982cd
Event: 5.257 Thread 0x000002aa14188800 Implicit null exception at 0x000002aa00bfa5bb to 0x000002aa00bfaaad
Event: 5.260 Thread 0x000002aa14188800 Implicit null exception at 0x000002aa00c94dbb to 0x000002aa00c951d1
Event: 5.280 Thread 0x000002aa14188800 Implicit null exception at 0x000002aa00ca5440 to 0x000002aa00ca5bb9
Event: 19.133 Thread 0x000002aa14188800 Implicit null exception at 0x000002aa00971eef to 0x000002aa00973029
Event: 19.160 Thread 0x000002aa14188800 Implicit null exception at 0x000002aa00293f56 to 0x000002aa0029449d
Event: 19.160 Thread 0x000002aa14188800 Implicit null exception at 0x000002aa00352f95 to 0x000002aa003536c1
Event: 19.160 Thread 0x000002aa14188800 Implicit null exception at 0x000002aa00219268 to 0x000002aa002192f1
Event: 19.179 Thread 0x000002aa14188800 Implicit null exception at 0x000002aa0066e0a1 to 0x000002aa0066ee09
Event: 19.197 Thread 0x000002aa14188800 Implicit null exception at 0x000002aa002d6ee2 to 0x000002aa002d7811

Events (10 events):
Event: 717.751 Executing VM operation: ParallelGCFailedAllocation
Event: 717.752 Executing VM operation: ParallelGCFailedAllocation done
Event: 717.896 Executing VM operation: ParallelGCFailedAllocation
Event: 717.898 Executing VM operation: ParallelGCFailedAllocation done
Event: 718.069 Executing VM operation: ParallelGCFailedAllocation
Event: 718.070 Executing VM operation: ParallelGCFailedAllocation done
Event: 718.235 Executing VM operation: ParallelGCFailedAllocation
Event: 718.237 Executing VM operation: ParallelGCFailedAllocation done
Event: 718.386 Executing VM operation: ParallelGCFailedAllocation
Event: 718.387 Executing VM operation: ParallelGCFailedAllocation done


Dynamic libraries:
0x00007ff645a60000 - 0x00007ff645aa6000 	C:\Program Files\Eclipse Adoptium\jdk-8.0.382.5-hotspot\bin\javaw.exe
0x00007ffd30e90000 - 0x00007ffd31088000 	C:\Windows\SYSTEM32\ntdll.dll
0x00007ffcfed20000 - 0x00007ffcfed39000 	C:\Program Files\Avast Software\Avast\aswhook.dll
0x00007ffd30d50000 - 0x00007ffd30e0d000 	C:\Windows\System32\KERNEL32.DLL
0x00007ffd2e6a0000 - 0x00007ffd2e996000 	C:\Windows\System32\KERNELBASE.dll
0x00007ffd30720000 - 0x00007ffd307ce000 	C:\Windows\System32\ADVAPI32.dll
0x00007ffd307d0000 - 0x00007ffd3086e000 	C:\Windows\System32\msvcrt.dll
0x00007ffd2fde0000 - 0x00007ffd2fe7c000 	C:\Windows\System32\sechost.dll
0x00007ffd309b0000 - 0x00007ffd30ad6000 	C:\Windows\System32\RPCRT4.dll
0x00007ffd2f4a0000 - 0x00007ffd2f63e000 	C:\Windows\System32\USER32.dll
0x00007ffd2ea40000 - 0x00007ffd2ea62000 	C:\Windows\System32\win32u.dll
0x00007ffd30e20000 - 0x00007ffd30e4c000 	C:\Windows\System32\GDI32.dll
0x00007ffd2ec80000 - 0x00007ffd2ed9a000 	C:\Windows\System32\gdi32full.dll
0x00007ffd2e9a0000 - 0x00007ffd2ea3d000 	C:\Windows\System32\msvcp_win.dll
0x00007ffd2e5a0000 - 0x00007ffd2e6a0000 	C:\Windows\System32\ucrtbase.dll
0x00007ffd11860000 - 0x00007ffd11afa000 	C:\Windows\WinSxS\amd64_microsoft.windows.common-controls_6595b64144ccf1df_6.0.19041.1110_none_60b5254171f9507e\COMCTL32.dll
0x00007ffd2fa50000 - 0x00007ffd2fa80000 	C:\Windows\System32\IMM32.DLL
0x00007ffd24640000 - 0x00007ffd24655000 	C:\Program Files\Eclipse Adoptium\jdk-8.0.382.5-hotspot\jre\bin\vcruntime140.dll
0x00007ffd22540000 - 0x00007ffd225db000 	C:\Program Files\Eclipse Adoptium\jdk-8.0.382.5-hotspot\jre\bin\msvcp140.dll
0x0000000050550000 - 0x0000000050da8000 	C:\Program Files\Eclipse Adoptium\jdk-8.0.382.5-hotspot\jre\bin\server\jvm.dll
0x00007ffd30e10000 - 0x00007ffd30e18000 	C:\Windows\System32\PSAPI.DLL
0x00007ffd15330000 - 0x00007ffd15357000 	C:\Windows\SYSTEM32\WINMM.dll
0x00007ffd18390000 - 0x00007ffd18399000 	C:\Windows\SYSTEM32\WSOCK32.dll
0x00007ffd305d0000 - 0x00007ffd3063b000 	C:\Windows\System32\WS2_32.dll
0x00007ffd22280000 - 0x00007ffd2228a000 	C:\Windows\SYSTEM32\VERSION.dll
0x00007ffd2c5e0000 - 0x00007ffd2c5f2000 	C:\Windows\SYSTEM32\kernel.appcore.dll
0x00007ffd248e0000 - 0x00007ffd248f0000 	C:\Program Files\Eclipse Adoptium\jdk-8.0.382.5-hotspot\jre\bin\verify.dll
0x00007ffd1ead0000 - 0x00007ffd1eafb000 	C:\Program Files\Eclipse Adoptium\jdk-8.0.382.5-hotspot\jre\bin\java.dll
0x00007ffd21870000 - 0x00007ffd21888000 	C:\Program Files\Eclipse Adoptium\jdk-8.0.382.5-hotspot\jre\bin\zip.dll
0x00007ffd2fe80000 - 0x00007ffd305c5000 	C:\Windows\System32\SHELL32.dll
0x00007ffd2c600000 - 0x00007ffd2cd9b000 	C:\Windows\SYSTEM32\windows.storage.dll
0x00007ffd2fa80000 - 0x00007ffd2fdd4000 	C:\Windows\System32\combase.dll
0x00007ffd2dfb0000 - 0x00007ffd2dfde000 	C:\Windows\SYSTEM32\Wldp.dll
0x00007ffd30670000 - 0x00007ffd3071d000 	C:\Windows\System32\SHCORE.dll
0x00007ffd2f360000 - 0x00007ffd2f3b5000 	C:\Windows\System32\shlwapi.dll
0x00007ffd2e4a0000 - 0x00007ffd2e4c5000 	C:\Windows\SYSTEM32\profapi.dll
0x0000000065580000 - 0x0000000065616000 	C:\Users\abril\AppData\Local\Temp\libgdxabril\12dfaa03\gdx64.dll
0x00007ffd2df10000 - 0x00007ffd2df28000 	C:\Windows\SYSTEM32\CRYPTSP.dll
0x00007ffd2d5a0000 - 0x00007ffd2d5d4000 	C:\Windows\system32\rsaenh.dll
0x00007ffd2e570000 - 0x00007ffd2e597000 	C:\Windows\System32\bcrypt.dll
0x00007ffd2e420000 - 0x00007ffd2e44e000 	C:\Windows\SYSTEM32\USERENV.dll
0x00007ffd2ee10000 - 0x00007ffd2ee92000 	C:\Windows\System32\bcryptprimitives.dll
0x00007ffd2df00000 - 0x00007ffd2df0c000 	C:\Windows\SYSTEM32\CRYPTBASE.dll
0x00007ffd1ea00000 - 0x00007ffd1ea1c000 	C:\Program Files\Eclipse Adoptium\jdk-8.0.382.5-hotspot\jre\bin\net.dll
0x00007ffd2dd10000 - 0x00007ffd2dd7a000 	C:\Windows\system32\mswsock.dll
0x00007ffd2d9b0000 - 0x00007ffd2d9eb000 	C:\Windows\SYSTEM32\IPHLPAPI.DLL
0x00007ffd30870000 - 0x00007ffd30878000 	C:\Windows\System32\NSI.dll
0x00007ffd1d1e0000 - 0x00007ffd1d1f7000 	C:\Windows\SYSTEM32\dhcpcsvc6.DLL
0x00007ffd20520000 - 0x00007ffd2053d000 	C:\Windows\SYSTEM32\dhcpcsvc.DLL
0x00007ffd2d9f0000 - 0x00007ffd2daba000 	C:\Windows\SYSTEM32\DNSAPI.dll
0x00007ffd1e750000 - 0x00007ffd1e763000 	C:\Program Files\Eclipse Adoptium\jdk-8.0.382.5-hotspot\jre\bin\nio.dll
0x0000000180000000 - 0x0000000180053000 	C:\Users\abril\AppData\Local\Temp\libgdxabril\dc0f0009\lwjgl64.dll
0x00007ffd1e860000 - 0x00007ffd1e985000 	C:\Windows\SYSTEM32\OPENGL32.dll
0x00007ffd223e0000 - 0x00007ffd2240c000 	C:\Windows\SYSTEM32\GLU32.dll
0x000002aa17d40000 - 0x000002aa17da4000 	C:\Users\abril\AppData\Local\Temp\libgdxabril\dc0f0009\OpenAL64.dll
0x00007ffd30c20000 - 0x00007ffd30d4a000 	C:\Windows\System32\ole32.dll
0x00007ffd2b8f0000 - 0x00007ffd2b98e000 	C:\Windows\system32\uxtheme.dll
0x00007ffd30b70000 - 0x00007ffd30c19000 	C:\Windows\System32\clbcatq.dll
0x00007ffd13f90000 - 0x00007ffd1402c000 	C:\Windows\SYSTEM32\dsound.dll
0x00007ffd2dae0000 - 0x00007ffd2db2b000 	C:\Windows\SYSTEM32\powrprof.dll
0x00007ffd18cf0000 - 0x00007ffd18d16000 	C:\Windows\SYSTEM32\winmmbase.dll
0x00007ffd2d990000 - 0x00007ffd2d9a2000 	C:\Windows\SYSTEM32\UMPDC.dll
0x00007ffd239a0000 - 0x00007ffd23a25000 	C:\Windows\System32\MMDevApi.dll
0x00007ffd2e300000 - 0x00007ffd2e333000 	C:\Windows\System32\DEVOBJ.dll
0x00007ffd2eea0000 - 0x00007ffd2eeee000 	C:\Windows\System32\cfgmgr32.dll
0x00007ffd23a30000 - 0x00007ffd23bb2000 	C:\Windows\SYSTEM32\AUDIOSES.DLL
0x00007ffd30880000 - 0x00007ffd3094d000 	C:\Windows\System32\OLEAUT32.dll
0x00007ffd2ba80000 - 0x00007ffd2ba94000 	C:\Windows\SYSTEM32\resourcepolicyclient.dll
0x00007ffd25bf0000 - 0x00007ffd25c9e000 	C:\Windows\SYSTEM32\mscms.dll
0x00007ffd25bd0000 - 0x00007ffd25be1000 	C:\Windows\SYSTEM32\ColorAdapterClient.dll
0x00007ffd23220000 - 0x00007ffd23263000 	C:\Windows\System32\Windows.Internal.Graphics.Display.DisplayColorManagement.dll
0x00007ffd2f930000 - 0x00007ffd2fa44000 	C:\Windows\System32\MSCTF.dll
0x00007ffd22080000 - 0x00007ffd22182000 	C:\Windows\System32\AppXDeploymentClient.dll
0x00007ffcd8870000 - 0x00007ffcd9877000 	C:\Windows\System32\DriverStore\FileRepository\iigd_dch.inf_amd64_044fd6f0c2ae28a8\ig12icd64.dll
0x00007ffd2ba50000 - 0x00007ffd2ba7f000 	C:\Windows\system32\dwmapi.dll
0x00007ffd2ce00000 - 0x00007ffd2cef3000 	C:\Windows\system32\dxgi.dll
0x00007ffcf5c40000 - 0x00007ffcf6039000 	C:\Windows\System32\DriverStore\FileRepository\iigd_dch.inf_amd64_044fd6f0c2ae28a8\igdml64.dll
0x00007ffd219d0000 - 0x00007ffd21c94000 	C:\Windows\System32\DriverStore\FileRepository\iigd_dch.inf_amd64_044fd6f0c2ae28a8\igdgmm64.dll
0x00007ffd1eb80000 - 0x00007ffd1ec7a000 	C:\Windows\SYSTEM32\textinputframework.dll
0x00007ffd28d50000 - 0x00007ffd28e42000 	C:\Windows\System32\CoreMessaging.dll
0x00007ffd28670000 - 0x00007ffd289ce000 	C:\Windows\System32\CoreUIComponents.dll
0x00007ffd275b0000 - 0x00007ffd27705000 	C:\Windows\SYSTEM32\wintypes.dll
0x00007ffd2d6c0000 - 0x00007ffd2d6f3000 	C:\Windows\SYSTEM32\ntmarta.dll
0x00007ffd09cb0000 - 0x00007ffd09cf3000 	C:\Windows\SYSTEM32\icm32.dll
0x00007ffd1a260000 - 0x00007ffd1cdf4000 	C:\Windows\System32\DriverStore\FileRepository\iigd_dch.inf_amd64_044fd6f0c2ae28a8\igc64.dll
0x00007ffd2c1a0000 - 0x00007ffd2c384000 	C:\Windows\SYSTEM32\dbghelp.dll

VM Arguments:
jvm_args: -Duser.language=es_AR -Dfile.encoding=UTF-8 
java_command: org.uqbar.project.wollok.launch.WollokLauncher -requestsPort 0 -eventsPort 0 -folder -dontValidate -wf src/juego.wpgm
java_class_path (initial): C:\Users\abril\OneDrive\Documentos\UTN\Nivel 2\Paradigmas\Objetos\2023-objetos-tp-integrador-playadito__\bin;C:\Wollok\plugins\com.ibm.icu_64.2.0.v20190507-1337.jar;C:\Wollok\plugins\org.eclipse.xtext_2.20.0.v20191202-0915.jar;C:\Wollok\plugins\org.eclipse.emf.ecore.xmi_2.16.0.v20190528-0725.jar;C:\Wollok\plugins\org.eclipse.emf.ecore_2.20.0.v20190920-0401.jar;C:\Wollok\plugins\org.eclipse.emf.common_2.17.0.v20190920-0401.jar;C:\Wollok\plugins\org.antlr.runtime_3.2.0.v201101311130.jar;C:\Wollok\plugins\com.google.inject_3.0.0.v201605172100.jar;C:\Wollok\plugins\org.eclipse.emf.mwe.core_1.5.1.v20191121-1148.jar;C:\Wollok\plugins\org.apache.commons.cli_1.2.0.v201404270220.jar;C:\Wollok\plugins\org.eclipse.emf.mwe2.runtime_2.11.1.v20191121-1148.jar;C:\Wollok\plugins\org.eclipse.emf.mwe.utils_1.5.1.v20191121-1148.jar;C:\Wollok\plugins\org.eclipse.xtext.util_2.20.0.v20191202-0915.jar;C:\Wollok\plugins\com.google.guava_27.1.0.v20190517-1946.jar;C:\Wollok\plugins\javax.inject_1.0.0.v20091030.jar;C:\Wollok\plugins\org.eclipse.xtext.generator_2.20.0.v20191202-0933.jar;C:\Wollok\plugins\org.eclipse.xtext.xtext.generator_2.20.0.v20191202-0915.jar;C:\Wollok\plugins\org.eclipse.xtext.xbase.lib_2.20.0.v20191202-0907.jar;C:\Wollok\plugins\org.eclipse.emf.codegen.ecore_2.20.0.v20191012-0918.jar;C:\Wollok\plugins\org.eclipse.emf.codegen_2.19.0.v20190821-1536.jar;C:\Wollok\plugins\org.eclipse.xtend_2.2.0.v201605260315.jar;C:\Wollok\plugins\org.eclipse.xpand_2.2.0.v201605260315.jar;C:\Wollok\plugins\org.eclipse.xtend.typesystem.emf_2.2.0.v201605260315.jar;C:\Wollok\plugins\org.uqbar.project.wollok_3.0.0.jar;C:\Wollok\plugins\org.eclipse.xtext.xbase_2.20.0.v20191202-0933.jar;C:\Wollok\plugins\org.eclipse.xtext.common.types_2.20.0.v20191202-0933.jar;C:\Wollok\plugins\org.eclipse.xtend.lib_2.20.0.v20191202-0907.jar;C:\Wollok\plugins\org.eclipse.xtend.lib.macro_2.20.0.v20191202-0907.jar;C:\Wollok\plugins\org.apache.commons.collections_3.2.2.v201511171945.jar;C
Launcher Type: SUN_STANDARD

Environment Variables:
JAVA_HOME=C:\Program Files\Eclipse Adoptium\jdk-8.0.382.5-hotspot\
PATH=C:/Program Files/Eclipse Adoptium/jdk-8.0.382.5-hotspot/bin/../jre/bin/server;C:/Program Files/Eclipse Adoptium/jdk-8.0.382.5-hotspot/bin/../jre/bin;C:/Program Files/Eclipse Adoptium/jdk-8.0.382.5-hotspot/bin/../jre/lib/amd64;C:\Program Files\Eclipse Adoptium\jdk-8.0.382.5-hotspot\bin;C:\Python311\Scripts\;C:\Python311\;C:\Windows\system32;C:\Windows;C:\Windows\System32\Wbem;C:\Windows\System32\WindowsPowerShell\v1.0\;C:\Windows\System32\OpenSSH\;C:\Program Files\Git\cmd;C:\Program Files\dotnet\;C:\MinGW\bin;C:\MinGW\msys\1.0\bin;C:\Program Files\swipl\bin;C:\Program Files\nodejs\;C:\ProgramData\chocolatey\bin;C:\Users\abril\AppData\Local\Microsoft\WindowsApps;;C:\Users\abril\AppData\Local\Programs\Microsoft VS Code\bin;C:\ghcup\bin;C:\Users\abril\AppData\Roaming\npm;C:\Wollok;
USERNAME=abril
OS=Windows_NT
PROCESSOR_IDENTIFIER=Intel64 Family 6 Model 140 Stepping 1, GenuineIntel



---------------  S Y S T E M  ---------------

OS: Windows 10 , 64 bit Build 19041 (10.0.19041.3393)

CPU:total 8 (initial active 8) (4 cores per cpu, 2 threads per core) family 6 model 140 stepping 1, cmov, cx8, fxsr, mmx, sse, sse2, sse3, ssse3, sse4.1, sse4.2, popcnt, avx, avx2, aes, clmul, erms, 3dnowpref, lzcnt, ht, tsc, tscinvbit, bmi1, bmi2, adx

Memory: 4k page, physical 8075748k(3244176k free), swap 16625352k(5786220k free)

vm_info: OpenJDK 64-Bit Server VM (25.382-b05) for windows-amd64 JRE (1.8.0_382-b05), built on Jul 19 2023 15:37:29 by "jenkins" with MS VC++ 15.9 (VS2017)

time: Wed Sep 27 11:25:54 2023
timezone: Hora estándar de Argentina
elapsed time: 719.381839 seconds (0d 0h 11m 59s)

