#
# A fatal error has been detected by the Java Runtime Environment:
#
#  EXCEPTION_ACCESS_VIOLATION (0xc0000005) at pc=0x00007ffd4e6b727b, pid=13772, tid=0x0000000000003d20
#
# JRE version: OpenJDK Runtime Environment (8.0_382-b05) (build 1.8.0_382-b05)
# Java VM: OpenJDK 64-Bit Server VM (25.382-b05 mixed mode windows-amd64 compressed oops)
# Problematic frame:
# C  [ig12icd64.dll+0x29727b]
#
# Failed to write core dump. Minidumps are not enabled by default on client versions of Windows
#
# If you would like to submit a bug report, please visit:
#   https://github.com/adoptium/adoptium-support/issues
#

---------------  T H R E A D  ---------------

Current thread (0x0000021a3aebc000):  VMThread [stack: 0x00000027f4800000,0x00000027f4900000] [id=15648]

siginfo: ExceptionCode=0xc0000005, reading address 0x00000000000353b8

Registers:
RAX=0x0000021a40bcc860, RBX=0x0000021a40bccca8, RCX=0x0000000000000000, RDX=0x0000000000000000
RSP=0x00000027f48fe230, RBP=0x00000027f48fe330, RSI=0x0000021a40bcc790, RDI=0x0000021a3dd576c0
R8 =0x0000021a40bcc860, R9 =0x0000000000000000, R10=0x0000000000000000, R11=0x0000000000000246
R12=0x0000021a40bcc790, R13=0x0000000000000000, R14=0x0000000000000000, R15=0x0000000000000000
RIP=0x00007ffd4e6b727b, EFLAGS=0x0000000000010206

Top of Stack: (sp=0x00000027f48fe230)
0x00000027f48fe230:   0000021a3e19e9c0 0000000000000000
0x00000027f48fe240:   0000000000000000 0000000000000000
0x00000027f48fe250:   0000001600000000 0000000000000000
0x00000027f48fe260:   0000000000000000 0000021a40bcf410
0x00000027f48fe270:   0000000000000000 0000000000000000
0x00000027f48fe280:   0000021a3e19e9c0 00007ffd4e43c9b2
0x00000027f48fe290:   0000021a410ac930 00000027f48fe390
0x00000027f48fe2a0:   0000021a410a1a20 0000021a46b566fc
0x00000027f48fe2b0:   0000021a410a2db0 0000021a410a6eb0
0x00000027f48fe2c0:   027edcdc01050001 0000021a46b40000
0x00000027f48fe2d0:   0000021a46ba1120 01440001007cec00
0x00000027f48fe2e0:   0000021a46b5652c 0000021a410a0f60
0x00000027f48fe2f0:   00a9682a01656518 01381fad0122b72a
0x00000027f48fe300:   027edcdc0105adcd 6927000001420001
0x00000027f48fe310:   0000021a410acf30 01440001007cecc0
0x00000027f48fe320:   000001381fab0000 00000027f48fe4b0 

Instructions: (pc=0x00007ffd4e6b727b)
0x00007ffd4e6b725b:   00 83 f9 10 0f 83 5a 08 00 00 8b c1 48 c1 e0 06
0x00007ffd4e6b726b:   49 03 c0 48 85 c0 0f 84 b6 08 00 00 48 8b 50 08
0x00007ffd4e6b727b:   49 3b 96 b8 53 03 00 0f 87 a5 0f 00 00 48 83 be
0x00007ffd4e6b728b:   70 05 00 00 00 0f 85 88 17 72 00 44 8b 8f d0 01 


Register to memory mapping:

RAX=0x0000021a40bcc860 is an unknown value
RBX=0x0000021a40bccca8 is an unknown value
RCX=0x0000000000000000 is an unknown value
RDX=0x0000000000000000 is an unknown value
RSP=0x00000027f48fe230 is an unknown value
RBP=0x00000027f48fe330 is an unknown value
RSI=0x0000021a40bcc790 is an unknown value
RDI=0x0000021a3dd576c0 is an unknown value
R8 =0x0000021a40bcc860 is an unknown value
R9 =0x0000000000000000 is an unknown value
R10=0x0000000000000000 is an unknown value
R11=0x0000000000000246 is an unknown value
R12=0x0000021a40bcc790 is an unknown value
R13=0x0000000000000000 is an unknown value
R14=0x0000000000000000 is an unknown value
R15=0x0000000000000000 is an unknown value


Stack: [0x00000027f4800000,0x00000027f4900000],  sp=0x00000027f48fe230,  free space=1016k
Native frames: (J=compiled Java code, j=interpreted, Vv=VM code, C=native code)
C  [ig12icd64.dll+0x29727b]
C  [ig12icd64.dll+0x279352]
C  [ig12icd64.dll+0x2850d0]
C  [ig12icd64.dll+0xccc27]
C  [ig12icd64.dll+0x2e7477]
C  [ig12icd64.dll+0x9d19df]
C  [ig12icd64.dll+0x2e297d]
C  [ig12icd64.dll+0x2e27b6]
C  [ig12icd64.dll+0x7c557b]
C  [ntdll.dll+0x19a1d]
C  [ntdll.dll+0x5dcda]
C  [ntdll.dll+0x5da8d]
C  [KERNEL32.DLL+0x1e3bb]
C  [ucrtbase.dll+0x205bc]
C  [ucrtbase.dll+0x2045f]
V  [jvm.dll+0x1e8ea5]
V  [jvm.dll+0x2245c6]
V  [jvm.dll+0x224b64]
V  [jvm.dll+0x223124]
V  [jvm.dll+0x2238ff]
V  [jvm.dll+0x223c04]
V  [jvm.dll+0x26d4bc]
C  [ucrtbase.dll+0x21bb2]
C  [KERNEL32.DLL+0x17344]
C  [ntdll.dll+0x526b1]

VM_Operation (0x00000027f3ffece0): Exit, mode: safepoint, requested by thread 0x0000021a24e23000


---------------  P R O C E S S  ---------------

Java Threads: ( => current thread )
  0x0000021a4222b000 JavaThread "LWJGL Timer" daemon [_thread_blocked, id=11560, stack(0x00000027f5d00000,0x00000027f5e00000)]
  0x0000021a3d7bc000 JavaThread "com.google.inject.internal.util.$Finalizer" daemon [_thread_blocked, id=15884, stack(0x00000027f5400000,0x00000027f5500000)]
  0x0000021a3d9b0800 JavaThread "EMF Reference Cleaner" daemon [_thread_blocked, id=10060, stack(0x00000027f5300000,0x00000027f5400000)]
  0x0000021a3cd96000 JavaThread "Service Thread" daemon [_thread_blocked, id=13140, stack(0x00000027f5100000,0x00000027f5200000)]
  0x0000021a3af2c000 JavaThread "C1 CompilerThread3" daemon [_thread_blocked, id=8040, stack(0x00000027f5000000,0x00000027f5100000)]
  0x0000021a3af2b800 JavaThread "C2 CompilerThread2" daemon [_thread_blocked, id=7160, stack(0x00000027f4f00000,0x00000027f5000000)]
  0x0000021a3af29800 JavaThread "C2 CompilerThread1" daemon [_thread_blocked, id=18392, stack(0x00000027f4e00000,0x00000027f4f00000)]
  0x0000021a3af26000 JavaThread "C2 CompilerThread0" daemon [_thread_blocked, id=15352, stack(0x00000027f4d00000,0x00000027f4e00000)]
  0x0000021a3af1a000 JavaThread "Attach Listener" daemon [_thread_blocked, id=10448, stack(0x00000027f4c00000,0x00000027f4d00000)]
  0x0000021a3af19000 JavaThread "Signal Dispatcher" daemon [_thread_blocked, id=4620, stack(0x00000027f4b00000,0x00000027f4c00000)]
  0x0000021a3aeec800 JavaThread "Finalizer" daemon [_thread_blocked, id=14704, stack(0x00000027f4a00000,0x00000027f4b00000)]
  0x0000021a3aee4800 JavaThread "Reference Handler" daemon [_thread_blocked, id=13988, stack(0x00000027f4900000,0x00000027f4a00000)]
  0x0000021a24e23000 JavaThread "main" [_thread_blocked, id=5704, stack(0x00000027f3f00000,0x00000027f4000000)]

Other Threads:
=>0x0000021a3aebc000 VMThread [stack: 0x00000027f4800000,0x00000027f4900000] [id=15648]

VM state:at safepoint (shutting down)

VM Mutex/Monitor currently owned by a thread:  ([mutex/lock_event])
[0x0000021a24e1f760] Threads_lock - owner thread: 0x0000021a3aebc000

heap address: 0x0000000084c00000, size: 1972 MB, Compressed Oops mode: 32-bit
Narrow klass base: 0x0000000000000000, Narrow klass shift: 3
Compressed class space size: 1073741824 Address: 0x0000000100000000

Heap:
 PSYoungGen      total 237568K, used 15603K [0x00000000d6f00000, 0x00000000e8b00000, 0x0000000100000000)
  eden space 219136K, 5% used [0x00000000d6f00000,0x00000000d7a2cc28,0x00000000e4500000)
  from space 18432K, 22% used [0x00000000e4500000,0x00000000e4910200,0x00000000e5700000)
  to   space 17920K, 0% used [0x00000000e7980000,0x00000000e7980000,0x00000000e8b00000)
 ParOldGen       total 80384K, used 18459K [0x0000000084c00000, 0x0000000089a80000, 0x00000000d6f00000)
  object space 80384K, 22% used [0x0000000084c00000,0x0000000085e06e98,0x0000000089a80000)
 Metaspace       used 25034K, capacity 25387K, committed 25600K, reserved 1071104K
  class space    used 2960K, capacity 3062K, committed 3072K, reserved 1048576K

Card table byte_map: [0x0000021a35c90000,0x0000021a36070000] byte_map_base: 0x0000021a3586a000

Marking Bits: (ParMarkBitMap*) 0x000000007599f810
 Begin Bits: [0x0000021a36310000, 0x0000021a381e0000)
 End Bits:   [0x0000021a381e0000, 0x0000021a3a0b0000)

Polling page: 0x0000021a25050000

CodeCache: size=245760Kb used=14860Kb max_used=14870Kb free=230899Kb
 bounds [0x0000021a268d0000, 0x0000021a27790000, 0x0000021a358d0000]
 total_blobs=4830 nmethods=4231 adapters=510
 compilation: enabled

Compilation events (10 events):
Event: 7.275 Thread 0x0000021a3af2c000 4968       3       wollok.game.GameObject::board (4 bytes)
Event: 7.275 Thread 0x0000021a3af2c000 nmethod 4968 0x0000021a26d928d0 code [0x0000021a26d92a60, 0x0000021a26d92d90]
Event: 7.277 Thread 0x0000021a3af2c000 4969       3       org.uqbar.project.wollok.model.WMethodContainerExtensions::_memberCallArguments (7 bytes)
Event: 7.278 Thread 0x0000021a3af2c000 nmethod 4969 0x0000021a276c3b90 code [0x0000021a276c3d60, 0x0000021a276c43d0]
Event: 7.340 Thread 0x0000021a3af29800 4970       4       com.badlogic.gdx.graphics.glutils.ShaderProgram::fetchAttributeLocation (44 bytes)
Event: 7.345 Thread 0x0000021a3af29800 nmethod 4970 0x0000021a276c71d0 code [0x0000021a276c7320, 0x0000021a276c76f8]
Event: 7.408 Thread 0x0000021a3af2c000 4972       3       java.nio.ByteBuffer::hasArray (20 bytes)
Event: 7.409 Thread 0x0000021a3af2c000 nmethod 4972 0x0000021a276c3790 code [0x0000021a276c38e0, 0x0000021a276c3ad8]
Event: 7.409 Thread 0x0000021a3af2c000 4971       3       java.nio.Buffer::clear (20 bytes)
Event: 7.409 Thread 0x0000021a3af2c000 nmethod 4971 0x0000021a276c6e90 code [0x0000021a276c6fe0, 0x0000021a276c7158]

GC Heap History (10 events):
Event: 4.928 GC heap before
{Heap before GC invocations=6 (full 1):
 PSYoungGen      total 132096K, used 126976K [0x00000000d6f00000, 0x00000000df500000, 0x0000000100000000)
  eden space 126976K, 100% used [0x00000000d6f00000,0x00000000deb00000,0x00000000deb00000)
  from space 5120K, 0% used [0x00000000df000000,0x00000000df000000,0x00000000df500000)
  to   space 5120K, 0% used [0x00000000deb00000,0x00000000deb00000,0x00000000df000000)
 ParOldGen       total 80384K, used 18427K [0x0000000084c00000, 0x0000000089a80000, 0x00000000d6f00000)
  object space 80384K, 22% used [0x0000000084c00000,0x0000000085dfee98,0x0000000089a80000)
 Metaspace       used 24469K, capacity 24779K, committed 25088K, reserved 1071104K
  class space    used 2902K, capacity 2998K, committed 3072K, reserved 1048576K
Event: 4.933 GC heap after
Heap after GC invocations=6 (full 1):
 PSYoungGen      total 132096K, used 4352K [0x00000000d6f00000, 0x00000000e3d80000, 0x0000000100000000)
  eden space 126976K, 0% used [0x00000000d6f00000,0x00000000d6f00000,0x00000000deb00000)
  from space 5120K, 85% used [0x00000000deb00000,0x00000000def40078,0x00000000df000000)
  to   space 18432K, 0% used [0x00000000e2b80000,0x00000000e2b80000,0x00000000e3d80000)
 ParOldGen       total 80384K, used 18435K [0x0000000084c00000, 0x0000000089a80000, 0x00000000d6f00000)
  object space 80384K, 22% used [0x0000000084c00000,0x0000000085e00e98,0x0000000089a80000)
 Metaspace       used 24469K, capacity 24779K, committed 25088K, reserved 1071104K
  class space    used 2902K, capacity 2998K, committed 3072K, reserved 1048576K
}
Event: 5.706 GC heap before
{Heap before GC invocations=7 (full 1):
 PSYoungGen      total 132096K, used 131328K [0x00000000d6f00000, 0x00000000e3d80000, 0x0000000100000000)
  eden space 126976K, 100% used [0x00000000d6f00000,0x00000000deb00000,0x00000000deb00000)
  from space 5120K, 85% used [0x00000000deb00000,0x00000000def40078,0x00000000df000000)
  to   space 18432K, 0% used [0x00000000e2b80000,0x00000000e2b80000,0x00000000e3d80000)
 ParOldGen       total 80384K, used 18435K [0x0000000084c00000, 0x0000000089a80000, 0x00000000d6f00000)
  object space 80384K, 22% used [0x0000000084c00000,0x0000000085e00e98,0x0000000089a80000)
 Metaspace       used 24669K, capacity 25079K, committed 25344K, reserved 1071104K
  class space    used 2917K, capacity 3016K, committed 3072K, reserved 1048576K
Event: 5.709 GC heap after
Heap after GC invocations=7 (full 1):
 PSYoungGen      total 183808K, used 3232K [0x00000000d6f00000, 0x00000000e3980000, 0x0000000100000000)
  eden space 169472K, 0% used [0x00000000d6f00000,0x00000000d6f00000,0x00000000e1480000)
  from space 14336K, 22% used [0x00000000e2b80000,0x00000000e2ea8200,0x00000000e3980000)
  to   space 18944K, 0% used [0x00000000e1480000,0x00000000e1480000,0x00000000e2700000)
 ParOldGen       total 80384K, used 18443K [0x0000000084c00000, 0x0000000089a80000, 0x00000000d6f00000)
  object space 80384K, 22% used [0x0000000084c00000,0x0000000085e02e98,0x0000000089a80000)
 Metaspace       used 24669K, capacity 25079K, committed 25344K, reserved 1071104K
  class space    used 2917K, capacity 3016K, committed 3072K, reserved 1048576K
}
Event: 6.265 GC heap before
{Heap before GC invocations=8 (full 1):
 PSYoungGen      total 183808K, used 172704K [0x00000000d6f00000, 0x00000000e3980000, 0x0000000100000000)
  eden space 169472K, 100% used [0x00000000d6f00000,0x00000000e1480000,0x00000000e1480000)
  from space 14336K, 22% used [0x00000000e2b80000,0x00000000e2ea8200,0x00000000e3980000)
  to   space 18944K, 0% used [0x00000000e1480000,0x00000000e1480000,0x00000000e2700000)
 ParOldGen       total 80384K, used 18443K [0x0000000084c00000, 0x0000000089a80000, 0x00000000d6f00000)
  object space 80384K, 22% used [0x0000000084c00000,0x0000000085e02e98,0x0000000089a80000)
 Metaspace       used 24698K, capacity 25097K, committed 25344K, reserved 1071104K
  class space    used 2919K, capacity 3019K, committed 3072K, reserved 1048576K
Event: 6.268 GC heap after
Heap after GC invocations=8 (full 1):
 PSYoungGen      total 188416K, used 3744K [0x00000000d6f00000, 0x00000000e6c00000, 0x0000000100000000)
  eden space 169472K, 0% used [0x00000000d6f00000,0x00000000d6f00000,0x00000000e1480000)
  from space 18944K, 19% used [0x00000000e1480000,0x00000000e1828200,0x00000000e2700000)
  to   space 18944K, 0% used [0x00000000e5980000,0x00000000e5980000,0x00000000e6c00000)
 ParOldGen       total 80384K, used 18451K [0x0000000084c00000, 0x0000000089a80000, 0x00000000d6f00000)
  object space 80384K, 22% used [0x0000000084c00000,0x0000000085e04e98,0x0000000089a80000)
 Metaspace       used 24698K, capacity 25097K, committed 25344K, reserved 1071104K
  class space    used 2919K, capacity 3019K, committed 3072K, reserved 1048576K
}
Event: 6.698 GC heap before
{Heap before GC invocations=9 (full 1):
 PSYoungGen      total 188416K, used 173216K [0x00000000d6f00000, 0x00000000e6c00000, 0x0000000100000000)
  eden space 169472K, 100% used [0x00000000d6f00000,0x00000000e1480000,0x00000000e1480000)
  from space 18944K, 19% used [0x00000000e1480000,0x00000000e1828200,0x00000000e2700000)
  to   space 18944K, 0% used [0x00000000e5980000,0x00000000e5980000,0x00000000e6c00000)
 ParOldGen       total 80384K, used 18451K [0x0000000084c00000, 0x0000000089a80000, 0x00000000d6f00000)
  object space 80384K, 22% used [0x0000000084c00000,0x0000000085e04e98,0x0000000089a80000)
 Metaspace       used 24794K, capacity 25205K, committed 25344K, reserved 1071104K
  class space    used 2932K, capacity 3053K, committed 3072K, reserved 1048576K
Event: 6.701 GC heap after
Heap after GC invocations=9 (full 1):
 PSYoungGen      total 235008K, used 3904K [0x00000000d6f00000, 0x00000000e6900000, 0x0000000100000000)
  eden space 219136K, 0% used [0x00000000d6f00000,0x00000000d6f00000,0x00000000e4500000)
  from space 15872K, 24% used [0x00000000e5980000,0x00000000e5d50200,0x00000000e6900000)
  to   space 18432K, 0% used [0x00000000e4500000,0x00000000e4500000,0x00000000e5700000)
 ParOldGen       total 80384K, used 18451K [0x0000000084c00000, 0x0000000089a80000, 0x00000000d6f00000)
  object space 80384K, 22% used [0x0000000084c00000,0x0000000085e04e98,0x0000000089a80000)
 Metaspace       used 24794K, capacity 25205K, committed 25344K, reserved 1071104K
  class space    used 2932K, capacity 3053K, committed 3072K, reserved 1048576K
}
Event: 7.332 GC heap before
{Heap before GC invocations=10 (full 1):
 PSYoungGen      total 235008K, used 223040K [0x00000000d6f00000, 0x00000000e6900000, 0x0000000100000000)
  eden space 219136K, 100% used [0x00000000d6f00000,0x00000000e4500000,0x00000000e4500000)
  from space 15872K, 24% used [0x00000000e5980000,0x00000000e5d50200,0x00000000e6900000)
  to   space 18432K, 0% used [0x00000000e4500000,0x00000000e4500000,0x00000000e5700000)
 ParOldGen       total 80384K, used 18451K [0x0000000084c00000, 0x0000000089a80000, 0x00000000d6f00000)
  object space 80384K, 22% used [0x0000000084c00000,0x0000000085e04e98,0x0000000089a80000)
 Metaspace       used 25025K, capacity 25387K, committed 25600K, reserved 1071104K
  class space    used 2958K, capacity 3062K, committed 3072K, reserved 1048576K
Event: 7.336 GC heap after
Heap after GC invocations=10 (full 1):
 PSYoungGen      total 237568K, used 4160K [0x00000000d6f00000, 0x00000000e8b00000, 0x0000000100000000)
  eden space 219136K, 0% used [0x00000000d6f00000,0x00000000d6f00000,0x00000000e4500000)
  from space 18432K, 22% used [0x00000000e4500000,0x00000000e4910200,0x00000000e5700000)
  to   space 17920K, 0% used [0x00000000e7980000,0x00000000e7980000,0x00000000e8b00000)
 ParOldGen       total 80384K, used 18459K [0x0000000084c00000, 0x0000000089a80000, 0x00000000d6f00000)
  object space 80384K, 22% used [0x0000000084c00000,0x0000000085e06e98,0x0000000089a80000)
 Metaspace       used 25025K, capacity 25387K, committed 25600K, reserved 1071104K
  class space    used 2958K, capacity 3062K, committed 3072K, reserved 1048576K
}

Deoptimization events (10 events):
Event: 7.077 Thread 0x0000021a41d17800 Uncommon trap: reason=class_check action=maybe_recompile pc=0x0000021a27746e1c method=org.uqbar.project.wollok.interpreter.nativeobj.WollokJavaConversions.convertJavaToWollok(Ljava/lang/Object;)Lorg/uqbar/project/wollok/interpreter/core/WollokObject; @ 98
Event: 7.141 Thread 0x0000021a41d17800 Uncommon trap: reason=unstable_if action=reinterpret pc=0x0000021a2728f710 method=org.uqbar.project.wollok.model.WMethodContainerExtensions.matches(Lorg/uqbar/project/wollok/wollokDsl/WMethodDeclaration;Ljava/lang/String;IZ)Z @ 130
Event: 7.152 Thread 0x0000021a41d17800 Uncommon trap: reason=unstable_if action=reinterpret pc=0x0000021a27266750 method=org.uqbar.project.wollok.model.WMethodContainerExtensions.matches(Lorg/uqbar/project/wollok/wollokDsl/WMethodDeclaration;Ljava/lang/String;IZ)Z @ 130
Event: 7.159 Thread 0x0000021a41d17800 Uncommon trap: reason=unstable_if action=reinterpret pc=0x0000021a26f0eec8 method=org.uqbar.project.wollok.model.WMethodContainerExtensions.matches(Lorg/uqbar/project/wollok/wollokDsl/WMethodDeclaration;Ljava/lang/String;IZ)Z @ 130
Event: 7.309 Thread 0x0000021a41d17800 Uncommon trap: reason=predicate action=maybe_recompile pc=0x0000021a26d5f21c method=java.lang.Class.getConstructor0([Ljava/lang/Class;I)Ljava/lang/reflect/Constructor; @ 32
Event: 7.309 Thread 0x0000021a41d17800 Uncommon trap: reason=unstable_if action=reinterpret pc=0x0000021a27675990 method=java.lang.Class.arrayContentsEq([Ljava/lang/Object;[Ljava/lang/Object;)Z @ 1
Event: 7.340 Thread 0x0000021a41d17800 Uncommon trap: reason=unstable_if action=reinterpret pc=0x0000021a270a3a0c method=org.uqbar.project.wollok.interpreter.WollokInterpreterEvaluator._evaluate(Lorg/uqbar/project/wollok/wollokDsl/WFeatureCall;)Lorg/uqbar/project/wollok/interpreter/core/Wollok
Event: 7.341 Thread 0x0000021a41d17800 Uncommon trap: reason=class_check action=maybe_recompile pc=0x0000021a26e7a398 method=java.util.Collections.reverse(Ljava/util/List;)V @ 1
Event: 7.341 Thread 0x0000021a41d17800 Uncommon trap: reason=class_check action=maybe_recompile pc=0x0000021a2770c888 method=org.uqbar.project.wollok.interpreter.threads.WThread.performOnStack(Lorg/eclipse/emf/ecore/EObject;Lorg/uqbar/project/wollok/interpreter/context/EvaluationContext;Lorg/e
Event: 7.407 Thread 0x0000021a41d17800 Uncommon trap: reason=unstable_if action=reinterpret pc=0x0000021a2767b234 method=java.util.HashMap$HashIterator.<init>(Ljava/util/HashMap;)V @ 45

Classes redefined (0 events):
No events

Internal exceptions (10 events):
Event: 2.494 Thread 0x0000021a24e23000 Exception <a 'java/security/PrivilegedActionException'> (0x00000000d86ea280) thrown at [J:\jenkins\tmp\workspace\build\src\hotspot\src\share\vm\prims\jvm.cpp, line 1514]
Event: 2.494 Thread 0x0000021a24e23000 Exception <a 'java/security/PrivilegedActionException'> (0x00000000d86eb648) thrown at [J:\jenkins\tmp\workspace\build\src\hotspot\src\share\vm\prims\jvm.cpp, line 1514]
Event: 3.470 Thread 0x0000021a41d17800 Implicit null exception at 0x0000021a26c40fff to 0x0000021a26c41825
Event: 3.725 Thread 0x0000021a41d17800 Implicit null exception at 0x0000021a273c837b to 0x0000021a273c8791
Event: 3.756 Thread 0x0000021a41d17800 Implicit null exception at 0x0000021a273c54c0 to 0x0000021a273c5c39
Event: 5.428 Thread 0x0000021a41d17800 Implicit null exception at 0x0000021a2712ef4c to 0x0000021a2712f1a1
Event: 5.449 Thread 0x0000021a41d17800 Implicit null exception at 0x0000021a275cb644 to 0x0000021a275cb7f8
Event: 7.309 Thread 0x0000021a41d17800 Implicit null exception at 0x0000021a26d5df31 to 0x0000021a26d5f208
Event: 7.309 Thread 0x0000021a41d17800 Implicit null exception at 0x0000021a2767590c to 0x0000021a2767597d
Event: 7.340 Thread 0x0000021a41d17800 Implicit null exception at 0x0000021a270a1c35 to 0x0000021a270a39f1

Events (10 events):
Event: 7.409 Thread 0x0000021a41d17800 Thread exited: 0x0000021a41d17800
Event: 7.409 loading class org/uqbar/project/wollok/interpreter/WollokInterpreter$3
Event: 7.409 loading class org/uqbar/project/wollok/interpreter/WollokInterpreter$3 done
Event: 7.410 loading class java/util/IdentityHashMap$KeyIterator
Event: 7.410 loading class java/util/IdentityHashMap$KeyIterator done
Event: 7.411 Thread 0x0000021a41d17800 Thread added: 0x0000021a41d17800
Event: 7.411 Thread 0x0000021a3d9b6800 Thread added: 0x0000021a3d9b6800
Event: 7.411 Thread 0x0000021a3d9b6800 Thread exited: 0x0000021a3d9b6800
Event: 7.421 Thread 0x0000021a41d17800 Thread exited: 0x0000021a41d17800
Event: 7.421 Executing VM operation: Exit


Dynamic libraries:
0x00007ff7d67a0000 - 0x00007ff7d67e6000 	C:\Program Files\Eclipse Adoptium\jdk-8.0.382.5-hotspot\bin\javaw.exe
0x00007ffdb4ab0000 - 0x00007ffdb4ca7000 	C:\Windows\SYSTEM32\ntdll.dll
0x00007ffda1750000 - 0x00007ffda1769000 	C:\Program Files\Avast Software\Avast\aswhook.dll
0x00007ffdb3720000 - 0x00007ffdb37dd000 	C:\Windows\System32\KERNEL32.DLL
0x00007ffdb2410000 - 0x00007ffdb2706000 	C:\Windows\System32\KERNELBASE.dll
0x00007ffdb49b0000 - 0x00007ffdb4a5e000 	C:\Windows\System32\ADVAPI32.dll
0x00007ffdb3680000 - 0x00007ffdb371e000 	C:\Windows\System32\msvcrt.dll
0x00007ffdb2b10000 - 0x00007ffdb2bac000 	C:\Windows\System32\sechost.dll
0x00007ffdb4020000 - 0x00007ffdb4146000 	C:\Windows\System32\RPCRT4.dll
0x00007ffdb3c50000 - 0x00007ffdb3dee000 	C:\Windows\System32\USER32.dll
0x00007ffdb2190000 - 0x00007ffdb21b2000 	C:\Windows\System32\win32u.dll
0x00007ffdb4950000 - 0x00007ffdb497c000 	C:\Windows\System32\GDI32.dll
0x00007ffdb22f0000 - 0x00007ffdb240a000 	C:\Windows\System32\gdi32full.dll
0x00007ffdb21c0000 - 0x00007ffdb225d000 	C:\Windows\System32\msvcp_win.dll
0x00007ffdb2960000 - 0x00007ffdb2a60000 	C:\Windows\System32\ucrtbase.dll
0x00007ffd91430000 - 0x00007ffd916ca000 	C:\Windows\WinSxS\amd64_microsoft.windows.common-controls_6595b64144ccf1df_6.0.19041.3570_none_60bb2a3971f3e41a\COMCTL32.dll
0x00007ffdb4980000 - 0x00007ffdb49b0000 	C:\Windows\System32\IMM32.DLL
0x00007ffdab4c0000 - 0x00007ffdab4d5000 	C:\Program Files\Eclipse Adoptium\jdk-8.0.382.5-hotspot\jre\bin\vcruntime140.dll
0x00007ffd89fc0000 - 0x00007ffd8a05b000 	C:\Program Files\Eclipse Adoptium\jdk-8.0.382.5-hotspot\jre\bin\msvcp140.dll
0x00000000751c0000 - 0x0000000075a18000 	C:\Program Files\Eclipse Adoptium\jdk-8.0.382.5-hotspot\jre\bin\server\jvm.dll
0x00007ffdb4a60000 - 0x00007ffdb4a68000 	C:\Windows\System32\PSAPI.DLL
0x00007ffda8b90000 - 0x00007ffda8b9a000 	C:\Windows\SYSTEM32\VERSION.dll
0x00007ffda3b00000 - 0x00007ffda3b09000 	C:\Windows\SYSTEM32\WSOCK32.dll
0x00007ffdb2cd0000 - 0x00007ffdb2d3b000 	C:\Windows\System32\WS2_32.dll
0x00007ffd93c10000 - 0x00007ffd93c37000 	C:\Windows\SYSTEM32\WINMM.dll
0x00007ffdb09c0000 - 0x00007ffdb09d2000 	C:\Windows\SYSTEM32\kernel.appcore.dll
0x00007ffda96e0000 - 0x00007ffda96f0000 	C:\Program Files\Eclipse Adoptium\jdk-8.0.382.5-hotspot\jre\bin\verify.dll
0x00007ffda2b80000 - 0x00007ffda2bab000 	C:\Program Files\Eclipse Adoptium\jdk-8.0.382.5-hotspot\jre\bin\java.dll
0x00007ffda29b0000 - 0x00007ffda29c8000 	C:\Program Files\Eclipse Adoptium\jdk-8.0.382.5-hotspot\jre\bin\zip.dll
0x00007ffdb4150000 - 0x00007ffdb4894000 	C:\Windows\System32\SHELL32.dll
0x00007ffdb0130000 - 0x00007ffdb08cb000 	C:\Windows\SYSTEM32\windows.storage.dll
0x00007ffdb3010000 - 0x00007ffdb3364000 	C:\Windows\System32\combase.dll
0x00007ffdb1bd0000 - 0x00007ffdb1bfd000 	C:\Windows\SYSTEM32\Wldp.dll
0x00007ffdb2d40000 - 0x00007ffdb2ded000 	C:\Windows\System32\SHCORE.dll
0x00007ffdb3fc0000 - 0x00007ffdb4015000 	C:\Windows\System32\shlwapi.dll
0x00007ffdb20c0000 - 0x00007ffdb20e5000 	C:\Windows\SYSTEM32\profapi.dll
0x0000000065580000 - 0x0000000065616000 	C:\Users\abril\AppData\Local\Temp\libgdxabril\12dfaa03\gdx64.dll
0x00007ffdb1b30000 - 0x00007ffdb1b48000 	C:\Windows\SYSTEM32\CRYPTSP.dll
0x00007ffdb11d0000 - 0x00007ffdb1204000 	C:\Windows\system32\rsaenh.dll
0x00007ffdb2930000 - 0x00007ffdb2957000 	C:\Windows\System32\bcrypt.dll
0x00007ffdb2080000 - 0x00007ffdb20ae000 	C:\Windows\SYSTEM32\USERENV.dll
0x00007ffdb2260000 - 0x00007ffdb22e2000 	C:\Windows\System32\bcryptprimitives.dll
0x00007ffdb1b20000 - 0x00007ffdb1b2c000 	C:\Windows\SYSTEM32\CRYPTBASE.dll
0x00007ffda2930000 - 0x00007ffda294c000 	C:\Program Files\Eclipse Adoptium\jdk-8.0.382.5-hotspot\jre\bin\net.dll
0x00007ffdb18e0000 - 0x00007ffdb194a000 	C:\Windows\system32\mswsock.dll
0x00007ffdb15b0000 - 0x00007ffdb15eb000 	C:\Windows\SYSTEM32\IPHLPAPI.DLL
0x00007ffdb3df0000 - 0x00007ffdb3df8000 	C:\Windows\System32\NSI.dll
0x00007ffda6e30000 - 0x00007ffda6e47000 	C:\Windows\SYSTEM32\dhcpcsvc6.DLL
0x00007ffda7030000 - 0x00007ffda704d000 	C:\Windows\SYSTEM32\dhcpcsvc.DLL
0x00007ffdb15f0000 - 0x00007ffdb16ba000 	C:\Windows\SYSTEM32\DNSAPI.dll
0x00007ffd9cbb0000 - 0x00007ffd9cbc3000 	C:\Program Files\Eclipse Adoptium\jdk-8.0.382.5-hotspot\jre\bin\nio.dll
0x0000000180000000 - 0x0000000180053000 	C:\Users\abril\AppData\Local\Temp\libgdxabril\dc0f0009\lwjgl64.dll
0x00007ffd9bf80000 - 0x00007ffd9c0a5000 	C:\Windows\SYSTEM32\OPENGL32.dll
0x00007ffda6d30000 - 0x00007ffda6d5c000 	C:\Windows\SYSTEM32\GLU32.dll
0x0000021a424b0000 - 0x0000021a42514000 	C:\Users\abril\AppData\Local\Temp\libgdxabril\dc0f0009\OpenAL64.dll
0x00007ffdb3e90000 - 0x00007ffdb3fbb000 	C:\Windows\System32\ole32.dll
0x00007ffdaf5a0000 - 0x00007ffdaf63e000 	C:\Windows\system32\uxtheme.dll
0x00007ffdb48a0000 - 0x00007ffdb4949000 	C:\Windows\System32\clbcatq.dll
0x00007ffd87f60000 - 0x00007ffd87ffc000 	C:\Windows\SYSTEM32\dsound.dll
0x00007ffd9be50000 - 0x00007ffd9be76000 	C:\Windows\SYSTEM32\winmmbase.dll
0x00007ffdb1950000 - 0x00007ffdb199b000 	C:\Windows\SYSTEM32\powrprof.dll
0x00007ffdb18c0000 - 0x00007ffdb18d2000 	C:\Windows\SYSTEM32\UMPDC.dll
0x00007ffda8bf0000 - 0x00007ffda8c75000 	C:\Windows\System32\MMDevApi.dll
0x00007ffdb1f20000 - 0x00007ffdb1f53000 	C:\Windows\System32\DEVOBJ.dll
0x00007ffdb28e0000 - 0x00007ffdb292e000 	C:\Windows\System32\cfgmgr32.dll
0x00007ffda8cc0000 - 0x00007ffda8e42000 	C:\Windows\SYSTEM32\AUDIOSES.DLL
0x00007ffdb2df0000 - 0x00007ffdb2ebd000 	C:\Windows\System32\OLEAUT32.dll
0x00007ffdaf680000 - 0x00007ffdaf694000 	C:\Windows\SYSTEM32\resourcepolicyclient.dll
0x00007ffdab710000 - 0x00007ffdab7be000 	C:\Windows\SYSTEM32\mscms.dll
0x00007ffdab6a0000 - 0x00007ffdab6b1000 	C:\Windows\SYSTEM32\ColorAdapterClient.dll
0x00007ffd992a0000 - 0x00007ffd992e3000 	C:\Windows\System32\Windows.Internal.Graphics.Display.DisplayColorManagement.dll
0x00007ffdb2bb0000 - 0x00007ffdb2cc4000 	C:\Windows\System32\MSCTF.dll
0x00007ffda7440000 - 0x00007ffda7542000 	C:\Windows\System32\AppXDeploymentClient.dll
0x00007ffd4e420000 - 0x00007ffd4f427000 	C:\Windows\System32\DriverStore\FileRepository\iigd_dch.inf_amd64_044fd6f0c2ae28a8\ig12icd64.dll
0x00007ffdaf780000 - 0x00007ffdaf7af000 	C:\Windows\system32\dwmapi.dll
0x00007ffdb0a30000 - 0x00007ffdb0b23000 	C:\Windows\system32\dxgi.dll
0x00007ffd6f760000 - 0x00007ffd6fb59000 	C:\Windows\System32\DriverStore\FileRepository\iigd_dch.inf_amd64_044fd6f0c2ae28a8\igdml64.dll
0x00007ffd992f0000 - 0x00007ffd995b4000 	C:\Windows\System32\DriverStore\FileRepository\iigd_dch.inf_amd64_044fd6f0c2ae28a8\igdgmm64.dll
0x00007ffd9d910000 - 0x00007ffd9da0a000 	C:\Windows\SYSTEM32\textinputframework.dll
0x00007ffdaa970000 - 0x00007ffdaaccb000 	C:\Windows\System32\CoreUIComponents.dll
0x00007ffdb12f0000 - 0x00007ffdb1323000 	C:\Windows\SYSTEM32\ntmarta.dll
0x00007ffdab0e0000 - 0x00007ffdab1d2000 	C:\Windows\System32\CoreMessaging.dll
0x00007ffdabd00000 - 0x00007ffdabe55000 	C:\Windows\SYSTEM32\wintypes.dll
0x00007ffda5ac0000 - 0x00007ffda5b03000 	C:\Windows\SYSTEM32\icm32.dll
0x00007ffd96200000 - 0x00007ffd98d94000 	C:\Windows\System32\DriverStore\FileRepository\iigd_dch.inf_amd64_044fd6f0c2ae28a8\igc64.dll
0x00007ffdaff40000 - 0x00007ffdb0124000 	C:\Windows\SYSTEM32\dbghelp.dll

VM Arguments:
jvm_args: -Duser.language=es_AR -Dfile.encoding=UTF-8 
java_command: org.uqbar.project.wollok.launch.WollokLauncher -requestsPort 0 -eventsPort 0 -folder -dontValidate -wf src/juego.wpgm
java_class_path (initial): C:\Users\abril\OneDrive\Documentos\UTN\Nivel 2\Paradigmas\Objetos\2023-objetos-tp-integrador-playadito__\bin;C:\Wollok\plugins\com.ibm.icu_64.2.0.v20190507-1337.jar;C:\Wollok\plugins\org.eclipse.xtext_2.20.0.v20191202-0915.jar;C:\Wollok\plugins\org.eclipse.emf.ecore.xmi_2.16.0.v20190528-0725.jar;C:\Wollok\plugins\org.eclipse.emf.ecore_2.20.0.v20190920-0401.jar;C:\Wollok\plugins\org.eclipse.emf.common_2.17.0.v20190920-0401.jar;C:\Wollok\plugins\org.antlr.runtime_3.2.0.v201101311130.jar;C:\Wollok\plugins\com.google.inject_3.0.0.v201605172100.jar;C:\Wollok\plugins\org.eclipse.emf.mwe.core_1.5.1.v20191121-1148.jar;C:\Wollok\plugins\org.apache.commons.cli_1.2.0.v201404270220.jar;C:\Wollok\plugins\org.eclipse.emf.mwe2.runtime_2.11.1.v20191121-1148.jar;C:\Wollok\plugins\org.eclipse.emf.mwe.utils_1.5.1.v20191121-1148.jar;C:\Wollok\plugins\org.eclipse.xtext.util_2.20.0.v20191202-0915.jar;C:\Wollok\plugins\com.google.guava_27.1.0.v20190517-1946.jar;C:\Wollok\plugins\javax.inject_1.0.0.v20091030.jar;C:\Wollok\plugins\org.eclipse.xtext.generator_2.20.0.v20191202-0933.jar;C:\Wollok\plugins\org.eclipse.xtext.xtext.generator_2.20.0.v20191202-0915.jar;C:\Wollok\plugins\org.eclipse.xtext.xbase.lib_2.20.0.v20191202-0907.jar;C:\Wollok\plugins\org.eclipse.emf.codegen.ecore_2.20.0.v20191012-0918.jar;C:\Wollok\plugins\org.eclipse.emf.codegen_2.19.0.v20190821-1536.jar;C:\Wollok\plugins\org.eclipse.xtend_2.2.0.v201605260315.jar;C:\Wollok\plugins\org.eclipse.xpand_2.2.0.v201605260315.jar;C:\Wollok\plugins\org.eclipse.xtend.typesystem.emf_2.2.0.v201605260315.jar;C:\Wollok\plugins\org.uqbar.project.wollok_3.0.0.jar;C:\Wollok\plugins\org.eclipse.xtext.xbase_2.20.0.v20191202-0933.jar;C:\Wollok\plugins\org.eclipse.xtext.common.types_2.20.0.v20191202-0933.jar;C:\Wollok\plugins\org.eclipse.xtend.lib_2.20.0.v20191202-0907.jar;C:\Wollok\plugins\org.eclipse.xtend.lib.macro_2.20.0.v20191202-0907.jar;C:\Wollok\plugins\org.apache.commons.collections_3.2.2.v201511171945.jar;C
Launcher Type: SUN_STANDARD

Environment Variables:
JAVA_HOME=C:\Program Files\Eclipse Adoptium\jdk-8.0.382.5-hotspot\
PATH=C:/Program Files/Eclipse Adoptium/jdk-8.0.382.5-hotspot/bin/../jre/bin/server;C:/Program Files/Eclipse Adoptium/jdk-8.0.382.5-hotspot/bin/../jre/bin;C:/Program Files/Eclipse Adoptium/jdk-8.0.382.5-hotspot/bin/../jre/lib/amd64;C:\Program Files\Eclipse Adoptium\jdk-8.0.382.5-hotspot\bin;C:\Python311\Scripts\;C:\Python311\;C:\Windows\system32;C:\Windows;C:\Windows\System32\Wbem;C:\Windows\System32\WindowsPowerShell\v1.0\;C:\Windows\System32\OpenSSH\;C:\Program Files\Git\cmd;C:\Program Files\dotnet\;C:\MinGW\bin;C:\MinGW\msys\1.0\bin;C:\Program Files\swipl\bin;C:\Program Files\nodejs\;C:\ProgramData\chocolatey\bin;C:\Users\abril\AppData\Local\Microsoft\WindowsApps;;C:\Users\abril\AppData\Local\Programs\Microsoft VS Code\bin;C:\ghcup\bin;C:\Users\abril\AppData\Roaming\npm;C:\Wollok;
USERNAME=abril
OS=Windows_NT
PROCESSOR_IDENTIFIER=Intel64 Family 6 Model 140 Stepping 1, GenuineIntel



---------------  S Y S T E M  ---------------

OS: Windows 10 , 64 bit Build 19041 (10.0.19041.3570)

CPU:total 8 (initial active 8) (4 cores per cpu, 2 threads per core) family 6 model 140 stepping 1, cmov, cx8, fxsr, mmx, sse, sse2, sse3, ssse3, sse4.1, sse4.2, popcnt, avx, avx2, aes, clmul, erms, 3dnowpref, lzcnt, ht, tsc, tscinvbit, bmi1, bmi2, adx

Memory: 4k page, physical 8075748k(2787172k free), swap 15386476k(5902936k free)

vm_info: OpenJDK 64-Bit Server VM (25.382-b05) for windows-amd64 JRE (1.8.0_382-b05), built on Jul 19 2023 15:37:29 by "jenkins" with MS VC++ 15.9 (VS2017)

time: Wed Oct 18 21:49:57 2023
timezone: Hora estándar de Argentina
elapsed time: 7.510350 seconds (0d 0h 0m 7s)

