#
# A fatal error has been detected by the Java Runtime Environment:
#
#  EXCEPTION_ACCESS_VIOLATION (0xc0000005) at pc=0x00007ffd4e6a0c2c, pid=14172, tid=0x00000000000007dc
#
# JRE version: OpenJDK Runtime Environment (8.0_382-b05) (build 1.8.0_382-b05)
# Java VM: OpenJDK 64-Bit Server VM (25.382-b05 mixed mode windows-amd64 compressed oops)
# Problematic frame:
# C  [ig12icd64.dll+0x280c2c]
#
# Failed to write core dump. Minidumps are not enabled by default on client versions of Windows
#
# If you would like to submit a bug report, please visit:
#   https://github.com/adoptium/adoptium-support/issues
# The crash happened outside the Java Virtual Machine in native code.
# See problematic frame for where to report the bug.
#

---------------  T H R E A D  ---------------

Current thread (0x0000014a57a74800):  JavaThread "LWJGL Application" [_thread_in_native, id=2012, stack(0x000000167f300000,0x000000167f400000)]

siginfo: ExceptionCode=0xc0000005, reading address 0x0000000000000000

Registers:
RAX=0x0000014b055a3650, RBX=0x0000014a55205580, RCX=0x0000000000000000, RDX=0x0000014a56dbc200
RSP=0x000000167f3fdad0, RBP=0x0000014a594c3db0, RSI=0x0000014a56dbc200, RDI=0x0000014b056642f0
R8 =0x0000014b056642f0, R9 =0x000000167f3fda90, R10=0x0000000000000000, R11=0x0000000000000246
R12=0x0000014a581b8400, R13=0x0000014b056642f0, R14=0x0000000000000000, R15=0x0000000000000001
RIP=0x00007ffd4e6a0c2c, EFLAGS=0x0000000000010206

Top of Stack: (sp=0x000000167f3fdad0)
0x000000167f3fdad0:   0000014a571e3101 0000000000000000
0x000000167f3fdae0:   0000014b056642f0 0000014a581b8400
0x000000167f3fdaf0:   0000014a594c3e80 00007ffd4e6a0675
0x000000167f3fdb00:   0000014a55205580 0000014a571e31b0
0x000000167f3fdb10:   0000014a56dbc200 0000014a56dbc200
0x000000167f3fdb20:   0000014b0564c801 00007ffd4e6a0700
0x000000167f3fdb30:   0000014a55200101 0000014a55205580
0x000000167f3fdb40:   0000014a00000000 000005f3f54eeeac
0x000000167f3fdb50:   0000014a55205580 0000000000000000
0x000000167f3fdb60:   0000014a56c72850 00000000000000b0
0x000000167f3fdb70:   0000000000000000 0000000000000000
0x000000167f3fdb80:   0000014a581b8400 0000014a581b83f8
0x000000167f3fdb90:   0000014a581b89d0 000000167f3fdc50
0x000000167f3fdba0:   0000000000000000 0000000000000000
0x000000167f3fdbb0:   0000000000000008 00007ffd4e47e94e
0x000000167f3fdbc0:   0000014a571e31b0 0000014a581b8400 

Instructions: (pc=0x00007ffd4e6a0c2c)
0x00007ffd4e6a0c0c:   90 48 8b 86 80 02 00 00 48 89 87 18 05 00 00 48
0x00007ffd4e6a0c1c:   89 be 80 02 00 00 ff 86 88 02 00 00 48 8b 4f 08
0x00007ffd4e6a0c2c:   48 8b 01 ba 01 00 00 00 48 8b 80 d8 02 00 00 ff
0x00007ffd4e6a0c3c:   15 b7 69 88 00 48 01 86 a0 02 00 00 48 8b 4f 08 


Register to memory mapping:

RAX=0x0000014b055a3650 is an unknown value
RBX=0x0000014a55205580 is an unknown value
RCX=0x0000000000000000 is an unknown value
RDX=0x0000014a56dbc200 is an unknown value
RSP=0x000000167f3fdad0 is pointing into the stack for thread: 0x0000014a57a74800
RBP=0x0000014a594c3db0 is an unknown value
RSI=0x0000014a56dbc200 is an unknown value
RDI=0x0000014b056642f0 is an unknown value
R8 =0x0000014b056642f0 is an unknown value
R9 =0x000000167f3fda90 is pointing into the stack for thread: 0x0000014a57a74800
R10=0x0000000000000000 is an unknown value
R11=0x0000000000000246 is an unknown value
R12=0x0000014a581b8400 is an unknown value
R13=0x0000014b056642f0 is an unknown value
R14=0x0000000000000000 is an unknown value
R15=0x0000000000000001 is an unknown value


Stack: [0x000000167f300000,0x000000167f400000],  sp=0x000000167f3fdad0,  free space=1014k
Native frames: (J=compiled Java code, j=interpreted, Vv=VM code, C=native code)
C  [ig12icd64.dll+0x280c2c]
C  [ig12icd64.dll+0x280675]
C  [ig12icd64.dll+0x5e94e]
C  [ig12icd64.dll+0x5e8a7]
C  [ig12icd64.dll+0x58331]
C  [ig12icd64.dll+0x285174]
C  [ig12icd64.dll+0xccc27]
C  [ig12icd64.dll+0x9c1079]
C  [ig12icd64.dll+0x21c66]
C  [ig12icd64.dll+0xc63a2]
C  [ig12icd64.dll+0x2a2e2f]
C  [ig12icd64.dll+0x2aa784]
C  [ig12icd64.dll+0x29c90f]
C  [ig12icd64.dll+0x29e8ee]
C  [OPENGL32.dll+0x293aa]
C  0x0000014a3e4672b3

Java frames: (J=compiled Java code, j=interpreted, Vv=VM code)
J 4072  org.lwjgl.opengl.GL11.nglDrawElements(IIIJJ)V (0 bytes) @ 0x0000014a3e467216 [0x0000014a3e4671c0+0x56]
J 5064 C2 com.badlogic.gdx.graphics.g2d.SpriteBatch.flush()V (193 bytes) @ 0x0000014a3e69e594 [0x0000014a3e69e040+0x554]
J 3697 C2 org.uqbar.project.wollok.game.gameboard.CellsBackground$1.accept(Ljava/lang/Object;)V (9 bytes) @ 0x0000014a3e329f84 [0x0000014a3e329920+0x664]
J 3776 C2 java.util.ArrayList.forEach(Ljava/util/function/Consumer;)V (75 bytes) @ 0x0000014a3e356824 [0x0000014a3e356760+0xc4]
J 5227 C1 org.uqbar.project.wollok.game.gameboard.GameboardRendering.render()V (26 bytes) @ 0x0000014a3e31d494 [0x0000014a3e31d140+0x354]
j  com.badlogic.gdx.backends.lwjgl.LwjglApplication.mainLoop()V+698
j  com.badlogic.gdx.backends.lwjgl.LwjglApplication$1.run()V+27
v  ~StubRoutines::call_stub

---------------  P R O C E S S  ---------------

Java Threads: ( => current thread )
  0x0000014a56ae3800 JavaThread "LWJGL Timer" daemon [_thread_blocked, id=18116, stack(0x000000167f700000,0x000000167f800000)]
=>0x0000014a57a74800 JavaThread "LWJGL Application" [_thread_in_native, id=2012, stack(0x000000167f300000,0x000000167f400000)]
  0x0000014a54aff000 JavaThread "com.google.inject.internal.util.$Finalizer" daemon [_thread_blocked, id=860, stack(0x000000167ee00000,0x000000167ef00000)]
  0x0000014a54825000 JavaThread "EMF Reference Cleaner" daemon [_thread_blocked, id=5828, stack(0x000000167ed00000,0x000000167ee00000)]
  0x0000014a53cee000 JavaThread "Service Thread" daemon [_thread_blocked, id=19064, stack(0x000000167eb00000,0x000000167ec00000)]
  0x0000014a51e68000 JavaThread "C1 CompilerThread3" daemon [_thread_blocked, id=6100, stack(0x000000167ea00000,0x000000167eb00000)]
  0x0000014a51e58000 JavaThread "C2 CompilerThread2" daemon [_thread_blocked, id=9636, stack(0x000000167e900000,0x000000167ea00000)]
  0x0000014a51e57000 JavaThread "C2 CompilerThread1" daemon [_thread_blocked, id=7100, stack(0x000000167e800000,0x000000167e900000)]
  0x0000014a51e5b800 JavaThread "C2 CompilerThread0" daemon [_thread_blocked, id=6256, stack(0x000000167e700000,0x000000167e800000)]
  0x0000014a51e4a000 JavaThread "Attach Listener" daemon [_thread_blocked, id=14496, stack(0x000000167e600000,0x000000167e700000)]
  0x0000014a51e49000 JavaThread "Signal Dispatcher" daemon [_thread_blocked, id=16036, stack(0x000000167e500000,0x000000167e600000)]
  0x0000014a51e1e800 JavaThread "Finalizer" daemon [_thread_blocked, id=18888, stack(0x000000167e400000,0x000000167e500000)]
  0x0000014a51e16000 JavaThread "Reference Handler" daemon [_thread_blocked, id=13812, stack(0x000000167e300000,0x000000167e400000)]
  0x0000014a3be07000 JavaThread "main" [_thread_blocked, id=11704, stack(0x000000167d900000,0x000000167da00000)]

Other Threads:
  0x0000014a51ded000 VMThread [stack: 0x000000167e200000,0x000000167e300000] [id=1104]
  0x0000014a53cf9800 WatcherThread [stack: 0x000000167ec00000,0x000000167ed00000] [id=5156]

VM state:not at safepoint (normal execution)

VM Mutex/Monitor currently owned by a thread: None

heap address: 0x0000000084c00000, size: 1972 MB, Compressed Oops mode: 32-bit
Narrow klass base: 0x0000000000000000, Narrow klass shift: 3
Compressed class space size: 1073741824 Address: 0x0000000100000000

Heap:
 PSYoungGen      total 53248K, used 1118K [0x00000000d6f00000, 0x00000000f8080000, 0x0000000100000000)
  eden space 52736K, 2% used [0x00000000d6f00000,0x00000000d7007b90,0x00000000da280000)
  from space 512K, 12% used [0x00000000f7f80000,0x00000000f7f90000,0x00000000f8000000)
  to   space 512K, 0% used [0x00000000f8000000,0x00000000f8000000,0x00000000f8080000)
 ParOldGen       total 82432K, used 22910K [0x0000000084c00000, 0x0000000089c80000, 0x00000000d6f00000)
  object space 82432K, 27% used [0x0000000084c00000,0x000000008625fbc8,0x0000000089c80000)
 Metaspace       used 25192K, capacity 25585K, committed 25600K, reserved 1071104K
  class space    used 2960K, capacity 3063K, committed 3072K, reserved 1048576K

Card table byte_map: [0x0000014a4cb90000,0x0000014a4cf70000] byte_map_base: 0x0000014a4c76a000

Marking Bits: (ParMarkBitMap*) 0x000000007599f810
 Begin Bits: [0x0000014a4d210000, 0x0000014a4f0e0000)
 End Bits:   [0x0000014a4f0e0000, 0x0000014a50fb0000)

Polling page: 0x0000014a3d7a0000

CodeCache: size=245760Kb used=13691Kb max_used=15059Kb free=232068Kb
 bounds [0x0000014a3d7d0000, 0x0000014a3e6e0000, 0x0000014a4c7d0000]
 total_blobs=4685 nmethods=4086 adapters=510
 compilation: enabled

Compilation events (10 events):
Event: 159.430 Thread 0x0000014a51e5b800 5283   !   4       org.lwjgl.input.Keyboard::next (60 bytes)
Event: 159.433 Thread 0x0000014a51e5b800 nmethod 5283 0x0000014a3da36a50 code [0x0000014a3da36ba0, 0x0000014a3da36e18]
Event: 159.492 Thread 0x0000014a51e57000 5284   !   4       org.lwjgl.opengl.Display::isCloseRequested (38 bytes)
Event: 159.494 Thread 0x0000014a51e57000 nmethod 5284 0x0000014a3e11f150 code [0x0000014a3e11f2a0, 0x0000014a3e11f4f8]
Event: 159.524 Thread 0x0000014a51e58000 5285       4       org.lwjgl.opengl.Sync$RunningAvg::dampenForLowResTicker (42 bytes)
Event: 159.527 Thread 0x0000014a51e58000 nmethod 5285 0x0000014a3d93c350 code [0x0000014a3d93c4a0, 0x0000014a3d93c618]
Event: 163.369 Thread 0x0000014a51e5b800 5286   !   4       com.badlogic.gdx.backends.lwjgl.LwjglApplication::executeRunnables (98 bytes)
Event: 163.382 Thread 0x0000014a51e5b800 nmethod 5286 0x0000014a3e41c310 code [0x0000014a3e41c460, 0x0000014a3e41c778]
Event: 167.997 Thread 0x0000014a51e57000 5287   !   4       org.eclipse.emf.common.util.Pool$PoolEntry::clear (44 bytes)
Event: 168.001 Thread 0x0000014a51e57000 nmethod 5287 0x0000014a3e131090 code [0x0000014a3e131220, 0x0000014a3e131630]

GC Heap History (10 events):
Event: 172.107 GC heap before
{Heap before GC invocations=386 (full 1):
 PSYoungGen      total 58880K, used 58464K [0x00000000d6f00000, 0x00000000f8080000, 0x0000000100000000)
  eden space 58368K, 100% used [0x00000000d6f00000,0x00000000da800000,0x00000000da800000)
  from space 512K, 18% used [0x00000000f8000000,0x00000000f8018000,0x00000000f8080000)
  to   space 512K, 0% used [0x00000000f7f80000,0x00000000f7f80000,0x00000000f8000000)
 ParOldGen       total 82432K, used 22910K [0x0000000084c00000, 0x0000000089c80000, 0x00000000d6f00000)
  object space 82432K, 27% used [0x0000000084c00000,0x000000008625fbc8,0x0000000089c80000)
 Metaspace       used 25192K, capacity 25585K, committed 25600K, reserved 1071104K
  class space    used 2960K, capacity 3063K, committed 3072K, reserved 1048576K
Event: 172.109 GC heap after
Heap after GC invocations=386 (full 1):
 PSYoungGen      total 57344K, used 64K [0x00000000d6f00000, 0x00000000f8080000, 0x0000000100000000)
  eden space 56832K, 0% used [0x00000000d6f00000,0x00000000d6f00000,0x00000000da680000)
  from space 512K, 12% used [0x00000000f7f80000,0x00000000f7f90000,0x00000000f8000000)
  to   space 512K, 0% used [0x00000000f8000000,0x00000000f8000000,0x00000000f8080000)
 ParOldGen       total 82432K, used 22910K [0x0000000084c00000, 0x0000000089c80000, 0x00000000d6f00000)
  object space 82432K, 27% used [0x0000000084c00000,0x000000008625fbc8,0x0000000089c80000)
 Metaspace       used 25192K, capacity 25585K, committed 25600K, reserved 1071104K
  class space    used 2960K, capacity 3063K, committed 3072K, reserved 1048576K
}
Event: 172.350 GC heap before
{Heap before GC invocations=387 (full 1):
 PSYoungGen      total 57344K, used 56896K [0x00000000d6f00000, 0x00000000f8080000, 0x0000000100000000)
  eden space 56832K, 100% used [0x00000000d6f00000,0x00000000da680000,0x00000000da680000)
  from space 512K, 12% used [0x00000000f7f80000,0x00000000f7f90000,0x00000000f8000000)
  to   space 512K, 0% used [0x00000000f8000000,0x00000000f8000000,0x00000000f8080000)
 ParOldGen       total 82432K, used 22910K [0x0000000084c00000, 0x0000000089c80000, 0x00000000d6f00000)
  object space 82432K, 27% used [0x0000000084c00000,0x000000008625fbc8,0x0000000089c80000)
 Metaspace       used 25192K, capacity 25585K, committed 25600K, reserved 1071104K
  class space    used 2960K, capacity 3063K, committed 3072K, reserved 1048576K
Event: 172.352 GC heap after
Heap after GC invocations=387 (full 1):
 PSYoungGen      total 56320K, used 96K [0x00000000d6f00000, 0x00000000f8080000, 0x0000000100000000)
  eden space 55808K, 0% used [0x00000000d6f00000,0x00000000d6f00000,0x00000000da580000)
  from space 512K, 18% used [0x00000000f8000000,0x00000000f8018000,0x00000000f8080000)
  to   space 512K, 0% used [0x00000000f7f80000,0x00000000f7f80000,0x00000000f8000000)
 ParOldGen       total 82432K, used 22910K [0x0000000084c00000, 0x0000000089c80000, 0x00000000d6f00000)
  object space 82432K, 27% used [0x0000000084c00000,0x000000008625fbc8,0x0000000089c80000)
 Metaspace       used 25192K, capacity 25585K, committed 25600K, reserved 1071104K
  class space    used 2960K, capacity 3063K, committed 3072K, reserved 1048576K
}
Event: 172.610 GC heap before
{Heap before GC invocations=388 (full 1):
 PSYoungGen      total 56320K, used 55904K [0x00000000d6f00000, 0x00000000f8080000, 0x0000000100000000)
  eden space 55808K, 100% used [0x00000000d6f00000,0x00000000da580000,0x00000000da580000)
  from space 512K, 18% used [0x00000000f8000000,0x00000000f8018000,0x00000000f8080000)
  to   space 512K, 0% used [0x00000000f7f80000,0x00000000f7f80000,0x00000000f8000000)
 ParOldGen       total 82432K, used 22910K [0x0000000084c00000, 0x0000000089c80000, 0x00000000d6f00000)
  object space 82432K, 27% used [0x0000000084c00000,0x000000008625fbc8,0x0000000089c80000)
 Metaspace       used 25192K, capacity 25585K, committed 25600K, reserved 1071104K
  class space    used 2960K, capacity 3063K, committed 3072K, reserved 1048576K
Event: 172.611 GC heap after
Heap after GC invocations=388 (full 1):
 PSYoungGen      total 55296K, used 64K [0x00000000d6f00000, 0x00000000f8080000, 0x0000000100000000)
  eden space 54784K, 0% used [0x00000000d6f00000,0x00000000d6f00000,0x00000000da480000)
  from space 512K, 12% used [0x00000000f7f80000,0x00000000f7f90000,0x00000000f8000000)
  to   space 512K, 0% used [0x00000000f8000000,0x00000000f8000000,0x00000000f8080000)
 ParOldGen       total 82432K, used 22910K [0x0000000084c00000, 0x0000000089c80000, 0x00000000d6f00000)
  object space 82432K, 27% used [0x0000000084c00000,0x000000008625fbc8,0x0000000089c80000)
 Metaspace       used 25192K, capacity 25585K, committed 25600K, reserved 1071104K
  class space    used 2960K, capacity 3063K, committed 3072K, reserved 1048576K
}
Event: 172.837 GC heap before
{Heap before GC invocations=389 (full 1):
 PSYoungGen      total 55296K, used 54848K [0x00000000d6f00000, 0x00000000f8080000, 0x0000000100000000)
  eden space 54784K, 100% used [0x00000000d6f00000,0x00000000da480000,0x00000000da480000)
  from space 512K, 12% used [0x00000000f7f80000,0x00000000f7f90000,0x00000000f8000000)
  to   space 512K, 0% used [0x00000000f8000000,0x00000000f8000000,0x00000000f8080000)
 ParOldGen       total 82432K, used 22910K [0x0000000084c00000, 0x0000000089c80000, 0x00000000d6f00000)
  object space 82432K, 27% used [0x0000000084c00000,0x000000008625fbc8,0x0000000089c80000)
 Metaspace       used 25192K, capacity 25585K, committed 25600K, reserved 1071104K
  class space    used 2960K, capacity 3063K, committed 3072K, reserved 1048576K
Event: 172.838 GC heap after
Heap after GC invocations=389 (full 1):
 PSYoungGen      total 54272K, used 96K [0x00000000d6f00000, 0x00000000f8080000, 0x0000000100000000)
  eden space 53760K, 0% used [0x00000000d6f00000,0x00000000d6f00000,0x00000000da380000)
  from space 512K, 18% used [0x00000000f8000000,0x00000000f8018000,0x00000000f8080000)
  to   space 512K, 0% used [0x00000000f7f80000,0x00000000f7f80000,0x00000000f8000000)
 ParOldGen       total 82432K, used 22910K [0x0000000084c00000, 0x0000000089c80000, 0x00000000d6f00000)
  object space 82432K, 27% used [0x0000000084c00000,0x000000008625fbc8,0x0000000089c80000)
 Metaspace       used 25192K, capacity 25585K, committed 25600K, reserved 1071104K
  class space    used 2960K, capacity 3063K, committed 3072K, reserved 1048576K
}
Event: 173.053 GC heap before
{Heap before GC invocations=390 (full 1):
 PSYoungGen      total 54272K, used 53856K [0x00000000d6f00000, 0x00000000f8080000, 0x0000000100000000)
  eden space 53760K, 100% used [0x00000000d6f00000,0x00000000da380000,0x00000000da380000)
  from space 512K, 18% used [0x00000000f8000000,0x00000000f8018000,0x00000000f8080000)
  to   space 512K, 0% used [0x00000000f7f80000,0x00000000f7f80000,0x00000000f8000000)
 ParOldGen       total 82432K, used 22910K [0x0000000084c00000, 0x0000000089c80000, 0x00000000d6f00000)
  object space 82432K, 27% used [0x0000000084c00000,0x000000008625fbc8,0x0000000089c80000)
 Metaspace       used 25192K, capacity 25585K, committed 25600K, reserved 1071104K
  class space    used 2960K, capacity 3063K, committed 3072K, reserved 1048576K
Event: 173.054 GC heap after
Heap after GC invocations=390 (full 1):
 PSYoungGen      total 53248K, used 64K [0x00000000d6f00000, 0x00000000f8080000, 0x0000000100000000)
  eden space 52736K, 0% used [0x00000000d6f00000,0x00000000d6f00000,0x00000000da280000)
  from space 512K, 12% used [0x00000000f7f80000,0x00000000f7f90000,0x00000000f8000000)
  to   space 512K, 0% used [0x00000000f8000000,0x00000000f8000000,0x00000000f8080000)
 ParOldGen       total 82432K, used 22910K [0x0000000084c00000, 0x0000000089c80000, 0x00000000d6f00000)
  object space 82432K, 27% used [0x0000000084c00000,0x000000008625fbc8,0x0000000089c80000)
 Metaspace       used 25192K, capacity 25585K, committed 25600K, reserved 1071104K
  class space    used 2960K, capacity 3063K, committed 3072K, reserved 1048576K
}

Deoptimization events (10 events):
Event: 7.100 Thread 0x0000014a57a74800 Uncommon trap: reason=predicate action=maybe_recompile pc=0x0000014a3e57e4a4 method=java.lang.Class.getConstructor0([Ljava/lang/Class;I)Ljava/lang/reflect/Constructor; @ 32
Event: 7.100 Thread 0x0000014a57a74800 Uncommon trap: reason=unstable_if action=reinterpret pc=0x0000014a3e543c10 method=java.lang.Class.arrayContentsEq([Ljava/lang/Object;[Ljava/lang/Object;)Z @ 1
Event: 7.122 Thread 0x0000014a57a74800 Uncommon trap: reason=unstable_if action=reinterpret pc=0x0000014a3deb9524 method=java.math.BigInteger.getInt(I)I @ 39
Event: 7.297 Thread 0x0000014a57a74800 Uncommon trap: reason=null_check action=make_not_entrant pc=0x0000014a3e17f08c method=org.eclipse.xtext.resource.impl.ResourceDescriptionsProvider.getResourceDescriptions(Lorg/eclipse/emf/ecore/resource/ResourceSet;)Lorg/eclipse/xtext/resource/IResourceDe
Event: 7.318 Thread 0x0000014a57a74800 Uncommon trap: reason=null_check action=make_not_entrant pc=0x0000014a3e2e758c method=org.eclipse.xtext.resource.impl.ResourceDescriptionsProvider.getResourceDescriptions(Lorg/eclipse/emf/ecore/resource/ResourceSet;)Lorg/eclipse/xtext/resource/IResourceDe
Event: 7.340 Thread 0x0000014a57a74800 Uncommon trap: reason=null_check action=make_not_entrant pc=0x0000014a3e1796cc method=org.eclipse.xtext.resource.impl.ResourceDescriptionsProvider.getResourceDescriptions(Lorg/eclipse/emf/ecore/resource/ResourceSet;)Lorg/eclipse/xtext/resource/IResourceDe
Event: 8.195 Thread 0x0000014a57a74800 Uncommon trap: reason=bimorphic action=maybe_recompile pc=0x0000014a3daa6014 method=org.eclipse.xtext.xbase.lib.ObjectExtensions.operator_doubleArrow(Ljava/lang/Object;Lorg/eclipse/xtext/xbase/lib/Procedures$Procedure1;)Ljava/lang/Object; @ 2
Event: 25.124 Thread 0x0000014a57a74800 Uncommon trap: reason=unstable_if action=reinterpret pc=0x0000014a3de12838 method=java.util.concurrent.locks.ReentrantReadWriteLock$Sync.tryAcquire(I)Z @ 80
Event: 122.396 Thread 0x0000014a54825000 Uncommon trap: reason=unstable_if action=reinterpret pc=0x0000014a3e587fc8 method=java.util.concurrent.locks.ReentrantReadWriteLock$Sync.tryAcquire(I)Z @ 80
Event: 146.671 Thread 0x0000014a54825000 Uncommon trap: reason=unstable_if action=reinterpret pc=0x0000014a3dcdc9cc method=java.util.concurrent.locks.AbstractQueuedSynchronizer.release(I)Z @ 21

Classes redefined (0 events):
No events

Internal exceptions (10 events):
Event: 2.277 Thread 0x0000014a3be07000 Exception <a 'java/security/PrivilegedActionException'> (0x00000000d8382690) thrown at [J:\jenkins\tmp\workspace\build\src\hotspot\src\share\vm\prims\jvm.cpp, line 1514]
Event: 2.277 Thread 0x0000014a3be07000 Exception <a 'java/security/PrivilegedActionException'> (0x00000000d8383d50) thrown at [J:\jenkins\tmp\workspace\build\src\hotspot\src\share\vm\prims\jvm.cpp, line 1514]
Event: 2.277 Thread 0x0000014a3be07000 Exception <a 'java/security/PrivilegedActionException'> (0x00000000d8385148) thrown at [J:\jenkins\tmp\workspace\build\src\hotspot\src\share\vm\prims\jvm.cpp, line 1514]
Event: 2.277 Thread 0x0000014a3be07000 Exception <a 'java/security/PrivilegedActionException'> (0x00000000d8386510) thrown at [J:\jenkins\tmp\workspace\build\src\hotspot\src\share\vm\prims\jvm.cpp, line 1514]
Event: 3.652 Thread 0x0000014a57a74800 Implicit null exception at 0x0000014a3db4a77f to 0x0000014a3db4afa5
Event: 3.911 Thread 0x0000014a57a74800 Implicit null exception at 0x0000014a3e2b7dfb to 0x0000014a3e2b8211
Event: 5.374 Thread 0x0000014a57a74800 Implicit null exception at 0x0000014a3d9f06db to 0x0000014a3d9f1fed
Event: 5.398 Thread 0x0000014a57a74800 Implicit null exception at 0x0000014a3e49b004 to 0x0000014a3e49b1b8
Event: 7.100 Thread 0x0000014a57a74800 Implicit null exception at 0x0000014a3e57d9f5 to 0x0000014a3e57e491
Event: 7.100 Thread 0x0000014a57a74800 Implicit null exception at 0x0000014a3e543b8c to 0x0000014a3e543bfd

Events (10 events):
Event: 172.107 Executing VM operation: ParallelGCFailedAllocation
Event: 172.109 Executing VM operation: ParallelGCFailedAllocation done
Event: 172.350 Executing VM operation: ParallelGCFailedAllocation
Event: 172.352 Executing VM operation: ParallelGCFailedAllocation done
Event: 172.610 Executing VM operation: ParallelGCFailedAllocation
Event: 172.611 Executing VM operation: ParallelGCFailedAllocation done
Event: 172.837 Executing VM operation: ParallelGCFailedAllocation
Event: 172.838 Executing VM operation: ParallelGCFailedAllocation done
Event: 173.053 Executing VM operation: ParallelGCFailedAllocation
Event: 173.055 Executing VM operation: ParallelGCFailedAllocation done


Dynamic libraries:
0x00007ff7d67a0000 - 0x00007ff7d67e6000 	C:\Program Files\Eclipse Adoptium\jdk-8.0.382.5-hotspot\bin\javaw.exe
0x00007ffdb4ab0000 - 0x00007ffdb4ca7000 	C:\Windows\SYSTEM32\ntdll.dll
0x00007ffda1750000 - 0x00007ffda1769000 	C:\Program Files\Avast Software\Avast\aswhook.dll
0x00007ffdb3720000 - 0x00007ffdb37dd000 	C:\Windows\System32\KERNEL32.DLL
0x00007ffdb2410000 - 0x00007ffdb2706000 	C:\Windows\System32\KERNELBASE.dll
0x00007ffdb49b0000 - 0x00007ffdb4a5e000 	C:\Windows\System32\ADVAPI32.dll
0x00007ffdb3680000 - 0x00007ffdb371e000 	C:\Windows\System32\msvcrt.dll
0x00007ffdb2b10000 - 0x00007ffdb2bac000 	C:\Windows\System32\sechost.dll
0x00007ffdb4020000 - 0x00007ffdb4146000 	C:\Windows\System32\RPCRT4.dll
0x00007ffdb3c50000 - 0x00007ffdb3dee000 	C:\Windows\System32\USER32.dll
0x00007ffdb2190000 - 0x00007ffdb21b2000 	C:\Windows\System32\win32u.dll
0x00007ffdb4950000 - 0x00007ffdb497c000 	C:\Windows\System32\GDI32.dll
0x00007ffdb22f0000 - 0x00007ffdb240a000 	C:\Windows\System32\gdi32full.dll
0x00007ffdb21c0000 - 0x00007ffdb225d000 	C:\Windows\System32\msvcp_win.dll
0x00007ffdb2960000 - 0x00007ffdb2a60000 	C:\Windows\System32\ucrtbase.dll
0x00007ffd91430000 - 0x00007ffd916ca000 	C:\Windows\WinSxS\amd64_microsoft.windows.common-controls_6595b64144ccf1df_6.0.19041.3570_none_60bb2a3971f3e41a\COMCTL32.dll
0x00007ffdb4980000 - 0x00007ffdb49b0000 	C:\Windows\System32\IMM32.DLL
0x00007ffda8bd0000 - 0x00007ffda8be5000 	C:\Program Files\Eclipse Adoptium\jdk-8.0.382.5-hotspot\jre\bin\vcruntime140.dll
0x00007ffd89fc0000 - 0x00007ffd8a05b000 	C:\Program Files\Eclipse Adoptium\jdk-8.0.382.5-hotspot\jre\bin\msvcp140.dll
0x00000000751c0000 - 0x0000000075a18000 	C:\Program Files\Eclipse Adoptium\jdk-8.0.382.5-hotspot\jre\bin\server\jvm.dll
0x00007ffdb4a60000 - 0x00007ffdb4a68000 	C:\Windows\System32\PSAPI.DLL
0x00007ffd93c10000 - 0x00007ffd93c37000 	C:\Windows\SYSTEM32\WINMM.dll
0x00007ffda8b90000 - 0x00007ffda8b9a000 	C:\Windows\SYSTEM32\VERSION.dll
0x00007ffda3b00000 - 0x00007ffda3b09000 	C:\Windows\SYSTEM32\WSOCK32.dll
0x00007ffdb2cd0000 - 0x00007ffdb2d3b000 	C:\Windows\System32\WS2_32.dll
0x00007ffdb09c0000 - 0x00007ffdb09d2000 	C:\Windows\SYSTEM32\kernel.appcore.dll
0x00007ffda96e0000 - 0x00007ffda96f0000 	C:\Program Files\Eclipse Adoptium\jdk-8.0.382.5-hotspot\jre\bin\verify.dll
0x00007ffda2b80000 - 0x00007ffda2bab000 	C:\Program Files\Eclipse Adoptium\jdk-8.0.382.5-hotspot\jre\bin\java.dll
0x00007ffda29b0000 - 0x00007ffda29c8000 	C:\Program Files\Eclipse Adoptium\jdk-8.0.382.5-hotspot\jre\bin\zip.dll
0x00007ffdb4150000 - 0x00007ffdb4894000 	C:\Windows\System32\SHELL32.dll
0x00007ffdb0130000 - 0x00007ffdb08cb000 	C:\Windows\SYSTEM32\windows.storage.dll
0x00007ffdb3010000 - 0x00007ffdb3364000 	C:\Windows\System32\combase.dll
0x00007ffdb1bd0000 - 0x00007ffdb1bfd000 	C:\Windows\SYSTEM32\Wldp.dll
0x00007ffdb2d40000 - 0x00007ffdb2ded000 	C:\Windows\System32\SHCORE.dll
0x00007ffdb3fc0000 - 0x00007ffdb4015000 	C:\Windows\System32\shlwapi.dll
0x00007ffdb20c0000 - 0x00007ffdb20e5000 	C:\Windows\SYSTEM32\profapi.dll
0x0000000065580000 - 0x0000000065616000 	C:\Users\abril\AppData\Local\Temp\libgdxabril\12dfaa03\gdx64.dll
0x00007ffdb1b30000 - 0x00007ffdb1b48000 	C:\Windows\SYSTEM32\CRYPTSP.dll
0x00007ffdb11d0000 - 0x00007ffdb1204000 	C:\Windows\system32\rsaenh.dll
0x00007ffdb2930000 - 0x00007ffdb2957000 	C:\Windows\System32\bcrypt.dll
0x00007ffdb2080000 - 0x00007ffdb20ae000 	C:\Windows\SYSTEM32\USERENV.dll
0x00007ffdb2260000 - 0x00007ffdb22e2000 	C:\Windows\System32\bcryptprimitives.dll
0x00007ffdb1b20000 - 0x00007ffdb1b2c000 	C:\Windows\SYSTEM32\CRYPTBASE.dll
0x00007ffda2930000 - 0x00007ffda294c000 	C:\Program Files\Eclipse Adoptium\jdk-8.0.382.5-hotspot\jre\bin\net.dll
0x00007ffdb18e0000 - 0x00007ffdb194a000 	C:\Windows\system32\mswsock.dll
0x00007ffdb15b0000 - 0x00007ffdb15eb000 	C:\Windows\SYSTEM32\IPHLPAPI.DLL
0x00007ffdb3df0000 - 0x00007ffdb3df8000 	C:\Windows\System32\NSI.dll
0x00007ffda6e30000 - 0x00007ffda6e47000 	C:\Windows\SYSTEM32\dhcpcsvc6.DLL
0x00007ffda7030000 - 0x00007ffda704d000 	C:\Windows\SYSTEM32\dhcpcsvc.DLL
0x00007ffdb15f0000 - 0x00007ffdb16ba000 	C:\Windows\SYSTEM32\DNSAPI.dll
0x00007ffd9cbb0000 - 0x00007ffd9cbc3000 	C:\Program Files\Eclipse Adoptium\jdk-8.0.382.5-hotspot\jre\bin\nio.dll
0x0000000180000000 - 0x0000000180053000 	C:\Users\abril\AppData\Local\Temp\libgdxabril\dc0f0009\lwjgl64.dll
0x00007ffd9bf80000 - 0x00007ffd9c0a5000 	C:\Windows\SYSTEM32\OPENGL32.dll
0x00007ffda6d30000 - 0x00007ffda6d5c000 	C:\Windows\SYSTEM32\GLU32.dll
0x0000014a585b0000 - 0x0000014a58614000 	C:\Users\abril\AppData\Local\Temp\libgdxabril\dc0f0009\OpenAL64.dll
0x00007ffdb3e90000 - 0x00007ffdb3fbb000 	C:\Windows\System32\ole32.dll
0x00007ffdaf5a0000 - 0x00007ffdaf63e000 	C:\Windows\system32\uxtheme.dll
0x00007ffdb48a0000 - 0x00007ffdb4949000 	C:\Windows\System32\clbcatq.dll
0x00007ffd87f60000 - 0x00007ffd87ffc000 	C:\Windows\SYSTEM32\dsound.dll
0x00007ffdb1950000 - 0x00007ffdb199b000 	C:\Windows\SYSTEM32\powrprof.dll
0x00007ffd9be50000 - 0x00007ffd9be76000 	C:\Windows\SYSTEM32\winmmbase.dll
0x00007ffdb18c0000 - 0x00007ffdb18d2000 	C:\Windows\SYSTEM32\UMPDC.dll
0x00007ffda8bf0000 - 0x00007ffda8c75000 	C:\Windows\System32\MMDevApi.dll
0x00007ffdb1f20000 - 0x00007ffdb1f53000 	C:\Windows\System32\DEVOBJ.dll
0x00007ffdb28e0000 - 0x00007ffdb292e000 	C:\Windows\System32\cfgmgr32.dll
0x00007ffda8cc0000 - 0x00007ffda8e42000 	C:\Windows\SYSTEM32\AUDIOSES.DLL
0x00007ffdb2df0000 - 0x00007ffdb2ebd000 	C:\Windows\System32\OLEAUT32.dll
0x00007ffdaf680000 - 0x00007ffdaf694000 	C:\Windows\SYSTEM32\resourcepolicyclient.dll
0x00007ffdab710000 - 0x00007ffdab7be000 	C:\Windows\SYSTEM32\mscms.dll
0x00007ffdab6a0000 - 0x00007ffdab6b1000 	C:\Windows\SYSTEM32\ColorAdapterClient.dll
0x00007ffd992a0000 - 0x00007ffd992e3000 	C:\Windows\System32\Windows.Internal.Graphics.Display.DisplayColorManagement.dll
0x00007ffdb2bb0000 - 0x00007ffdb2cc4000 	C:\Windows\System32\MSCTF.dll
0x00007ffda7440000 - 0x00007ffda7542000 	C:\Windows\System32\AppXDeploymentClient.dll
0x00007ffd4e420000 - 0x00007ffd4f427000 	C:\Windows\System32\DriverStore\FileRepository\iigd_dch.inf_amd64_044fd6f0c2ae28a8\ig12icd64.dll
0x00007ffdaf780000 - 0x00007ffdaf7af000 	C:\Windows\system32\dwmapi.dll
0x00007ffdb0a30000 - 0x00007ffdb0b23000 	C:\Windows\system32\dxgi.dll
0x00007ffd6f760000 - 0x00007ffd6fb59000 	C:\Windows\System32\DriverStore\FileRepository\iigd_dch.inf_amd64_044fd6f0c2ae28a8\igdml64.dll
0x00007ffd992f0000 - 0x00007ffd995b4000 	C:\Windows\System32\DriverStore\FileRepository\iigd_dch.inf_amd64_044fd6f0c2ae28a8\igdgmm64.dll
0x00007ffd9d910000 - 0x00007ffd9da0a000 	C:\Windows\SYSTEM32\textinputframework.dll
0x00007ffdaa970000 - 0x00007ffdaaccb000 	C:\Windows\System32\CoreUIComponents.dll
0x00007ffdab0e0000 - 0x00007ffdab1d2000 	C:\Windows\System32\CoreMessaging.dll
0x00007ffdb12f0000 - 0x00007ffdb1323000 	C:\Windows\SYSTEM32\ntmarta.dll
0x00007ffdabd00000 - 0x00007ffdabe55000 	C:\Windows\SYSTEM32\wintypes.dll
0x00007ffda5ac0000 - 0x00007ffda5b03000 	C:\Windows\SYSTEM32\icm32.dll
0x00007ffd96200000 - 0x00007ffd98d94000 	C:\Windows\System32\DriverStore\FileRepository\iigd_dch.inf_amd64_044fd6f0c2ae28a8\igc64.dll
0x00007ffdaff40000 - 0x00007ffdb0124000 	C:\Windows\SYSTEM32\dbghelp.dll

VM Arguments:
jvm_args: -Duser.language=es_AR -Dfile.encoding=UTF-8 
java_command: org.uqbar.project.wollok.launch.WollokLauncher -requestsPort 0 -eventsPort 0 -folder -dontValidate -wf src/juego.wpgm
java_class_path (initial): C:\Users\abril\OneDrive\Documentos\UTN\Nivel 2\Paradigmas\Objetos\2023-objetos-tp-integrador-playadito__\bin;C:\Wollok\plugins\com.ibm.icu_64.2.0.v20190507-1337.jar;C:\Wollok\plugins\org.eclipse.xtext_2.20.0.v20191202-0915.jar;C:\Wollok\plugins\org.eclipse.emf.ecore.xmi_2.16.0.v20190528-0725.jar;C:\Wollok\plugins\org.eclipse.emf.ecore_2.20.0.v20190920-0401.jar;C:\Wollok\plugins\org.eclipse.emf.common_2.17.0.v20190920-0401.jar;C:\Wollok\plugins\org.antlr.runtime_3.2.0.v201101311130.jar;C:\Wollok\plugins\com.google.inject_3.0.0.v201605172100.jar;C:\Wollok\plugins\org.eclipse.emf.mwe.core_1.5.1.v20191121-1148.jar;C:\Wollok\plugins\org.apache.commons.cli_1.2.0.v201404270220.jar;C:\Wollok\plugins\org.eclipse.emf.mwe2.runtime_2.11.1.v20191121-1148.jar;C:\Wollok\plugins\org.eclipse.emf.mwe.utils_1.5.1.v20191121-1148.jar;C:\Wollok\plugins\org.eclipse.xtext.util_2.20.0.v20191202-0915.jar;C:\Wollok\plugins\com.google.guava_27.1.0.v20190517-1946.jar;C:\Wollok\plugins\javax.inject_1.0.0.v20091030.jar;C:\Wollok\plugins\org.eclipse.xtext.generator_2.20.0.v20191202-0933.jar;C:\Wollok\plugins\org.eclipse.xtext.xtext.generator_2.20.0.v20191202-0915.jar;C:\Wollok\plugins\org.eclipse.xtext.xbase.lib_2.20.0.v20191202-0907.jar;C:\Wollok\plugins\org.eclipse.emf.codegen.ecore_2.20.0.v20191012-0918.jar;C:\Wollok\plugins\org.eclipse.emf.codegen_2.19.0.v20190821-1536.jar;C:\Wollok\plugins\org.eclipse.xtend_2.2.0.v201605260315.jar;C:\Wollok\plugins\org.eclipse.xpand_2.2.0.v201605260315.jar;C:\Wollok\plugins\org.eclipse.xtend.typesystem.emf_2.2.0.v201605260315.jar;C:\Wollok\plugins\org.uqbar.project.wollok_3.0.0.jar;C:\Wollok\plugins\org.eclipse.xtext.xbase_2.20.0.v20191202-0933.jar;C:\Wollok\plugins\org.eclipse.xtext.common.types_2.20.0.v20191202-0933.jar;C:\Wollok\plugins\org.eclipse.xtend.lib_2.20.0.v20191202-0907.jar;C:\Wollok\plugins\org.eclipse.xtend.lib.macro_2.20.0.v20191202-0907.jar;C:\Wollok\plugins\org.apache.commons.collections_3.2.2.v201511171945.jar;C
Launcher Type: SUN_STANDARD

Environment Variables:
JAVA_HOME=C:\Program Files\Eclipse Adoptium\jdk-8.0.382.5-hotspot\
PATH=C:/Program Files/Eclipse Adoptium/jdk-8.0.382.5-hotspot/bin/../jre/bin/server;C:/Program Files/Eclipse Adoptium/jdk-8.0.382.5-hotspot/bin/../jre/bin;C:/Program Files/Eclipse Adoptium/jdk-8.0.382.5-hotspot/bin/../jre/lib/amd64;C:\Program Files\Eclipse Adoptium\jdk-8.0.382.5-hotspot\bin;C:\Python311\Scripts\;C:\Python311\;C:\Windows\system32;C:\Windows;C:\Windows\System32\Wbem;C:\Windows\System32\WindowsPowerShell\v1.0\;C:\Windows\System32\OpenSSH\;C:\Program Files\Git\cmd;C:\Program Files\dotnet\;C:\MinGW\bin;C:\MinGW\msys\1.0\bin;C:\Program Files\swipl\bin;C:\Program Files\nodejs\;C:\ProgramData\chocolatey\bin;C:\Users\abril\AppData\Local\Microsoft\WindowsApps;;C:\Users\abril\AppData\Local\Programs\Microsoft VS Code\bin;C:\ghcup\bin;C:\Users\abril\AppData\Roaming\npm;C:\Wollok;
USERNAME=abril
OS=Windows_NT
PROCESSOR_IDENTIFIER=Intel64 Family 6 Model 140 Stepping 1, GenuineIntel



---------------  S Y S T E M  ---------------

OS: Windows 10 , 64 bit Build 19041 (10.0.19041.3570)

CPU:total 8 (initial active 8) (4 cores per cpu, 2 threads per core) family 6 model 140 stepping 1, cmov, cx8, fxsr, mmx, sse, sse2, sse3, ssse3, sse4.1, sse4.2, popcnt, avx, avx2, aes, clmul, erms, 3dnowpref, lzcnt, ht, tsc, tscinvbit, bmi1, bmi2, adx

Memory: 4k page, physical 8075748k(3916584k free), swap 15866048k(5283780k free)

vm_info: OpenJDK 64-Bit Server VM (25.382-b05) for windows-amd64 JRE (1.8.0_382-b05), built on Jul 19 2023 15:37:29 by "jenkins" with MS VC++ 15.9 (VS2017)

time: Wed Oct 18 21:19:27 2023
timezone: Hora estándar de Argentina
elapsed time: 174.258447 seconds (0d 0h 2m 54s)

