#
# A fatal error has been detected by the Java Runtime Environment:
#
#  EXCEPTION_ACCESS_VIOLATION (0xc0000005) at pc=0x00007ffcd26f727b, pid=4964, tid=0x000000000000340c
#
# JRE version: OpenJDK Runtime Environment (8.0_382-b05) (build 1.8.0_382-b05)
# Java VM: OpenJDK 64-Bit Server VM (25.382-b05 mixed mode windows-amd64 compressed oops)
# Problematic frame:
# C  [ig12icd64.dll+0x29727b]
#
# Failed to write core dump. Minidumps are not enabled by default on client versions of Windows
#
# If you would like to submit a bug report, please visit:
#   https://github.com/adoptium/adoptium-support/issues
#

---------------  T H R E A D  ---------------

Current thread (0x000002943361d800):  VMThread [stack: 0x000000ab4d500000,0x000000ab4d600000] [id=13324]

siginfo: ExceptionCode=0xc0000005, reading address 0x00000000000353b8

Registers:
RAX=0x0000029438407570, RBX=0x00000294384079b8, RCX=0x0000000000000000, RDX=0x0000000000000000
RSP=0x000000ab4d5fe040, RBP=0x000000ab4d5fe140, RSI=0x00000294384074a0, RDI=0x0000029437c12ad0
R8 =0x0000029438407570, R9 =0x0000000000000000, R10=0x0000000000000000, R11=0x0000000000000246
R12=0x00000294384074a0, R13=0x0000000000000000, R14=0x0000000000000000, R15=0x0000000000000000
RIP=0x00007ffcd26f727b, EFLAGS=0x0000000000010202

Top of Stack: (sp=0x000000ab4d5fe040)
0x000000ab4d5fe040:   000002943892b050 0000000000000000
0x000000ab4d5fe050:   0000000000000000 0000000000000000
0x000000ab4d5fe060:   0000001600000000 0000000000000000
0x000000ab4d5fe070:   0000000000000000 0000029439015f50
0x000000ab4d5fe080:   0000000000000000 000000000000003c
0x000000ab4d5fe090:   000002943892b050 00007ffcd247c9b2
0x000000ab4d5fe0a0:   00000294389f9730 000000000000003c
0x000000ab4d5fe0b0:   00000294389f9730 000000000000000c
0x000000ab4d5fe0c0:   38c9014f00000000 23ca00f153c90097
0x000000ab4d5fe0d0:   99ca007f63ca0000 000002943d880000
0x000000ab4d5fe0e0:   00000294389b9440 adcd00efefcc0000
0x000000ab4d5fe0f0:   000002943d7f5540 0000800400001000
0x000000ab4d5fe100:   17d00035d9cf00aa 9ad1026a6dd10056
0x000000ab4d5fe110:   d2d1023dacd1007b 82d3012ba9d200a7
0x000000ab4d5fe120:   00000294389f9d30 f6d6010fd6d6008d
0x000000ab4d5fe130:   d1d8029e00000000 38da012407d9011f 

Instructions: (pc=0x00007ffcd26f727b)
0x00007ffcd26f725b:   00 83 f9 10 0f 83 5a 08 00 00 8b c1 48 c1 e0 06
0x00007ffcd26f726b:   49 03 c0 48 85 c0 0f 84 b6 08 00 00 48 8b 50 08
0x00007ffcd26f727b:   49 3b 96 b8 53 03 00 0f 87 a5 0f 00 00 48 83 be
0x00007ffcd26f728b:   70 05 00 00 00 0f 85 88 17 72 00 44 8b 8f d0 01 


Register to memory mapping:

RAX=0x0000029438407570 is an unknown value
RBX=0x00000294384079b8 is an unknown value
RCX=0x0000000000000000 is an unknown value
RDX=0x0000000000000000 is an unknown value
RSP=0x000000ab4d5fe040 is an unknown value
RBP=0x000000ab4d5fe140 is an unknown value
RSI=0x00000294384074a0 is an unknown value
RDI=0x0000029437c12ad0 is an unknown value
R8 =0x0000029438407570 is an unknown value
R9 =0x0000000000000000 is an unknown value
R10=0x0000000000000000 is an unknown value
R11=0x0000000000000246 is an unknown value
R12=0x00000294384074a0 is an unknown value
R13=0x0000000000000000 is an unknown value
R14=0x0000000000000000 is an unknown value
R15=0x0000000000000000 is an unknown value


Stack: [0x000000ab4d500000,0x000000ab4d600000],  sp=0x000000ab4d5fe040,  free space=1016k
Native frames: (J=compiled Java code, j=interpreted, Vv=VM code, C=native code)
C  [ig12icd64.dll+0x29727b]
C  [ig12icd64.dll+0x279352]
C  [ig12icd64.dll+0x2850d0]
C  [ig12icd64.dll+0xccc27]
C  [ig12icd64.dll+0x2e7477]
C  [ig12icd64.dll+0x9d19df]
C  [ig12icd64.dll+0x2e297d]
C  [ig12icd64.dll+0x2e27b6]
C  [ig12icd64.dll+0x7c557b]
C  [ntdll.dll+0x19a1d]
C  [ntdll.dll+0x5dcda]
C  [ntdll.dll+0x5da8d]
C  [KERNEL32.DLL+0x1e3bb]
C  [ucrtbase.dll+0x205bc]
C  [ucrtbase.dll+0x2045f]
V  [jvm.dll+0x1e8ea5]
V  [jvm.dll+0x2245c6]
V  [jvm.dll+0x224b64]
V  [jvm.dll+0x223124]
V  [jvm.dll+0x2238ff]
V  [jvm.dll+0x223c04]
V  [jvm.dll+0x26d4bc]
C  [ucrtbase.dll+0x21bb2]
C  [KERNEL32.DLL+0x17344]
C  [ntdll.dll+0x526b1]

VM_Operation (0x000000ab4ccfedc0): Exit, mode: safepoint, requested by thread 0x000002941d765000


---------------  P R O C E S S  ---------------

Java Threads: ( => current thread )
  0x0000029436088800 JavaThread "com.google.inject.internal.util.$Finalizer" daemon [_thread_blocked, id=12052, stack(0x000000ab4e100000,0x000000ab4e200000)]
  0x0000029436184800 JavaThread "EMF Reference Cleaner" daemon [_thread_blocked, id=17688, stack(0x000000ab4e000000,0x000000ab4e100000)]
  0x0000029435519800 JavaThread "Service Thread" daemon [_thread_blocked, id=7076, stack(0x000000ab4de00000,0x000000ab4df00000)]
  0x0000029433694800 JavaThread "C1 CompilerThread3" daemon [_thread_blocked, id=18932, stack(0x000000ab4dd00000,0x000000ab4de00000)]
  0x0000029433687000 JavaThread "C2 CompilerThread2" daemon [_thread_blocked, id=19284, stack(0x000000ab4dc00000,0x000000ab4dd00000)]
  0x0000029433686000 JavaThread "C2 CompilerThread1" daemon [_thread_blocked, id=4792, stack(0x000000ab4db00000,0x000000ab4dc00000)]
  0x0000029433682800 JavaThread "C2 CompilerThread0" daemon [_thread_blocked, id=16184, stack(0x000000ab4da00000,0x000000ab4db00000)]
  0x0000029433671000 JavaThread "Attach Listener" daemon [_thread_blocked, id=16352, stack(0x000000ab4d900000,0x000000ab4da00000)]
  0x0000029433670000 JavaThread "Signal Dispatcher" daemon [_thread_blocked, id=14008, stack(0x000000ab4d800000,0x000000ab4d900000)]
  0x000002943364d800 JavaThread "Finalizer" daemon [_thread_blocked, id=15952, stack(0x000000ab4d700000,0x000000ab4d800000)]
  0x0000029433645800 JavaThread "Reference Handler" daemon [_thread_blocked, id=8064, stack(0x000000ab4d600000,0x000000ab4d700000)]
  0x000002941d765000 JavaThread "main" [_thread_blocked, id=2812, stack(0x000000ab4cc00000,0x000000ab4cd00000)]

Other Threads:
=>0x000002943361d800 VMThread [stack: 0x000000ab4d500000,0x000000ab4d600000] [id=13324]

VM state:at safepoint (shutting down)

VM Mutex/Monitor currently owned by a thread:  ([mutex/lock_event])
[0x000002941d75ede0] Threads_lock - owner thread: 0x000002943361d800

heap address: 0x0000000084c00000, size: 1972 MB, Compressed Oops mode: 32-bit
Narrow klass base: 0x0000000000000000, Narrow klass shift: 3
Compressed class space size: 1073741824 Address: 0x0000000100000000

Heap:
 PSYoungGen      total 132096K, used 27904K [0x00000000d6f00000, 0x00000000df500000, 0x0000000100000000)
  eden space 126976K, 21% used [0x00000000d6f00000,0x00000000d8a401d0,0x00000000deb00000)
  from space 5120K, 0% used [0x00000000df000000,0x00000000df000000,0x00000000df500000)
  to   space 5120K, 0% used [0x00000000deb00000,0x00000000deb00000,0x00000000df000000)
 ParOldGen       total 78336K, used 18637K [0x0000000084c00000, 0x0000000089880000, 0x00000000d6f00000)
  object space 78336K, 23% used [0x0000000084c00000,0x0000000085e33640,0x0000000089880000)
 Metaspace       used 23974K, capacity 24301K, committed 24576K, reserved 1071104K
  class space    used 2884K, capacity 2983K, committed 3072K, reserved 1048576K

Card table byte_map: [0x000002942e3c0000,0x000002942e7a0000] byte_map_base: 0x000002942df9a000

Marking Bits: (ParMarkBitMap*) 0x0000000077d3f810
 Begin Bits: [0x000002942ea40000, 0x0000029430910000)
 End Bits:   [0x0000029430910000, 0x00000294327e0000)

Polling page: 0x000002941efd0000

CodeCache: size=245760Kb used=11098Kb max_used=11106Kb free=234661Kb
 bounds [0x000002941f000000, 0x000002941faf0000, 0x000002942e000000]
 total_blobs=4018 nmethods=3419 adapters=510
 compilation: enabled

Compilation events (10 events):
Event: 2.747 Thread 0x0000029433687000 3418       4       com.google.common.collect.LinkedHashMultimap$ValueSet::<init> (55 bytes)
Event: 2.748 Thread 0x0000029433686000 nmethod 3413 0x000002941fae1310 code [0x000002941fae1480, 0x000002941fae1648]
Event: 2.748 Thread 0x0000029433694800 3419       1       org.uqbar.project.wollok.wollokDsl.impl.WClassImpl::eStaticClass (4 bytes)
Event: 2.748 Thread 0x0000029433694800 nmethod 3419 0x000002941fae1050 code [0x000002941fae11a0, 0x000002941fae12b8]
Event: 2.748 Thread 0x0000029433687000 nmethod 3418 0x000002941fae0c50 code [0x000002941fae0da0, 0x000002941fae0f78]
Event: 2.748 Thread 0x0000029433682800 nmethod 3417 0x000002941fae0750 code [0x000002941fae08a0, 0x000002941fae0af8]
Event: 2.751 Thread 0x0000029433694800 3420       3       java.util.Collections::unmodifiableCollection (9 bytes)
Event: 2.751 Thread 0x0000029433694800 nmethod 3420 0x000002941fae00d0 code [0x000002941fae0260, 0x000002941fae05b0]
Event: 2.751 Thread 0x0000029433694800 3421       3       java.util.Collections$UnmodifiableMap::values (28 bytes)
Event: 2.751 Thread 0x0000029433694800 nmethod 3421 0x000002941fadf3d0 code [0x000002941fadf560, 0x000002941fadfa60]

GC Heap History (10 events):
Event: 0.368 GC heap before
{Heap before GC invocations=1 (full 0):
 PSYoungGen      total 36864K, used 31744K [0x00000000d6f00000, 0x00000000d9800000, 0x0000000100000000)
  eden space 31744K, 100% used [0x00000000d6f00000,0x00000000d8e00000,0x00000000d8e00000)
  from space 5120K, 0% used [0x00000000d9300000,0x00000000d9300000,0x00000000d9800000)
  to   space 5120K, 0% used [0x00000000d8e00000,0x00000000d8e00000,0x00000000d9300000)
 ParOldGen       total 84992K, used 0K [0x0000000084c00000, 0x0000000089f00000, 0x00000000d6f00000)
  object space 84992K, 0% used [0x0000000084c00000,0x0000000084c00000,0x0000000089f00000)
 Metaspace       used 7228K, capacity 7386K, committed 7552K, reserved 1056768K
  class space    used 791K, capacity 869K, committed 896K, reserved 1048576K
Event: 0.372 GC heap after
Heap after GC invocations=1 (full 0):
 PSYoungGen      total 36864K, used 5099K [0x00000000d6f00000, 0x00000000db700000, 0x0000000100000000)
  eden space 31744K, 0% used [0x00000000d6f00000,0x00000000d6f00000,0x00000000d8e00000)
  from space 5120K, 99% used [0x00000000d8e00000,0x00000000d92faf48,0x00000000d9300000)
  to   space 5120K, 0% used [0x00000000db200000,0x00000000db200000,0x00000000db700000)
 ParOldGen       total 84992K, used 3828K [0x0000000084c00000, 0x0000000089f00000, 0x00000000d6f00000)
  object space 84992K, 4% used [0x0000000084c00000,0x0000000084fbd1b8,0x0000000089f00000)
 Metaspace       used 7228K, capacity 7386K, committed 7552K, reserved 1056768K
  class space    used 791K, capacity 869K, committed 896K, reserved 1048576K
}
Event: 0.582 GC heap before
{Heap before GC invocations=2 (full 0):
 PSYoungGen      total 36864K, used 36843K [0x00000000d6f00000, 0x00000000db700000, 0x0000000100000000)
  eden space 31744K, 100% used [0x00000000d6f00000,0x00000000d8e00000,0x00000000d8e00000)
  from space 5120K, 99% used [0x00000000d8e00000,0x00000000d92faf48,0x00000000d9300000)
  to   space 5120K, 0% used [0x00000000db200000,0x00000000db200000,0x00000000db700000)
 ParOldGen       total 84992K, used 3828K [0x0000000084c00000, 0x0000000089f00000, 0x00000000d6f00000)
  object space 84992K, 4% used [0x0000000084c00000,0x0000000084fbd1b8,0x0000000089f00000)
 Metaspace       used 10014K, capacity 10188K, committed 10368K, reserved 1058816K
  class space    used 1195K, capacity 1288K, committed 1408K, reserved 1048576K
Event: 0.588 GC heap after
Heap after GC invocations=2 (full 0):
 PSYoungGen      total 68608K, used 5106K [0x00000000d6f00000, 0x00000000db700000, 0x0000000100000000)
  eden space 63488K, 0% used [0x00000000d6f00000,0x00000000d6f00000,0x00000000dad00000)
  from space 5120K, 99% used [0x00000000db200000,0x00000000db6fcbd0,0x00000000db700000)
  to   space 5120K, 0% used [0x00000000dad00000,0x00000000dad00000,0x00000000db200000)
 ParOldGen       total 84992K, used 11320K [0x0000000084c00000, 0x0000000089f00000, 0x00000000d6f00000)
  object space 84992K, 13% used [0x0000000084c00000,0x000000008570e260,0x0000000089f00000)
 Metaspace       used 10014K, capacity 10188K, committed 10368K, reserved 1058816K
  class space    used 1195K, capacity 1288K, committed 1408K, reserved 1048576K
}
Event: 1.133 GC heap before
{Heap before GC invocations=3 (full 0):
 PSYoungGen      total 68608K, used 68594K [0x00000000d6f00000, 0x00000000db700000, 0x0000000100000000)
  eden space 63488K, 100% used [0x00000000d6f00000,0x00000000dad00000,0x00000000dad00000)
  from space 5120K, 99% used [0x00000000db200000,0x00000000db6fcbd0,0x00000000db700000)
  to   space 5120K, 0% used [0x00000000dad00000,0x00000000dad00000,0x00000000db200000)
 ParOldGen       total 84992K, used 11320K [0x0000000084c00000, 0x0000000089f00000, 0x00000000d6f00000)
  object space 84992K, 13% used [0x0000000084c00000,0x000000008570e260,0x0000000089f00000)
 Metaspace       used 16897K, capacity 17070K, committed 17408K, reserved 1064960K
  class space    used 2130K, capacity 2227K, committed 2304K, reserved 1048576K
Event: 1.142 GC heap after
Heap after GC invocations=3 (full 0):
 PSYoungGen      total 68608K, used 5097K [0x00000000d6f00000, 0x00000000df500000, 0x0000000100000000)
  eden space 63488K, 0% used [0x00000000d6f00000,0x00000000d6f00000,0x00000000dad00000)
  from space 5120K, 99% used [0x00000000dad00000,0x00000000db1fa408,0x00000000db200000)
  to   space 5120K, 0% used [0x00000000df000000,0x00000000df000000,0x00000000df500000)
 ParOldGen       total 84992K, used 21389K [0x0000000084c00000, 0x0000000089f00000, 0x00000000d6f00000)
  object space 84992K, 25% used [0x0000000084c00000,0x00000000860e37d8,0x0000000089f00000)
 Metaspace       used 16897K, capacity 17070K, committed 17408K, reserved 1064960K
  class space    used 2130K, capacity 2227K, committed 2304K, reserved 1048576K
}
Event: 1.721 GC heap before
{Heap before GC invocations=4 (full 0):
 PSYoungGen      total 68608K, used 45675K [0x00000000d6f00000, 0x00000000df500000, 0x0000000100000000)
  eden space 63488K, 63% used [0x00000000d6f00000,0x00000000d96a08d0,0x00000000dad00000)
  from space 5120K, 99% used [0x00000000dad00000,0x00000000db1fa408,0x00000000db200000)
  to   space 5120K, 0% used [0x00000000df000000,0x00000000df000000,0x00000000df500000)
 ParOldGen       total 84992K, used 21389K [0x0000000084c00000, 0x0000000089f00000, 0x00000000d6f00000)
  object space 84992K, 25% used [0x0000000084c00000,0x00000000860e37d8,0x0000000089f00000)
 Metaspace       used 20796K, capacity 21060K, committed 21248K, reserved 1067008K
  class space    used 2636K, capacity 2726K, committed 2816K, reserved 1048576K
Event: 1.734 GC heap after
Heap after GC invocations=4 (full 0):
 PSYoungGen      total 132096K, used 5107K [0x00000000d6f00000, 0x00000000df500000, 0x0000000100000000)
  eden space 126976K, 0% used [0x00000000d6f00000,0x00000000d6f00000,0x00000000deb00000)
  from space 5120K, 99% used [0x00000000df000000,0x00000000df4fcfb0,0x00000000df500000)
  to   space 5120K, 0% used [0x00000000deb00000,0x00000000deb00000,0x00000000df000000)
 ParOldGen       total 84992K, used 28540K [0x0000000084c00000, 0x0000000089f00000, 0x00000000d6f00000)
  object space 84992K, 33% used [0x0000000084c00000,0x00000000867df0b8,0x0000000089f00000)
 Metaspace       used 20796K, capacity 21060K, committed 21248K, reserved 1067008K
  class space    used 2636K, capacity 2726K, committed 2816K, reserved 1048576K
}
Event: 1.734 GC heap before
{Heap before GC invocations=5 (full 1):
 PSYoungGen      total 132096K, used 5107K [0x00000000d6f00000, 0x00000000df500000, 0x0000000100000000)
  eden space 126976K, 0% used [0x00000000d6f00000,0x00000000d6f00000,0x00000000deb00000)
  from space 5120K, 99% used [0x00000000df000000,0x00000000df4fcfb0,0x00000000df500000)
  to   space 5120K, 0% used [0x00000000deb00000,0x00000000deb00000,0x00000000df000000)
 ParOldGen       total 84992K, used 28540K [0x0000000084c00000, 0x0000000089f00000, 0x00000000d6f00000)
  object space 84992K, 33% used [0x0000000084c00000,0x00000000867df0b8,0x0000000089f00000)
 Metaspace       used 20796K, capacity 21060K, committed 21248K, reserved 1067008K
  class space    used 2636K, capacity 2726K, committed 2816K, reserved 1048576K
Event: 1.773 GC heap after
Heap after GC invocations=5 (full 1):
 PSYoungGen      total 132096K, used 0K [0x00000000d6f00000, 0x00000000df500000, 0x0000000100000000)
  eden space 126976K, 0% used [0x00000000d6f00000,0x00000000d6f00000,0x00000000deb00000)
  from space 5120K, 0% used [0x00000000df000000,0x00000000df000000,0x00000000df500000)
  to   space 5120K, 0% used [0x00000000deb00000,0x00000000deb00000,0x00000000df000000)
 ParOldGen       total 78336K, used 18637K [0x0000000084c00000, 0x0000000089880000, 0x00000000d6f00000)
  object space 78336K, 23% used [0x0000000084c00000,0x0000000085e33640,0x0000000089880000)
 Metaspace       used 20796K, capacity 21060K, committed 21248K, reserved 1067008K
  class space    used 2636K, capacity 2726K, committed 2816K, reserved 1048576K
}

Deoptimization events (10 events):
Event: 1.461 Thread 0x000002941d765000 Uncommon trap: reason=unstable_if action=reinterpret pc=0x000002941f7076ac method=java.util.HashMap.computeIfAbsent(Ljava/lang/Object;Ljava/util/function/Function;)Ljava/lang/Object; @ 44
Event: 1.481 Thread 0x000002941d765000 Uncommon trap: reason=class_check action=maybe_recompile pc=0x000002941f6bc2e8 method=org.eclipse.xtext.nodemodel.impl.NodeModelBuilder.addChild(Lorg/eclipse/xtext/nodemodel/ICompositeNode;Lorg/eclipse/xtext/nodemodel/impl/AbstractNode;)V @ 6
Event: 1.490 Thread 0x000002941d765000 Uncommon trap: reason=class_check action=maybe_recompile pc=0x000002941f6c037c method=org.eclipse.xtext.nodemodel.impl.NodeModelBuilder.addChild(Lorg/eclipse/xtext/nodemodel/ICompositeNode;Lorg/eclipse/xtext/nodemodel/impl/AbstractNode;)V @ 6
Event: 1.582 Thread 0x000002941d765000 Uncommon trap: reason=unstable_if action=reinterpret pc=0x000002941f4ef8ec method=java.util.concurrent.ConcurrentHashMap.putVal(Ljava/lang/Object;Ljava/lang/Object;Z)Ljava/lang/Object; @ 181
Event: 1.872 Thread 0x000002941d765000 Uncommon trap: reason=unstable_if action=reinterpret pc=0x000002941f36759c method=java.io.WinNTFileSystem.normalize(Ljava/lang/String;)Ljava/lang/String; @ 49
Event: 1.889 Thread 0x000002941d765000 Uncommon trap: reason=predicate action=maybe_recompile pc=0x000002941f449794 method=java.lang.String.regionMatches(ZILjava/lang/String;II)Z @ 63
Event: 2.016 Thread 0x000002941d765000 Uncommon trap: reason=unstable_if action=reinterpret pc=0x000002941f23d9c8 method=java.lang.ThreadLocal$ThreadLocalMap.getEntry(Ljava/lang/ThreadLocal;)Ljava/lang/ThreadLocal$ThreadLocalMap$Entry; @ 29
Event: 2.016 Thread 0x000002941d765000 Uncommon trap: reason=unstable_if action=reinterpret pc=0x000002941f23fe9c method=java.lang.ThreadLocal$ThreadLocalMap.getEntry(Ljava/lang/ThreadLocal;)Ljava/lang/ThreadLocal$ThreadLocalMap$Entry; @ 29
Event: 2.580 Thread 0x00000294368ac800 Uncommon trap: reason=null_check action=make_not_entrant pc=0x000002941f382880 method=java.lang.StringCoding.deref(Ljava/lang/ThreadLocal;)Ljava/lang/Object; @ 4
Event: 2.705 Thread 0x00000294368ac800 Uncommon trap: reason=unstable_if action=reinterpret pc=0x000002941fa9d0a8 method=java.lang.Integer.parseInt(Ljava/lang/String;I)I @ 122

Classes redefined (0 events):
No events

Internal exceptions (10 events):
Event: 1.678 Thread 0x000002941d765000 Exception <a 'java/lang/reflect/InvocationTargetException'> (0x00000000d927b400) thrown at [J:\jenkins\tmp\workspace\build\src\hotspot\src\share\vm\runtime\reflection.cpp, line 1092]
Event: 1.678 Thread 0x000002941d765000 Exception <a 'java/lang/reflect/InvocationTargetException'> (0x00000000d92816f8) thrown at [J:\jenkins\tmp\workspace\build\src\hotspot\src\share\vm\runtime\reflection.cpp, line 1092]
Event: 1.678 Thread 0x000002941d765000 Exception <a 'java/lang/reflect/InvocationTargetException'> (0x00000000d928a0d8) thrown at [J:\jenkins\tmp\workspace\build\src\hotspot\src\share\vm\runtime\reflection.cpp, line 1092]
Event: 2.044 Thread 0x000002941d765000 Exception <a 'java/security/PrivilegedActionException'> (0x00000000d7a62c60) thrown at [J:\jenkins\tmp\workspace\build\src\hotspot\src\share\vm\prims\jvm.cpp, line 1514]
Event: 2.044 Thread 0x000002941d765000 Exception <a 'java/security/PrivilegedActionException'> (0x00000000d7a64560) thrown at [J:\jenkins\tmp\workspace\build\src\hotspot\src\share\vm\prims\jvm.cpp, line 1514]
Event: 2.044 Thread 0x000002941d765000 Exception <a 'java/security/PrivilegedActionException'> (0x00000000d7a65d60) thrown at [J:\jenkins\tmp\workspace\build\src\hotspot\src\share\vm\prims\jvm.cpp, line 1514]
Event: 2.044 Thread 0x000002941d765000 Exception <a 'java/security/PrivilegedActionException'> (0x00000000d7a677f0) thrown at [J:\jenkins\tmp\workspace\build\src\hotspot\src\share\vm\prims\jvm.cpp, line 1514]
Event: 2.044 Thread 0x000002941d765000 Exception <a 'java/security/PrivilegedActionException'> (0x00000000d7a68fb8) thrown at [J:\jenkins\tmp\workspace\build\src\hotspot\src\share\vm\prims\jvm.cpp, line 1514]
Event: 2.044 Thread 0x000002941d765000 Exception <a 'java/security/PrivilegedActionException'> (0x00000000d7a6a750) thrown at [J:\jenkins\tmp\workspace\build\src\hotspot\src\share\vm\prims\jvm.cpp, line 1514]
Event: 2.580 Thread 0x00000294368ac800 Implicit null exception at 0x000002941f38203f to 0x000002941f382865

Events (10 events):
Event: 2.770 Thread 0x00000294368ac800 Thread exited: 0x00000294368ac800
Event: 2.770 loading class org/uqbar/project/wollok/interpreter/WollokInterpreter$3
Event: 2.770 loading class org/uqbar/project/wollok/interpreter/WollokInterpreter$3 done
Event: 2.771 loading class java/util/IdentityHashMap$KeyIterator
Event: 2.771 loading class java/util/IdentityHashMap$KeyIterator done
Event: 2.771 Thread 0x0000029437ea2800 Thread added: 0x0000029437ea2800
Event: 2.771 Thread 0x00000294368ac800 Thread added: 0x00000294368ac800
Event: 2.772 Thread 0x00000294368ac800 Thread exited: 0x00000294368ac800
Event: 2.783 Thread 0x0000029437ea2800 Thread exited: 0x0000029437ea2800
Event: 2.783 Executing VM operation: Exit


Dynamic libraries:
0x00007ff624f00000 - 0x00007ff624f46000 	C:\Program Files\Eclipse Adoptium\jdk-8.0.382.5-hotspot\bin\javaw.exe
0x00007ffd30e90000 - 0x00007ffd31088000 	C:\Windows\SYSTEM32\ntdll.dll
0x00007ffcfed20000 - 0x00007ffcfed39000 	C:\Program Files\Avast Software\Avast\aswhook.dll
0x00007ffd30d50000 - 0x00007ffd30e0d000 	C:\Windows\System32\KERNEL32.DLL
0x00007ffd2e6a0000 - 0x00007ffd2e996000 	C:\Windows\System32\KERNELBASE.dll
0x00007ffd30720000 - 0x00007ffd307ce000 	C:\Windows\System32\ADVAPI32.dll
0x00007ffd307d0000 - 0x00007ffd3086e000 	C:\Windows\System32\msvcrt.dll
0x00007ffd2fde0000 - 0x00007ffd2fe7c000 	C:\Windows\System32\sechost.dll
0x00007ffd309b0000 - 0x00007ffd30ad6000 	C:\Windows\System32\RPCRT4.dll
0x00007ffd2f4a0000 - 0x00007ffd2f63e000 	C:\Windows\System32\USER32.dll
0x00007ffd2ea40000 - 0x00007ffd2ea62000 	C:\Windows\System32\win32u.dll
0x00007ffd30e20000 - 0x00007ffd30e4c000 	C:\Windows\System32\GDI32.dll
0x00007ffd2ec80000 - 0x00007ffd2ed9a000 	C:\Windows\System32\gdi32full.dll
0x00007ffd2e9a0000 - 0x00007ffd2ea3d000 	C:\Windows\System32\msvcp_win.dll
0x00007ffd2e5a0000 - 0x00007ffd2e6a0000 	C:\Windows\System32\ucrtbase.dll
0x00007ffd11860000 - 0x00007ffd11afa000 	C:\Windows\WinSxS\amd64_microsoft.windows.common-controls_6595b64144ccf1df_6.0.19041.1110_none_60b5254171f9507e\COMCTL32.dll
0x00007ffd2fa50000 - 0x00007ffd2fa80000 	C:\Windows\System32\IMM32.DLL
0x00007ffd23570000 - 0x00007ffd23585000 	C:\Program Files\Eclipse Adoptium\jdk-8.0.382.5-hotspot\jre\bin\vcruntime140.dll
0x00007ffd010d0000 - 0x00007ffd0116b000 	C:\Program Files\Eclipse Adoptium\jdk-8.0.382.5-hotspot\jre\bin\msvcp140.dll
0x0000000077560000 - 0x0000000077db8000 	C:\Program Files\Eclipse Adoptium\jdk-8.0.382.5-hotspot\jre\bin\server\jvm.dll
0x00007ffd30e10000 - 0x00007ffd30e18000 	C:\Windows\System32\PSAPI.DLL
0x00007ffd18390000 - 0x00007ffd18399000 	C:\Windows\SYSTEM32\WSOCK32.dll
0x00007ffd22280000 - 0x00007ffd2228a000 	C:\Windows\SYSTEM32\VERSION.dll
0x00007ffd15330000 - 0x00007ffd15357000 	C:\Windows\SYSTEM32\WINMM.dll
0x00007ffd305d0000 - 0x00007ffd3063b000 	C:\Windows\System32\WS2_32.dll
0x00007ffd2c5e0000 - 0x00007ffd2c5f2000 	C:\Windows\SYSTEM32\kernel.appcore.dll
0x00007ffd27230000 - 0x00007ffd27240000 	C:\Program Files\Eclipse Adoptium\jdk-8.0.382.5-hotspot\jre\bin\verify.dll
0x00007ffd23420000 - 0x00007ffd2344b000 	C:\Program Files\Eclipse Adoptium\jdk-8.0.382.5-hotspot\jre\bin\java.dll
0x00007ffd243f0000 - 0x00007ffd24408000 	C:\Program Files\Eclipse Adoptium\jdk-8.0.382.5-hotspot\jre\bin\zip.dll
0x00007ffd2fe80000 - 0x00007ffd305c5000 	C:\Windows\System32\SHELL32.dll
0x00007ffd2c600000 - 0x00007ffd2cd9b000 	C:\Windows\SYSTEM32\windows.storage.dll
0x00007ffd2fa80000 - 0x00007ffd2fdd4000 	C:\Windows\System32\combase.dll
0x00007ffd2dfb0000 - 0x00007ffd2dfde000 	C:\Windows\SYSTEM32\Wldp.dll
0x00007ffd30670000 - 0x00007ffd3071d000 	C:\Windows\System32\SHCORE.dll
0x00007ffd2f360000 - 0x00007ffd2f3b5000 	C:\Windows\System32\shlwapi.dll
0x00007ffd2e4a0000 - 0x00007ffd2e4c5000 	C:\Windows\SYSTEM32\profapi.dll
0x0000000065580000 - 0x0000000065616000 	C:\Users\abril\AppData\Local\Temp\libgdxabril\12dfaa03\gdx64.dll
0x00007ffd2df10000 - 0x00007ffd2df28000 	C:\Windows\SYSTEM32\CRYPTSP.dll
0x00007ffd2d5a0000 - 0x00007ffd2d5d4000 	C:\Windows\system32\rsaenh.dll
0x00007ffd2e570000 - 0x00007ffd2e597000 	C:\Windows\System32\bcrypt.dll
0x00007ffd2e420000 - 0x00007ffd2e44e000 	C:\Windows\SYSTEM32\USERENV.dll
0x00007ffd2ee10000 - 0x00007ffd2ee92000 	C:\Windows\System32\bcryptprimitives.dll
0x00007ffd2df00000 - 0x00007ffd2df0c000 	C:\Windows\SYSTEM32\CRYPTBASE.dll
0x00007ffd24360000 - 0x00007ffd2437c000 	C:\Program Files\Eclipse Adoptium\jdk-8.0.382.5-hotspot\jre\bin\net.dll
0x00007ffd2dd10000 - 0x00007ffd2dd7a000 	C:\Windows\system32\mswsock.dll
0x00007ffd2d9b0000 - 0x00007ffd2d9eb000 	C:\Windows\SYSTEM32\IPHLPAPI.DLL
0x00007ffd30870000 - 0x00007ffd30878000 	C:\Windows\System32\NSI.dll
0x00007ffd1d1e0000 - 0x00007ffd1d1f7000 	C:\Windows\SYSTEM32\dhcpcsvc6.DLL
0x00007ffd20520000 - 0x00007ffd2053d000 	C:\Windows\SYSTEM32\dhcpcsvc.DLL
0x00007ffd2d9f0000 - 0x00007ffd2daba000 	C:\Windows\SYSTEM32\DNSAPI.dll
0x00007ffd23470000 - 0x00007ffd23483000 	C:\Program Files\Eclipse Adoptium\jdk-8.0.382.5-hotspot\jre\bin\nio.dll
0x0000000180000000 - 0x0000000180053000 	C:\Users\abril\AppData\Local\Temp\libgdxabril\dc0f0009\lwjgl64.dll
0x00007ffceef40000 - 0x00007ffcef065000 	C:\Windows\SYSTEM32\OPENGL32.dll
0x00007ffcf0380000 - 0x00007ffcf03ac000 	C:\Windows\SYSTEM32\GLU32.dll
0x0000029439e10000 - 0x0000029439e74000 	C:\Users\abril\AppData\Local\Temp\libgdxabril\dc0f0009\OpenAL64.dll
0x00007ffd30c20000 - 0x00007ffd30d4a000 	C:\Windows\System32\ole32.dll
0x00007ffd2b8f0000 - 0x00007ffd2b98e000 	C:\Windows\system32\uxtheme.dll
0x00007ffd30b70000 - 0x00007ffd30c19000 	C:\Windows\System32\clbcatq.dll
0x00007ffce1d40000 - 0x00007ffce1ddc000 	C:\Windows\SYSTEM32\dsound.dll
0x00007ffd18cf0000 - 0x00007ffd18d16000 	C:\Windows\SYSTEM32\winmmbase.dll
0x00007ffd2dae0000 - 0x00007ffd2db2b000 	C:\Windows\SYSTEM32\powrprof.dll
0x00007ffd2d990000 - 0x00007ffd2d9a2000 	C:\Windows\SYSTEM32\UMPDC.dll
0x00007ffd239a0000 - 0x00007ffd23a25000 	C:\Windows\System32\MMDevApi.dll
0x00007ffd2e300000 - 0x00007ffd2e333000 	C:\Windows\System32\DEVOBJ.dll
0x00007ffd2eea0000 - 0x00007ffd2eeee000 	C:\Windows\System32\cfgmgr32.dll
0x00007ffd23a30000 - 0x00007ffd23bb2000 	C:\Windows\SYSTEM32\AUDIOSES.DLL
0x00007ffd30880000 - 0x00007ffd3094d000 	C:\Windows\System32\OLEAUT32.dll
0x00007ffd2ba80000 - 0x00007ffd2ba94000 	C:\Windows\SYSTEM32\resourcepolicyclient.dll
0x00007ffd25bf0000 - 0x00007ffd25c9e000 	C:\Windows\SYSTEM32\mscms.dll
0x00007ffd25bd0000 - 0x00007ffd25be1000 	C:\Windows\SYSTEM32\ColorAdapterClient.dll
0x00007ffd23220000 - 0x00007ffd23263000 	C:\Windows\System32\Windows.Internal.Graphics.Display.DisplayColorManagement.dll
0x00007ffd2f930000 - 0x00007ffd2fa44000 	C:\Windows\System32\MSCTF.dll
0x00007ffd22080000 - 0x00007ffd22182000 	C:\Windows\System32\AppXDeploymentClient.dll
0x00007ffcd2460000 - 0x00007ffcd3467000 	C:\Windows\System32\DriverStore\FileRepository\iigd_dch.inf_amd64_044fd6f0c2ae28a8\ig12icd64.dll
0x00007ffd2ba50000 - 0x00007ffd2ba7f000 	C:\Windows\system32\dwmapi.dll
0x00007ffd2ce00000 - 0x00007ffd2cef3000 	C:\Windows\system32\dxgi.dll
0x00007ffcdea10000 - 0x00007ffcdee09000 	C:\Windows\System32\DriverStore\FileRepository\iigd_dch.inf_amd64_044fd6f0c2ae28a8\igdml64.dll
0x00007ffd219d0000 - 0x00007ffd21c94000 	C:\Windows\System32\DriverStore\FileRepository\iigd_dch.inf_amd64_044fd6f0c2ae28a8\igdgmm64.dll
0x00007ffd21040000 - 0x00007ffd2113a000 	C:\Windows\SYSTEM32\textinputframework.dll
0x00007ffd28670000 - 0x00007ffd289ce000 	C:\Windows\System32\CoreUIComponents.dll
0x00007ffd28d50000 - 0x00007ffd28e42000 	C:\Windows\System32\CoreMessaging.dll
0x00007ffd2d6c0000 - 0x00007ffd2d6f3000 	C:\Windows\SYSTEM32\ntmarta.dll
0x00007ffd275b0000 - 0x00007ffd27705000 	C:\Windows\SYSTEM32\wintypes.dll
0x00007ffd24910000 - 0x00007ffd24953000 	C:\Windows\SYSTEM32\icm32.dll
0x00007ffd1a260000 - 0x00007ffd1cdf4000 	C:\Windows\System32\DriverStore\FileRepository\iigd_dch.inf_amd64_044fd6f0c2ae28a8\igc64.dll
0x00007ffd2c1a0000 - 0x00007ffd2c384000 	C:\Windows\SYSTEM32\dbghelp.dll

VM Arguments:
jvm_args: -Duser.language=es_AR -Dfile.encoding=UTF-8 
java_command: org.uqbar.project.wollok.launch.WollokLauncher -requestsPort 0 -eventsPort 0 -folder -dontValidate -wf src/juego.wpgm
java_class_path (initial): C:\Users\abril\OneDrive\Documentos\UTN\Nivel 2\Paradigmas\Objetos\2023-objetos-tp-integrador-playadito__\bin;C:\Wollok\plugins\com.ibm.icu_64.2.0.v20190507-1337.jar;C:\Wollok\plugins\org.eclipse.xtext_2.20.0.v20191202-0915.jar;C:\Wollok\plugins\org.eclipse.emf.ecore.xmi_2.16.0.v20190528-0725.jar;C:\Wollok\plugins\org.eclipse.emf.ecore_2.20.0.v20190920-0401.jar;C:\Wollok\plugins\org.eclipse.emf.common_2.17.0.v20190920-0401.jar;C:\Wollok\plugins\org.antlr.runtime_3.2.0.v201101311130.jar;C:\Wollok\plugins\com.google.inject_3.0.0.v201605172100.jar;C:\Wollok\plugins\org.eclipse.emf.mwe.core_1.5.1.v20191121-1148.jar;C:\Wollok\plugins\org.apache.commons.cli_1.2.0.v201404270220.jar;C:\Wollok\plugins\org.eclipse.emf.mwe2.runtime_2.11.1.v20191121-1148.jar;C:\Wollok\plugins\org.eclipse.emf.mwe.utils_1.5.1.v20191121-1148.jar;C:\Wollok\plugins\org.eclipse.xtext.util_2.20.0.v20191202-0915.jar;C:\Wollok\plugins\com.google.guava_27.1.0.v20190517-1946.jar;C:\Wollok\plugins\javax.inject_1.0.0.v20091030.jar;C:\Wollok\plugins\org.eclipse.xtext.generator_2.20.0.v20191202-0933.jar;C:\Wollok\plugins\org.eclipse.xtext.xtext.generator_2.20.0.v20191202-0915.jar;C:\Wollok\plugins\org.eclipse.xtext.xbase.lib_2.20.0.v20191202-0907.jar;C:\Wollok\plugins\org.eclipse.emf.codegen.ecore_2.20.0.v20191012-0918.jar;C:\Wollok\plugins\org.eclipse.emf.codegen_2.19.0.v20190821-1536.jar;C:\Wollok\plugins\org.eclipse.xtend_2.2.0.v201605260315.jar;C:\Wollok\plugins\org.eclipse.xpand_2.2.0.v201605260315.jar;C:\Wollok\plugins\org.eclipse.xtend.typesystem.emf_2.2.0.v201605260315.jar;C:\Wollok\plugins\org.uqbar.project.wollok_3.0.0.jar;C:\Wollok\plugins\org.eclipse.xtext.xbase_2.20.0.v20191202-0933.jar;C:\Wollok\plugins\org.eclipse.xtext.common.types_2.20.0.v20191202-0933.jar;C:\Wollok\plugins\org.eclipse.xtend.lib_2.20.0.v20191202-0907.jar;C:\Wollok\plugins\org.eclipse.xtend.lib.macro_2.20.0.v20191202-0907.jar;C:\Wollok\plugins\org.apache.commons.collections_3.2.2.v201511171945.jar;C
Launcher Type: SUN_STANDARD

Environment Variables:
JAVA_HOME=C:\Program Files\Eclipse Adoptium\jdk-8.0.382.5-hotspot\
PATH=C:/Program Files/Eclipse Adoptium/jdk-8.0.382.5-hotspot/bin/../jre/bin/server;C:/Program Files/Eclipse Adoptium/jdk-8.0.382.5-hotspot/bin/../jre/bin;C:/Program Files/Eclipse Adoptium/jdk-8.0.382.5-hotspot/bin/../jre/lib/amd64;C:\Program Files\Eclipse Adoptium\jdk-8.0.382.5-hotspot\bin;C:\Python311\Scripts\;C:\Python311\;C:\Windows\system32;C:\Windows;C:\Windows\System32\Wbem;C:\Windows\System32\WindowsPowerShell\v1.0\;C:\Windows\System32\OpenSSH\;C:\Program Files\Git\cmd;C:\Program Files\dotnet\;C:\MinGW\bin;C:\MinGW\msys\1.0\bin;C:\Program Files\swipl\bin;C:\Program Files\nodejs\;C:\ProgramData\chocolatey\bin;C:\Users\abril\AppData\Local\Microsoft\WindowsApps;;C:\Users\abril\AppData\Local\Programs\Microsoft VS Code\bin;C:\ghcup\bin;C:\Users\abril\AppData\Roaming\npm;C:\Wollok;
USERNAME=abril
OS=Windows_NT
PROCESSOR_IDENTIFIER=Intel64 Family 6 Model 140 Stepping 1, GenuineIntel



---------------  S Y S T E M  ---------------

OS: Windows 10 , 64 bit Build 19041 (10.0.19041.3393)

CPU:total 8 (initial active 8) (4 cores per cpu, 2 threads per core) family 6 model 140 stepping 1, cmov, cx8, fxsr, mmx, sse, sse2, sse3, ssse3, sse4.1, sse4.2, popcnt, avx, avx2, aes, clmul, erms, 3dnowpref, lzcnt, ht, tsc, tscinvbit, bmi1, bmi2, adx

Memory: 4k page, physical 8075748k(3032420k free), swap 11751240k(2049480k free)

vm_info: OpenJDK 64-Bit Server VM (25.382-b05) for windows-amd64 JRE (1.8.0_382-b05), built on Jul 19 2023 15:37:29 by "jenkins" with MS VC++ 15.9 (VS2017)

time: Fri Sep 22 16:11:25 2023
timezone: Hora estándar de Argentina
elapsed time: 2.871801 seconds (0d 0h 0m 2s)

