#
# A fatal error has been detected by the Java Runtime Environment:
#
#  EXCEPTION_ACCESS_VIOLATION (0xc0000005) at pc=0x00007ffd4e6a0c2c, pid=8956, tid=0x00000000000012e8
#
# JRE version: OpenJDK Runtime Environment (8.0_382-b05) (build 1.8.0_382-b05)
# Java VM: OpenJDK 64-Bit Server VM (25.382-b05 mixed mode windows-amd64 compressed oops)
# Problematic frame:
# C  [ig12icd64.dll+0x280c2c]
#
# Failed to write core dump. Minidumps are not enabled by default on client versions of Windows
#
# If you would like to submit a bug report, please visit:
#   https://github.com/adoptium/adoptium-support/issues
# The crash happened outside the Java Virtual Machine in native code.
# See problematic frame for where to report the bug.
#

---------------  T H R E A D  ---------------

Current thread (0x0000027578bfa000):  JavaThread "LWJGL Application" [_thread_in_native, id=4840, stack(0x000000f7d0500000,0x000000f7d0600000)]

siginfo: ExceptionCode=0xc0000005, reading address 0x0000000000000000

Registers:
RAX=0x0000000000000000, RBX=0x0000027577168a40, RCX=0x0000000000000000, RDX=0x0000027576dd8810
RSP=0x000000f7d05b2c40, RBP=0x000002755d096440, RSI=0x0000027576dd8810, RDI=0x000002755d088b50
R8 =0x000002755d088b50, R9 =0x000000f7d05b2c00, R10=0x0000000000000000, R11=0x0000000000000246
R12=0x00000275790f8240, R13=0x000002755d088b50, R14=0x0000000000000000, R15=0x0000000000000001
RIP=0x00007ffd4e6a0c2c, EFLAGS=0x0000000000010202

Top of Stack: (sp=0x000000f7d05b2c40)
0x000000f7d05b2c40:   0000027578a81e01 0000000000000000
0x000000f7d05b2c50:   000002755d088b50 00000275790f8240
0x000000f7d05b2c60:   000002755d096510 00007ffd4e6a0675
0x000000f7d05b2c70:   0000027577168a40 0000027578a81e20
0x000000f7d05b2c80:   0000027576dd8810 0000027576dd8810
0x000000f7d05b2c90:   0000000000000001 0000000000000000
0x000000f7d05b2ca0:   0000000000000101 0000027577168a40
0x000000f7d05b2cb0:   0000000000000000 0000000000000000
0x000000f7d05b2cc0:   0000027577168a40 0000000000000000
0x000000f7d05b2cd0:   0000000000000000 0000000000000000
0x000000f7d05b2ce0:   0000000000000000 0000000000000000
0x000000f7d05b2cf0:   00000275790f8240 00000275790f8238
0x000000f7d05b2d00:   00000275790f8b10 000000f7d05b2dc0
0x000000f7d05b2d10:   0000000000000000 0000000000000000
0x000000f7d05b2d20:   0000000000000008 00007ffd4e47e94e
0x000000f7d05b2d30:   0000027578a81e20 00000275790f8240 

Instructions: (pc=0x00007ffd4e6a0c2c)
0x00007ffd4e6a0c0c:   90 48 8b 86 80 02 00 00 48 89 87 18 05 00 00 48
0x00007ffd4e6a0c1c:   89 be 80 02 00 00 ff 86 88 02 00 00 48 8b 4f 08
0x00007ffd4e6a0c2c:   48 8b 01 ba 01 00 00 00 48 8b 80 d8 02 00 00 ff
0x00007ffd4e6a0c3c:   15 b7 69 88 00 48 01 86 a0 02 00 00 48 8b 4f 08 


Register to memory mapping:

RAX=0x0000000000000000 is an unknown value
RBX=0x0000027577168a40 is an unknown value
RCX=0x0000000000000000 is an unknown value
RDX=0x0000027576dd8810 is an unknown value
RSP=0x000000f7d05b2c40 is pointing into the stack for thread: 0x0000027578bfa000
RBP=0x000002755d096440 is an unknown value
RSI=0x0000027576dd8810 is an unknown value
RDI=0x000002755d088b50 is an unknown value
R8 =0x000002755d088b50 is an unknown value
R9 =0x000000f7d05b2c00 is pointing into the stack for thread: 0x0000027578bfa000
R10=0x0000000000000000 is an unknown value
R11=0x0000000000000246 is an unknown value
R12=0x00000275790f8240 is an unknown value
R13=0x000002755d088b50 is an unknown value
R14=0x0000000000000000 is an unknown value
R15=0x0000000000000001 is an unknown value


Stack: [0x000000f7d0500000,0x000000f7d0600000],  sp=0x000000f7d05b2c40,  free space=715k
Native frames: (J=compiled Java code, j=interpreted, Vv=VM code, C=native code)
C  [ig12icd64.dll+0x280c2c]
C  [ig12icd64.dll+0x280675]
C  [ig12icd64.dll+0x5e94e]
C  [ig12icd64.dll+0x5e8a7]
C  [ig12icd64.dll+0x285154]
C  [ig12icd64.dll+0xccc27]
C  [ig12icd64.dll+0xc80f6]
C  [ig12icd64.dll+0x220f6]
C  [ig12icd64.dll+0x21ce9]
C  [ig12icd64.dll+0xc63a2]
C  [ig12icd64.dll+0x2a2e2f]
C  [ig12icd64.dll+0x2aa784]
C  [ig12icd64.dll+0x29c90f]
C  [ig12icd64.dll+0x29e8ee]
C  [OPENGL32.dll+0x293aa]
C  0x00000275604bba33

Java frames: (J=compiled Java code, j=interpreted, Vv=VM code)
J 4097  org.lwjgl.opengl.GL11.nglDrawElements(IIIJJ)V (0 bytes) @ 0x00000275604bb996 [0x00000275604bb940+0x56]
J 5089 C2 com.badlogic.gdx.graphics.g2d.SpriteBatch.flush()V (193 bytes) @ 0x000002755f9ca714 [0x000002755f9ca1c0+0x554]
J 5109 C2 com.badlogic.gdx.graphics.g2d.SpriteBatch.switchTexture(Lcom/badlogic/gdx/graphics/Texture;)V (32 bytes) @ 0x000002755f91a1f8 [0x000002755f91a1c0+0x38]
J 3701 C2 org.uqbar.project.wollok.game.gameboard.Window.draw(Lorg/uqbar/project/wollok/game/Image;Lorg/uqbar/project/wollok/game/Position;)V (30 bytes) @ 0x000002756034d8c4 [0x000002756034d240+0x684]
J 5099 C2 org.uqbar.project.wollok.game.gameboard.Gameboard$1.accept(Ljava/lang/Object;)V (9 bytes) @ 0x0000027560944760 [0x0000027560944440+0x320]
J 3780 C2 java.util.ArrayList.forEach(Ljava/util/function/Consumer;)V (75 bytes) @ 0x000002756035fc2c [0x000002756035faa0+0x18c]
J 5245 C1 org.uqbar.project.wollok.game.gameboard.GameboardRendering.render()V (26 bytes) @ 0x000002755f9daf94 [0x000002755f9daa80+0x514]
j  com.badlogic.gdx.backends.lwjgl.LwjglApplication.mainLoop()V+698
j  com.badlogic.gdx.backends.lwjgl.LwjglApplication$1.run()V+27
v  ~StubRoutines::call_stub

---------------  P R O C E S S  ---------------

Java Threads: ( => current thread )
  0x000002757973a800 JavaThread "LWJGL Timer" daemon [_thread_blocked, id=9460, stack(0x000000f7d0900000,0x000000f7d0a00000)]
=>0x0000027578bfa000 JavaThread "LWJGL Application" [_thread_in_native, id=4840, stack(0x000000f7d0500000,0x000000f7d0600000)]
  0x0000027576a49000 JavaThread "com.google.inject.internal.util.$Finalizer" daemon [_thread_blocked, id=14008, stack(0x000000f7d0000000,0x000000f7d0100000)]
  0x00000275766ff800 JavaThread "EMF Reference Cleaner" daemon [_thread_blocked, id=18888, stack(0x000000f7cff00000,0x000000f7d0000000)]
  0x0000027573ea7800 JavaThread "Service Thread" daemon [_thread_blocked, id=14104, stack(0x000000f7cfd00000,0x000000f7cfe00000)]
  0x0000027573e50000 JavaThread "C1 CompilerThread3" daemon [_thread_blocked, id=18128, stack(0x000000f7cfc00000,0x000000f7cfd00000)]
  0x0000027573e47000 JavaThread "C2 CompilerThread2" daemon [_thread_blocked, id=10064, stack(0x000000f7cfb00000,0x000000f7cfc00000)]
  0x0000027573e41800 JavaThread "C2 CompilerThread1" daemon [_thread_blocked, id=9708, stack(0x000000f7cfa00000,0x000000f7cfb00000)]
  0x0000027573e3f800 JavaThread "C2 CompilerThread0" daemon [_thread_blocked, id=18528, stack(0x000000f7cf900000,0x000000f7cfa00000)]
  0x0000027573e36000 JavaThread "Attach Listener" daemon [_thread_blocked, id=9184, stack(0x000000f7cf800000,0x000000f7cf900000)]
  0x0000027573e33800 JavaThread "Signal Dispatcher" daemon [_thread_blocked, id=11448, stack(0x000000f7cf700000,0x000000f7cf800000)]
  0x0000027573e0d800 JavaThread "Finalizer" daemon [_thread_blocked, id=9896, stack(0x000000f7cf600000,0x000000f7cf700000)]
  0x0000027573e06000 JavaThread "Reference Handler" daemon [_thread_blocked, id=17592, stack(0x000000f7cf500000,0x000000f7cf600000)]
  0x000002755de73000 JavaThread "main" [_thread_blocked, id=4144, stack(0x000000f7ceb00000,0x000000f7cec00000)]

Other Threads:
  0x0000027573ddd000 VMThread [stack: 0x000000f7cf400000,0x000000f7cf500000] [id=804]
  0x0000027573e65800 WatcherThread [stack: 0x000000f7cfe00000,0x000000f7cff00000] [id=3464]

VM state:not at safepoint (normal execution)

VM Mutex/Monitor currently owned by a thread: None

heap address: 0x0000000084c00000, size: 1972 MB, Compressed Oops mode: 32-bit
Narrow klass base: 0x0000000000000000, Narrow klass shift: 3
Compressed class space size: 1073741824 Address: 0x0000000100000000

Heap:
 PSYoungGen      total 46080K, used 23823K [0x00000000d6f00000, 0x00000000fa380000, 0x0000000100000000)
  eden space 45568K, 52% used [0x00000000d6f00000,0x00000000d8623fe0,0x00000000d9b80000)
  from space 512K, 25% used [0x00000000fa280000,0x00000000fa2a0000,0x00000000fa300000)
  to   space 512K, 0% used [0x00000000fa300000,0x00000000fa300000,0x00000000fa380000)
 ParOldGen       total 79360K, used 22878K [0x0000000084c00000, 0x0000000089980000, 0x00000000d6f00000)
  object space 79360K, 28% used [0x0000000084c00000,0x0000000086257990,0x0000000089980000)
 Metaspace       used 25187K, capacity 25645K, committed 25856K, reserved 1073152K
  class space    used 2960K, capacity 3063K, committed 3072K, reserved 1048576K

Card table byte_map: [0x000002756ebb0000,0x000002756ef90000] byte_map_base: 0x000002756e78a000

Marking Bits: (ParMarkBitMap*) 0x000000007599f810
 Begin Bits: [0x000002756f230000, 0x0000027571100000)
 End Bits:   [0x0000027571100000, 0x0000027572fd0000)

Polling page: 0x000002755df40000

CodeCache: size=245760Kb used=13768Kb max_used=17662Kb free=231991Kb
 bounds [0x000002755f7f0000, 0x0000027560960000, 0x000002756e7f0000]
 total_blobs=4670 nmethods=4071 adapters=510
 compilation: enabled

Compilation events (10 events):
Event: 67.032 Thread 0x0000027573e50000 5291   !   3       org.eclipse.emf.common.util.Pool::doIntern (56 bytes)
Event: 67.033 Thread 0x0000027573e50000 nmethod 5291 0x0000027560102910 code [0x0000027560102ae0, 0x0000027560103250]
Event: 67.057 Thread 0x0000027573e41800 5292   !   4       org.eclipse.emf.common.util.Pool::doIntern (56 bytes)
Event: 67.066 Thread 0x0000027573e41800 nmethod 5292 0x000002755fd9e2d0 code [0x000002755fd9e4c0, 0x000002755fd9ee60]
Event: 67.300 Thread 0x0000027573e50000 5293       3       java.util.concurrent.locks.ReentrantReadWriteLock$Sync::tryAcquire (92 bytes)
Event: 67.300 Thread 0x0000027573e50000 nmethod 5293 0x000002755fc1ed10 code [0x000002755fc1eec0, 0x000002755fc1f840]
Event: 70.967 Thread 0x0000027573e3f800 5294       4       org.lwjgl.opengl.WindowsMouse::poll (183 bytes)
Event: 70.975 Thread 0x0000027573e3f800 nmethod 5294 0x000002755fe4ab10 code [0x000002755fe4ac60, 0x000002755fe4b278]
Event: 96.681 Thread 0x0000027573e50000 5295       3       org.eclipse.emf.common.util.CommonUtil$StringPool$StringAccessUnit::reset (16 bytes)
Event: 96.682 Thread 0x0000027573e50000 nmethod 5295 0x000002755fe53a10 code [0x000002755fe53b80, 0x000002755fe53d50]

GC Heap History (10 events):
Event: 105.566 GC heap before
{Heap before GC invocations=262 (full 1):
 PSYoungGen      total 51200K, used 50848K [0x00000000d6f00000, 0x00000000fa380000, 0x0000000100000000)
  eden space 50688K, 100% used [0x00000000d6f00000,0x00000000da080000,0x00000000da080000)
  from space 512K, 31% used [0x00000000fa300000,0x00000000fa328000,0x00000000fa380000)
  to   space 512K, 0% used [0x00000000fa280000,0x00000000fa280000,0x00000000fa300000)
 ParOldGen       total 79360K, used 22862K [0x0000000084c00000, 0x0000000089980000, 0x00000000d6f00000)
  object space 79360K, 28% used [0x0000000084c00000,0x0000000086253990,0x0000000089980000)
 Metaspace       used 25187K, capacity 25645K, committed 25856K, reserved 1073152K
  class space    used 2960K, capacity 3063K, committed 3072K, reserved 1048576K
Event: 105.567 GC heap after
Heap after GC invocations=262 (full 1):
 PSYoungGen      total 50176K, used 128K [0x00000000d6f00000, 0x00000000fa380000, 0x0000000100000000)
  eden space 49664K, 0% used [0x00000000d6f00000,0x00000000d6f00000,0x00000000d9f80000)
  from space 512K, 25% used [0x00000000fa280000,0x00000000fa2a0000,0x00000000fa300000)
  to   space 512K, 0% used [0x00000000fa300000,0x00000000fa300000,0x00000000fa380000)
 ParOldGen       total 79360K, used 22862K [0x0000000084c00000, 0x0000000089980000, 0x00000000d6f00000)
  object space 79360K, 28% used [0x0000000084c00000,0x0000000086253990,0x0000000089980000)
 Metaspace       used 25187K, capacity 25645K, committed 25856K, reserved 1073152K
  class space    used 2960K, capacity 3063K, committed 3072K, reserved 1048576K
}
Event: 105.791 GC heap before
{Heap before GC invocations=263 (full 1):
 PSYoungGen      total 50176K, used 49792K [0x00000000d6f00000, 0x00000000fa380000, 0x0000000100000000)
  eden space 49664K, 100% used [0x00000000d6f00000,0x00000000d9f80000,0x00000000d9f80000)
  from space 512K, 25% used [0x00000000fa280000,0x00000000fa2a0000,0x00000000fa300000)
  to   space 512K, 0% used [0x00000000fa300000,0x00000000fa300000,0x00000000fa380000)
 ParOldGen       total 79360K, used 22862K [0x0000000084c00000, 0x0000000089980000, 0x00000000d6f00000)
  object space 79360K, 28% used [0x0000000084c00000,0x0000000086253990,0x0000000089980000)
 Metaspace       used 25187K, capacity 25645K, committed 25856K, reserved 1073152K
  class space    used 2960K, capacity 3063K, committed 3072K, reserved 1048576K
Event: 105.792 GC heap after
Heap after GC invocations=263 (full 1):
 PSYoungGen      total 49152K, used 160K [0x00000000d6f00000, 0x00000000fa380000, 0x0000000100000000)
  eden space 48640K, 0% used [0x00000000d6f00000,0x00000000d6f00000,0x00000000d9e80000)
  from space 512K, 31% used [0x00000000fa300000,0x00000000fa328000,0x00000000fa380000)
  to   space 512K, 0% used [0x00000000fa280000,0x00000000fa280000,0x00000000fa300000)
 ParOldGen       total 79360K, used 22878K [0x0000000084c00000, 0x0000000089980000, 0x00000000d6f00000)
  object space 79360K, 28% used [0x0000000084c00000,0x0000000086257990,0x0000000089980000)
 Metaspace       used 25187K, capacity 25645K, committed 25856K, reserved 1073152K
  class space    used 2960K, capacity 3063K, committed 3072K, reserved 1048576K
}
Event: 105.997 GC heap before
{Heap before GC invocations=264 (full 1):
 PSYoungGen      total 49152K, used 48800K [0x00000000d6f00000, 0x00000000fa380000, 0x0000000100000000)
  eden space 48640K, 100% used [0x00000000d6f00000,0x00000000d9e80000,0x00000000d9e80000)
  from space 512K, 31% used [0x00000000fa300000,0x00000000fa328000,0x00000000fa380000)
  to   space 512K, 0% used [0x00000000fa280000,0x00000000fa280000,0x00000000fa300000)
 ParOldGen       total 79360K, used 22878K [0x0000000084c00000, 0x0000000089980000, 0x00000000d6f00000)
  object space 79360K, 28% used [0x0000000084c00000,0x0000000086257990,0x0000000089980000)
 Metaspace       used 25187K, capacity 25645K, committed 25856K, reserved 1073152K
  class space    used 2960K, capacity 3063K, committed 3072K, reserved 1048576K
Event: 105.998 GC heap after
Heap after GC invocations=264 (full 1):
 PSYoungGen      total 48128K, used 160K [0x00000000d6f00000, 0x00000000fa380000, 0x0000000100000000)
  eden space 47616K, 0% used [0x00000000d6f00000,0x00000000d6f00000,0x00000000d9d80000)
  from space 512K, 31% used [0x00000000fa280000,0x00000000fa2a8000,0x00000000fa300000)
  to   space 512K, 0% used [0x00000000fa300000,0x00000000fa300000,0x00000000fa380000)
 ParOldGen       total 79360K, used 22878K [0x0000000084c00000, 0x0000000089980000, 0x00000000d6f00000)
  object space 79360K, 28% used [0x0000000084c00000,0x0000000086257990,0x0000000089980000)
 Metaspace       used 25187K, capacity 25645K, committed 25856K, reserved 1073152K
  class space    used 2960K, capacity 3063K, committed 3072K, reserved 1048576K
}
Event: 106.161 GC heap before
{Heap before GC invocations=265 (full 1):
 PSYoungGen      total 48128K, used 47776K [0x00000000d6f00000, 0x00000000fa380000, 0x0000000100000000)
  eden space 47616K, 100% used [0x00000000d6f00000,0x00000000d9d80000,0x00000000d9d80000)
  from space 512K, 31% used [0x00000000fa280000,0x00000000fa2a8000,0x00000000fa300000)
  to   space 512K, 0% used [0x00000000fa300000,0x00000000fa300000,0x00000000fa380000)
 ParOldGen       total 79360K, used 22878K [0x0000000084c00000, 0x0000000089980000, 0x00000000d6f00000)
  object space 79360K, 28% used [0x0000000084c00000,0x0000000086257990,0x0000000089980000)
 Metaspace       used 25187K, capacity 25645K, committed 25856K, reserved 1073152K
  class space    used 2960K, capacity 3063K, committed 3072K, reserved 1048576K
Event: 106.162 GC heap after
Heap after GC invocations=265 (full 1):
 PSYoungGen      total 47104K, used 160K [0x00000000d6f00000, 0x00000000fa380000, 0x0000000100000000)
  eden space 46592K, 0% used [0x00000000d6f00000,0x00000000d6f00000,0x00000000d9c80000)
  from space 512K, 31% used [0x00000000fa300000,0x00000000fa328000,0x00000000fa380000)
  to   space 512K, 0% used [0x00000000fa280000,0x00000000fa280000,0x00000000fa300000)
 ParOldGen       total 79360K, used 22878K [0x0000000084c00000, 0x0000000089980000, 0x00000000d6f00000)
  object space 79360K, 28% used [0x0000000084c00000,0x0000000086257990,0x0000000089980000)
 Metaspace       used 25187K, capacity 25645K, committed 25856K, reserved 1073152K
  class space    used 2960K, capacity 3063K, committed 3072K, reserved 1048576K
}
Event: 106.335 GC heap before
{Heap before GC invocations=266 (full 1):
 PSYoungGen      total 47104K, used 46752K [0x00000000d6f00000, 0x00000000fa380000, 0x0000000100000000)
  eden space 46592K, 100% used [0x00000000d6f00000,0x00000000d9c80000,0x00000000d9c80000)
  from space 512K, 31% used [0x00000000fa300000,0x00000000fa328000,0x00000000fa380000)
  to   space 512K, 0% used [0x00000000fa280000,0x00000000fa280000,0x00000000fa300000)
 ParOldGen       total 79360K, used 22878K [0x0000000084c00000, 0x0000000089980000, 0x00000000d6f00000)
  object space 79360K, 28% used [0x0000000084c00000,0x0000000086257990,0x0000000089980000)
 Metaspace       used 25187K, capacity 25645K, committed 25856K, reserved 1073152K
  class space    used 2960K, capacity 3063K, committed 3072K, reserved 1048576K
Event: 106.336 GC heap after
Heap after GC invocations=266 (full 1):
 PSYoungGen      total 46080K, used 128K [0x00000000d6f00000, 0x00000000fa380000, 0x0000000100000000)
  eden space 45568K, 0% used [0x00000000d6f00000,0x00000000d6f00000,0x00000000d9b80000)
  from space 512K, 25% used [0x00000000fa280000,0x00000000fa2a0000,0x00000000fa300000)
  to   space 512K, 0% used [0x00000000fa300000,0x00000000fa300000,0x00000000fa380000)
 ParOldGen       total 79360K, used 22878K [0x0000000084c00000, 0x0000000089980000, 0x00000000d6f00000)
  object space 79360K, 28% used [0x0000000084c00000,0x0000000086257990,0x0000000089980000)
 Metaspace       used 25187K, capacity 25645K, committed 25856K, reserved 1073152K
  class space    used 2960K, capacity 3063K, committed 3072K, reserved 1048576K
}

Deoptimization events (10 events):
Event: 5.174 Thread 0x0000027578bfa000 Uncommon trap: reason=null_check action=make_not_entrant pc=0x00000275608e8d00 method=org.eclipse.xtext.resource.impl.ResourceDescriptionsProvider.getResourceDescriptions(Lorg/eclipse/emf/ecore/resource/ResourceSet;)Lorg/eclipse/xtext/resource/IResourceDe
Event: 5.192 Thread 0x0000027578bfa000 Uncommon trap: reason=null_check action=make_not_entrant pc=0x000002755f931680 method=org.eclipse.xtext.resource.impl.ResourceDescriptionsProvider.getResourceDescriptions(Lorg/eclipse/emf/ecore/resource/ResourceSet;)Lorg/eclipse/xtext/resource/IResourceDe
Event: 5.209 Thread 0x0000027578bfa000 Uncommon trap: reason=null_check action=make_not_entrant pc=0x000002755f903ec0 method=org.eclipse.xtext.resource.impl.ResourceDescriptionsProvider.getResourceDescriptions(Lorg/eclipse/emf/ecore/resource/ResourceSet;)Lorg/eclipse/xtext/resource/IResourceDe
Event: 15.234 Thread 0x0000027578bfa000 Uncommon trap: reason=class_check action=maybe_recompile pc=0x000002755f9f1df8 method=com.badlogic.gdx.utils.Pool.reset(Ljava/lang/Object;)V @ 1
Event: 15.253 Thread 0x0000027578bfa000 Uncommon trap: reason=class_check action=maybe_recompile pc=0x000002755f9f1df8 method=com.badlogic.gdx.utils.Pool.reset(Ljava/lang/Object;)V @ 1
Event: 15.271 Thread 0x0000027578bfa000 Uncommon trap: reason=class_check action=maybe_recompile pc=0x000002755f9f1df8 method=com.badlogic.gdx.utils.Pool.reset(Ljava/lang/Object;)V @ 1
Event: 15.290 Thread 0x0000027578bfa000 Uncommon trap: reason=class_check action=maybe_recompile pc=0x000002755f9f1df8 method=com.badlogic.gdx.utils.Pool.reset(Ljava/lang/Object;)V @ 1
Event: 52.868 Thread 0x00000275766ff800 Uncommon trap: reason=unstable_if action=reinterpret pc=0x00000275607cc704 method=java.util.concurrent.locks.ReentrantReadWriteLock$Sync.tryAcquire(I)Z @ 80
Event: 67.032 Thread 0x00000275766ff800 Uncommon trap: reason=unstable_if action=reinterpret pc=0x00000275606371c8 method=java.util.concurrent.locks.ReentrantReadWriteLock$Sync.tryAcquire(I)Z @ 80
Event: 67.032 Thread 0x0000027578bfa000 Uncommon trap: reason=unstable_if action=reinterpret pc=0x00000275606fe7f8 method=java.util.concurrent.locks.ReentrantReadWriteLock$Sync.tryAcquire(I)Z @ 80

Classes redefined (0 events):
No events

Internal exceptions (10 events):
Event: 1.793 Thread 0x000002755de73000 Exception <a 'java/security/PrivilegedActionException'> (0x00000000d84949e8) thrown at [J:\jenkins\tmp\workspace\build\src\hotspot\src\share\vm\prims\jvm.cpp, line 1514]
Event: 1.793 Thread 0x000002755de73000 Exception <a 'java/security/PrivilegedActionException'> (0x00000000d8495de0) thrown at [J:\jenkins\tmp\workspace\build\src\hotspot\src\share\vm\prims\jvm.cpp, line 1514]
Event: 1.793 Thread 0x000002755de73000 Exception <a 'java/security/PrivilegedActionException'> (0x00000000d84971a8) thrown at [J:\jenkins\tmp\workspace\build\src\hotspot\src\share\vm\prims\jvm.cpp, line 1514]
Event: 2.166 Thread 0x0000027578bfa000 Implicit null exception at 0x000002755fb6647f to 0x000002755fb66ca5
Event: 2.351 Thread 0x0000027578bfa000 Implicit null exception at 0x00000275602d59fb to 0x00000275602d5e1d
Event: 3.567 Thread 0x0000027578bfa000 Implicit null exception at 0x00000275604f58f0 to 0x00000275604f5b7c
Event: 4.799 Thread 0x0000027578bfa000 Implicit null exception at 0x00000275604e7b70 to 0x00000275604e7dfc
Event: 4.956 Thread 0x0000027578bfa000 Implicit null exception at 0x00000275606b92e2 to 0x00000275606ba4c9
Event: 4.956 Thread 0x0000027578bfa000 Implicit null exception at 0x00000275605d4b8c to 0x00000275605d4bfd
Event: 4.956 Thread 0x0000027578bfa000 Implicit null exception at 0x00000275607346f1 to 0x00000275607359c8

Events (10 events):
Event: 105.566 Executing VM operation: ParallelGCFailedAllocation
Event: 105.567 Executing VM operation: ParallelGCFailedAllocation done
Event: 105.791 Executing VM operation: ParallelGCFailedAllocation
Event: 105.792 Executing VM operation: ParallelGCFailedAllocation done
Event: 105.997 Executing VM operation: ParallelGCFailedAllocation
Event: 105.998 Executing VM operation: ParallelGCFailedAllocation done
Event: 106.161 Executing VM operation: ParallelGCFailedAllocation
Event: 106.162 Executing VM operation: ParallelGCFailedAllocation done
Event: 106.335 Executing VM operation: ParallelGCFailedAllocation
Event: 106.336 Executing VM operation: ParallelGCFailedAllocation done


Dynamic libraries:
0x00007ff7d67a0000 - 0x00007ff7d67e6000 	C:\Program Files\Eclipse Adoptium\jdk-8.0.382.5-hotspot\bin\javaw.exe
0x00007ffdb4ab0000 - 0x00007ffdb4ca7000 	C:\Windows\SYSTEM32\ntdll.dll
0x00007ffda1750000 - 0x00007ffda1769000 	C:\Program Files\Avast Software\Avast\aswhook.dll
0x00007ffdb3720000 - 0x00007ffdb37dd000 	C:\Windows\System32\KERNEL32.DLL
0x00007ffdb2410000 - 0x00007ffdb2706000 	C:\Windows\System32\KERNELBASE.dll
0x00007ffdb49b0000 - 0x00007ffdb4a5e000 	C:\Windows\System32\ADVAPI32.dll
0x00007ffdb3680000 - 0x00007ffdb371e000 	C:\Windows\System32\msvcrt.dll
0x00007ffdb2b10000 - 0x00007ffdb2bac000 	C:\Windows\System32\sechost.dll
0x00007ffdb4020000 - 0x00007ffdb4146000 	C:\Windows\System32\RPCRT4.dll
0x00007ffdb3c50000 - 0x00007ffdb3dee000 	C:\Windows\System32\USER32.dll
0x00007ffdb2190000 - 0x00007ffdb21b2000 	C:\Windows\System32\win32u.dll
0x00007ffdb4950000 - 0x00007ffdb497c000 	C:\Windows\System32\GDI32.dll
0x00007ffdb22f0000 - 0x00007ffdb240a000 	C:\Windows\System32\gdi32full.dll
0x00007ffdb21c0000 - 0x00007ffdb225d000 	C:\Windows\System32\msvcp_win.dll
0x00007ffdb2960000 - 0x00007ffdb2a60000 	C:\Windows\System32\ucrtbase.dll
0x00007ffd91430000 - 0x00007ffd916ca000 	C:\Windows\WinSxS\amd64_microsoft.windows.common-controls_6595b64144ccf1df_6.0.19041.3570_none_60bb2a3971f3e41a\COMCTL32.dll
0x00007ffdb4980000 - 0x00007ffdb49b0000 	C:\Windows\System32\IMM32.DLL
0x00007ffda98b0000 - 0x00007ffda98c5000 	C:\Program Files\Eclipse Adoptium\jdk-8.0.382.5-hotspot\jre\bin\vcruntime140.dll
0x00007ffd87f60000 - 0x00007ffd87ffb000 	C:\Program Files\Eclipse Adoptium\jdk-8.0.382.5-hotspot\jre\bin\msvcp140.dll
0x00000000751c0000 - 0x0000000075a18000 	C:\Program Files\Eclipse Adoptium\jdk-8.0.382.5-hotspot\jre\bin\server\jvm.dll
0x00007ffdb4a60000 - 0x00007ffdb4a68000 	C:\Windows\System32\PSAPI.DLL
0x00007ffda3b00000 - 0x00007ffda3b09000 	C:\Windows\SYSTEM32\WSOCK32.dll
0x00007ffda8b90000 - 0x00007ffda8b9a000 	C:\Windows\SYSTEM32\VERSION.dll
0x00007ffd93c10000 - 0x00007ffd93c37000 	C:\Windows\SYSTEM32\WINMM.dll
0x00007ffdb2cd0000 - 0x00007ffdb2d3b000 	C:\Windows\System32\WS2_32.dll
0x00007ffdb09c0000 - 0x00007ffdb09d2000 	C:\Windows\SYSTEM32\kernel.appcore.dll
0x00007ffda96e0000 - 0x00007ffda96f0000 	C:\Program Files\Eclipse Adoptium\jdk-8.0.382.5-hotspot\jre\bin\verify.dll
0x00007ffda2b80000 - 0x00007ffda2bab000 	C:\Program Files\Eclipse Adoptium\jdk-8.0.382.5-hotspot\jre\bin\java.dll
0x00007ffda29b0000 - 0x00007ffda29c8000 	C:\Program Files\Eclipse Adoptium\jdk-8.0.382.5-hotspot\jre\bin\zip.dll
0x00007ffdb4150000 - 0x00007ffdb4894000 	C:\Windows\System32\SHELL32.dll
0x00007ffdb0130000 - 0x00007ffdb08cb000 	C:\Windows\SYSTEM32\windows.storage.dll
0x00007ffdb3010000 - 0x00007ffdb3364000 	C:\Windows\System32\combase.dll
0x00007ffdb1bd0000 - 0x00007ffdb1bfd000 	C:\Windows\SYSTEM32\Wldp.dll
0x00007ffdb2d40000 - 0x00007ffdb2ded000 	C:\Windows\System32\SHCORE.dll
0x00007ffdb3fc0000 - 0x00007ffdb4015000 	C:\Windows\System32\shlwapi.dll
0x00007ffdb20c0000 - 0x00007ffdb20e5000 	C:\Windows\SYSTEM32\profapi.dll
0x0000000065580000 - 0x0000000065616000 	C:\Users\abril\AppData\Local\Temp\libgdxabril\12dfaa03\gdx64.dll
0x00007ffdb1b30000 - 0x00007ffdb1b48000 	C:\Windows\SYSTEM32\CRYPTSP.dll
0x00007ffdb11d0000 - 0x00007ffdb1204000 	C:\Windows\system32\rsaenh.dll
0x00007ffdb2930000 - 0x00007ffdb2957000 	C:\Windows\System32\bcrypt.dll
0x00007ffdb2080000 - 0x00007ffdb20ae000 	C:\Windows\SYSTEM32\USERENV.dll
0x00007ffdb2260000 - 0x00007ffdb22e2000 	C:\Windows\System32\bcryptprimitives.dll
0x00007ffdb1b20000 - 0x00007ffdb1b2c000 	C:\Windows\SYSTEM32\CRYPTBASE.dll
0x00007ffda2930000 - 0x00007ffda294c000 	C:\Program Files\Eclipse Adoptium\jdk-8.0.382.5-hotspot\jre\bin\net.dll
0x00007ffdb18e0000 - 0x00007ffdb194a000 	C:\Windows\system32\mswsock.dll
0x00007ffdb15b0000 - 0x00007ffdb15eb000 	C:\Windows\SYSTEM32\IPHLPAPI.DLL
0x00007ffdb3df0000 - 0x00007ffdb3df8000 	C:\Windows\System32\NSI.dll
0x00007ffda6e30000 - 0x00007ffda6e47000 	C:\Windows\SYSTEM32\dhcpcsvc6.DLL
0x00007ffda7030000 - 0x00007ffda704d000 	C:\Windows\SYSTEM32\dhcpcsvc.DLL
0x00007ffdb15f0000 - 0x00007ffdb16ba000 	C:\Windows\SYSTEM32\DNSAPI.dll
0x00007ffd9cbb0000 - 0x00007ffd9cbc3000 	C:\Program Files\Eclipse Adoptium\jdk-8.0.382.5-hotspot\jre\bin\nio.dll
0x0000000180000000 - 0x0000000180053000 	C:\Users\abril\AppData\Local\Temp\libgdxabril\dc0f0009\lwjgl64.dll
0x00007ffd9bf80000 - 0x00007ffd9c0a5000 	C:\Windows\SYSTEM32\OPENGL32.dll
0x00007ffda6d30000 - 0x00007ffda6d5c000 	C:\Windows\SYSTEM32\GLU32.dll
0x000002757a200000 - 0x000002757a264000 	C:\Users\abril\AppData\Local\Temp\libgdxabril\dc0f0009\OpenAL64.dll
0x00007ffdb3e90000 - 0x00007ffdb3fbb000 	C:\Windows\System32\ole32.dll
0x00007ffdaf5a0000 - 0x00007ffdaf63e000 	C:\Windows\system32\uxtheme.dll
0x00007ffdb48a0000 - 0x00007ffdb4949000 	C:\Windows\System32\clbcatq.dll
0x00007ffd80760000 - 0x00007ffd807fc000 	C:\Windows\SYSTEM32\dsound.dll
0x00007ffdb1950000 - 0x00007ffdb199b000 	C:\Windows\SYSTEM32\powrprof.dll
0x00007ffd9be50000 - 0x00007ffd9be76000 	C:\Windows\SYSTEM32\winmmbase.dll
0x00007ffdb18c0000 - 0x00007ffdb18d2000 	C:\Windows\SYSTEM32\UMPDC.dll
0x00007ffda8bf0000 - 0x00007ffda8c75000 	C:\Windows\System32\MMDevApi.dll
0x00007ffdb1f20000 - 0x00007ffdb1f53000 	C:\Windows\System32\DEVOBJ.dll
0x00007ffdb28e0000 - 0x00007ffdb292e000 	C:\Windows\System32\cfgmgr32.dll
0x00007ffda8cc0000 - 0x00007ffda8e42000 	C:\Windows\SYSTEM32\AUDIOSES.DLL
0x00007ffdb2df0000 - 0x00007ffdb2ebd000 	C:\Windows\System32\OLEAUT32.dll
0x00007ffdaf680000 - 0x00007ffdaf694000 	C:\Windows\SYSTEM32\resourcepolicyclient.dll
0x00007ffdab710000 - 0x00007ffdab7be000 	C:\Windows\SYSTEM32\mscms.dll
0x00007ffdab6a0000 - 0x00007ffdab6b1000 	C:\Windows\SYSTEM32\ColorAdapterClient.dll
0x00007ffd992a0000 - 0x00007ffd992e3000 	C:\Windows\System32\Windows.Internal.Graphics.Display.DisplayColorManagement.dll
0x00007ffdb2bb0000 - 0x00007ffdb2cc4000 	C:\Windows\System32\MSCTF.dll
0x00007ffda7440000 - 0x00007ffda7542000 	C:\Windows\System32\AppXDeploymentClient.dll
0x00007ffd4e420000 - 0x00007ffd4f427000 	C:\Windows\System32\DriverStore\FileRepository\iigd_dch.inf_amd64_044fd6f0c2ae28a8\ig12icd64.dll
0x00007ffdaf780000 - 0x00007ffdaf7af000 	C:\Windows\system32\dwmapi.dll
0x00007ffdb0a30000 - 0x00007ffdb0b23000 	C:\Windows\system32\dxgi.dll
0x00007ffd6f760000 - 0x00007ffd6fb59000 	C:\Windows\System32\DriverStore\FileRepository\iigd_dch.inf_amd64_044fd6f0c2ae28a8\igdml64.dll
0x00007ffd992f0000 - 0x00007ffd995b4000 	C:\Windows\System32\DriverStore\FileRepository\iigd_dch.inf_amd64_044fd6f0c2ae28a8\igdgmm64.dll
0x00007ffd9d910000 - 0x00007ffd9da0a000 	C:\Windows\SYSTEM32\textinputframework.dll
0x00007ffdaa970000 - 0x00007ffdaaccb000 	C:\Windows\System32\CoreUIComponents.dll
0x00007ffdab0e0000 - 0x00007ffdab1d2000 	C:\Windows\System32\CoreMessaging.dll
0x00007ffdb12f0000 - 0x00007ffdb1323000 	C:\Windows\SYSTEM32\ntmarta.dll
0x00007ffdabd00000 - 0x00007ffdabe55000 	C:\Windows\SYSTEM32\wintypes.dll
0x00007ffda5ac0000 - 0x00007ffda5b03000 	C:\Windows\SYSTEM32\icm32.dll
0x00007ffd96200000 - 0x00007ffd98d94000 	C:\Windows\System32\DriverStore\FileRepository\iigd_dch.inf_amd64_044fd6f0c2ae28a8\igc64.dll
0x00007ffdaff40000 - 0x00007ffdb0124000 	C:\Windows\SYSTEM32\dbghelp.dll

VM Arguments:
jvm_args: -Duser.language=es_AR -Dfile.encoding=UTF-8 
java_command: org.uqbar.project.wollok.launch.WollokLauncher -requestsPort 0 -eventsPort 0 -folder -dontValidate -wf src/juego.wpgm
java_class_path (initial): C:\Users\abril\OneDrive\Documentos\UTN\Nivel 2\Paradigmas\Objetos\2023-objetos-tp-integrador-playadito__\bin;C:\Wollok\plugins\com.ibm.icu_64.2.0.v20190507-1337.jar;C:\Wollok\plugins\org.eclipse.xtext_2.20.0.v20191202-0915.jar;C:\Wollok\plugins\org.eclipse.emf.ecore.xmi_2.16.0.v20190528-0725.jar;C:\Wollok\plugins\org.eclipse.emf.ecore_2.20.0.v20190920-0401.jar;C:\Wollok\plugins\org.eclipse.emf.common_2.17.0.v20190920-0401.jar;C:\Wollok\plugins\org.antlr.runtime_3.2.0.v201101311130.jar;C:\Wollok\plugins\com.google.inject_3.0.0.v201605172100.jar;C:\Wollok\plugins\org.eclipse.emf.mwe.core_1.5.1.v20191121-1148.jar;C:\Wollok\plugins\org.apache.commons.cli_1.2.0.v201404270220.jar;C:\Wollok\plugins\org.eclipse.emf.mwe2.runtime_2.11.1.v20191121-1148.jar;C:\Wollok\plugins\org.eclipse.emf.mwe.utils_1.5.1.v20191121-1148.jar;C:\Wollok\plugins\org.eclipse.xtext.util_2.20.0.v20191202-0915.jar;C:\Wollok\plugins\com.google.guava_27.1.0.v20190517-1946.jar;C:\Wollok\plugins\javax.inject_1.0.0.v20091030.jar;C:\Wollok\plugins\org.eclipse.xtext.generator_2.20.0.v20191202-0933.jar;C:\Wollok\plugins\org.eclipse.xtext.xtext.generator_2.20.0.v20191202-0915.jar;C:\Wollok\plugins\org.eclipse.xtext.xbase.lib_2.20.0.v20191202-0907.jar;C:\Wollok\plugins\org.eclipse.emf.codegen.ecore_2.20.0.v20191012-0918.jar;C:\Wollok\plugins\org.eclipse.emf.codegen_2.19.0.v20190821-1536.jar;C:\Wollok\plugins\org.eclipse.xtend_2.2.0.v201605260315.jar;C:\Wollok\plugins\org.eclipse.xpand_2.2.0.v201605260315.jar;C:\Wollok\plugins\org.eclipse.xtend.typesystem.emf_2.2.0.v201605260315.jar;C:\Wollok\plugins\org.uqbar.project.wollok_3.0.0.jar;C:\Wollok\plugins\org.eclipse.xtext.xbase_2.20.0.v20191202-0933.jar;C:\Wollok\plugins\org.eclipse.xtext.common.types_2.20.0.v20191202-0933.jar;C:\Wollok\plugins\org.eclipse.xtend.lib_2.20.0.v20191202-0907.jar;C:\Wollok\plugins\org.eclipse.xtend.lib.macro_2.20.0.v20191202-0907.jar;C:\Wollok\plugins\org.apache.commons.collections_3.2.2.v201511171945.jar;C
Launcher Type: SUN_STANDARD

Environment Variables:
JAVA_HOME=C:\Program Files\Eclipse Adoptium\jdk-8.0.382.5-hotspot\
PATH=C:/Program Files/Eclipse Adoptium/jdk-8.0.382.5-hotspot/bin/../jre/bin/server;C:/Program Files/Eclipse Adoptium/jdk-8.0.382.5-hotspot/bin/../jre/bin;C:/Program Files/Eclipse Adoptium/jdk-8.0.382.5-hotspot/bin/../jre/lib/amd64;C:\Program Files\Eclipse Adoptium\jdk-8.0.382.5-hotspot\bin;C:\Python311\Scripts\;C:\Python311\;C:\Windows\system32;C:\Windows;C:\Windows\System32\Wbem;C:\Windows\System32\WindowsPowerShell\v1.0\;C:\Windows\System32\OpenSSH\;C:\Program Files\Git\cmd;C:\Program Files\dotnet\;C:\MinGW\bin;C:\MinGW\msys\1.0\bin;C:\Program Files\swipl\bin;C:\Program Files\nodejs\;C:\ProgramData\chocolatey\bin;C:\Users\abril\AppData\Local\Microsoft\WindowsApps;;C:\Users\abril\AppData\Local\Programs\Microsoft VS Code\bin;C:\ghcup\bin;C:\Users\abril\AppData\Roaming\npm;C:\Wollok;
USERNAME=abril
OS=Windows_NT
PROCESSOR_IDENTIFIER=Intel64 Family 6 Model 140 Stepping 1, GenuineIntel



---------------  S Y S T E M  ---------------

OS: Windows 10 , 64 bit Build 19041 (10.0.19041.3570)

CPU:total 8 (initial active 8) (4 cores per cpu, 2 threads per core) family 6 model 140 stepping 1, cmov, cx8, fxsr, mmx, sse, sse2, sse3, ssse3, sse4.1, sse4.2, popcnt, avx, avx2, aes, clmul, erms, 3dnowpref, lzcnt, ht, tsc, tscinvbit, bmi1, bmi2, adx

Memory: 4k page, physical 8075748k(3327160k free), swap 16565468k(5397804k free)

vm_info: OpenJDK 64-Bit Server VM (25.382-b05) for windows-amd64 JRE (1.8.0_382-b05), built on Jul 19 2023 15:37:29 by "jenkins" with MS VC++ 15.9 (VS2017)

time: Wed Oct 18 20:28:01 2023
timezone: Hora estándar de Argentina
elapsed time: 108.126957 seconds (0d 0h 1m 48s)

